2023-08-01 09:47:03.933 [info] Log level: Info
2023-08-01 09:47:03.933 [info] Validating found git in: "git"
2023-08-01 09:47:03.934 [info] Using git "2.17.1" from "git"
2023-08-01 09:47:03.934 [info] > git rev-parse --show-toplevel [119ms]
2023-08-01 09:47:03.934 [info] fatal: not a git repository (or any of the parent directories): .git
2023-08-01 09:47:03.934 [info] > git rev-parse --show-toplevel [13ms]
2023-08-01 09:47:03.934 [info] fatal: not a git repository (or any of the parent directories): .git
2023-08-01 09:47:03.934 [info] > git rev-parse --show-toplevel [5ms]
2023-08-01 09:47:03.934 [info] fatal: not a git repository (or any of the parent directories): .git
2023-08-01 09:47:03.934 [info] > git rev-parse --show-toplevel [16ms]
2023-08-01 09:47:03.934 [info] fatal: not a git repository (or any of the parent directories): .git
2023-08-01 09:47:03.934 [info] > git rev-parse --show-toplevel [7ms]
2023-08-01 09:47:03.934 [info] fatal: not a git repository (or any of the parent directories): .git
2023-08-01 09:47:03.934 [info] > git rev-parse --show-toplevel [9ms]
2023-08-01 09:47:03.934 [info] fatal: not a git repository (or any of the parent directories): .git
2023-08-01 09:47:03.934 [info] > git rev-parse --show-toplevel [6ms]
2023-08-01 09:47:03.934 [info] fatal: not a git repository (or any of the parent directories): .git
2023-08-01 09:47:03.934 [info] > git rev-parse --show-toplevel [13ms]
2023-08-01 09:47:03.934 [info] fatal: not a git repository (or any of the parent directories): .git
2023-08-01 09:47:03.934 [info] > git rev-parse --show-toplevel [1290ms]
2023-08-01 09:47:03.934 [info] fatal: not a git repository (or any of the parent directories): .git
2023-08-01 09:47:03.934 [info] > git rev-parse --show-toplevel [12ms]
2023-08-01 09:47:03.934 [info] fatal: not a git repository (or any of the parent directories): .git
2023-08-01 09:47:03.934 [info] > git rev-parse --show-toplevel [22ms]
2023-08-01 09:47:03.934 [info] fatal: not a git repository (or any of the parent directories): .git
2023-08-01 09:47:04.065 [info] > git rev-parse --show-toplevel [135ms]
2023-08-01 09:47:04.091 [info] > git rev-parse --git-dir --git-common-dir [4ms]
2023-08-01 09:47:04.124 [info] Open repository: /home/nvidia/jetson-inference
2023-08-01 09:47:04.182 [info] > git config --get commit.template [16ms]
2023-08-01 09:47:04.182 [info] > git rev-parse --show-toplevel [37ms]
2023-08-01 09:47:04.183 [info] fatal: not a git repository (or any of the parent directories): .git
2023-08-01 09:47:04.206 [info] > git rev-parse --show-toplevel [6ms]
2023-08-01 09:47:04.206 [info] fatal: not a git repository (or any of the parent directories): .git
2023-08-01 09:47:04.240 [info] > git for-each-ref --format=%(refname)%00%(upstream:short)%00%(objectname)%00%(upstream:track)%00%(upstream:remotename)%00%(upstream:remoteref) refs/heads/master refs/remotes/master [7ms]
2023-08-01 09:47:04.309 [info] > git rev-parse --show-toplevel [5ms]
2023-08-01 09:47:04.309 [info] fatal: not a git repository (or any of the parent directories): .git
2023-08-01 09:47:04.470 [info] > git status -z -uall [209ms]
2023-08-01 09:47:04.522 [info] > git config --get commit.template [4ms]
2023-08-01 09:47:04.546 [info] > git for-each-ref --format=%(refname)%00%(upstream:short)%00%(objectname)%00%(upstream:track)%00%(upstream:remotename)%00%(upstream:remoteref) refs/heads/master refs/remotes/master [4ms]
2023-08-01 09:47:04.745 [info] > git status -z -uall [182ms]
2023-08-01 09:47:04.757 [info] > git check-ignore -v -z --stdin [16ms]
2023-08-01 09:47:04.794 [info] > git rev-parse --show-toplevel [8ms]
2023-08-01 09:47:04.794 [info] fatal: not a git repository (or any of the parent directories): .git
2023-08-01 09:47:05.284 [info] > git rev-parse --show-toplevel [13ms]
2023-08-01 09:47:05.309 [info] > git rev-parse --git-dir --git-common-dir [6ms]
2023-08-01 09:47:05.327 [info] Open repository: /home/nvidia/jetson-inference/utils
2023-08-01 09:47:05.369 [info] > git rev-parse --show-toplevel [22ms]
2023-08-01 09:47:05.390 [info] > git config --get commit.template [23ms]
2023-08-01 09:47:05.391 [info] > git rev-parse --git-dir --git-common-dir [5ms]
2023-08-01 09:47:05.404 [info] Open repository: /home/nvidia/jetson-inference/tools/camera-capture
2023-08-01 09:47:05.474 [info] > git config --get commit.template [12ms]
2023-08-01 09:47:05.474 [info] > git for-each-ref --format %(refname) %(objectname) %(*objectname) refs/tags [31ms]
2023-08-01 09:47:05.493 [info] > git rev-parse --show-toplevel [71ms]
2023-08-01 09:47:05.534 [info] > git rev-parse --git-dir --git-common-dir [22ms]
2023-08-01 09:47:05.548 [info] Open repository: /home/nvidia/jetson-inference/python/training/classification
2023-08-01 09:47:05.588 [info] > git status -z -uall [95ms]
2023-08-01 09:47:05.588 [info] > git for-each-ref --format %(refname) %(objectname) %(*objectname) refs/tags [57ms]
2023-08-01 09:47:05.648 [info] > git status -z -uall [42ms]
2023-08-01 09:47:05.661 [info] > git config --get commit.template [75ms]
2023-08-01 09:47:05.662 [info] > git rev-parse --show-toplevel [95ms]
2023-08-01 09:47:05.710 [info] > git rev-parse --git-dir --git-common-dir [29ms]
2023-08-01 09:47:05.722 [info] Open repository: /home/nvidia/jetson-inference/python/training/detection
2023-08-01 09:47:05.742 [info] > git config --get commit.template [95ms]
2023-08-01 09:47:05.782 [info] > git rev-parse --show-toplevel [42ms]
2023-08-01 09:47:05.801 [info] > git config --get commit.template [93ms]
2023-08-01 09:47:05.822 [info] > git config --get commit.template [42ms]
2023-08-01 09:47:05.823 [info] > git for-each-ref --format %(refname) %(objectname) %(*objectname) refs/tags [62ms]
2023-08-01 09:47:05.862 [info] > git for-each-ref --format %(refname) %(objectname) %(*objectname) refs/tags [42ms]
2023-08-01 09:47:05.881 [info] > git rev-parse --git-dir --git-common-dir [80ms]
2023-08-01 09:47:05.893 [info] Open repository: /home/nvidia/jetson-inference/python/training/segmentation
2023-08-01 09:47:05.957 [info] > git status -z -uall [115ms]
2023-08-01 09:47:05.957 [info] > git status -z -uall [77ms]
2023-08-01 09:47:05.958 [info] > git rev-parse --show-toplevel [45ms]
2023-08-01 09:47:05.976 [info] > git for-each-ref --format %(refname) %(objectname) %(*objectname) refs/tags [116ms]
2023-08-01 09:47:06.027 [info] > git status -z -uall [34ms]
2023-08-01 09:47:06.032 [info] > git rev-parse --git-dir --git-common-dir [57ms]
2023-08-01 09:47:06.042 [info] Open repository: /home/nvidia/jetson-inference/c/plugins/pose
2023-08-01 09:47:06.062 [info] > git config --get commit.template [107ms]
2023-08-01 09:47:06.063 [info] > git for-each-ref --format %(refname) %(objectname) %(*objectname) refs/tags [127ms]
2023-08-01 09:47:06.107 [info] > git status -z -uall [26ms]
2023-08-01 09:47:06.107 [info] > git rev-parse --show-toplevel [46ms]
2023-08-01 09:47:06.126 [info] > git config --get commit.template [101ms]
2023-08-01 09:47:06.147 [info] > git config --get commit.template [41ms]
2023-08-01 09:47:06.201 [info] > git for-each-ref --format %(refname) %(objectname) %(*objectname) refs/tags [58ms]
2023-08-01 09:47:06.220 [info] > git rev-parse --git-dir --git-common-dir [95ms]
2023-08-01 09:47:06.232 [info] Open repository: /home/nvidia/jetson-inference/docker/containers
2023-08-01 09:47:06.334 [info] > git status -z -uall [115ms]
2023-08-01 09:47:06.335 [info] > git rev-parse --show-toplevel [84ms]
2023-08-01 09:47:06.365 [info] > git config --get commit.template [166ms]
2023-08-01 09:47:06.366 [info] > git for-each-ref --format %(refname) %(objectname) %(*objectname) refs/tags [186ms]
2023-08-01 09:47:06.407 [info] > git status -z -uall [23ms]
2023-08-01 09:47:06.407 [info] > git rev-parse --git-dir --git-common-dir [55ms]
2023-08-01 09:47:06.423 [info] Open repository: /home/nvidia/jetson-inference/ros
2023-08-01 09:47:06.425 [info] > git config --get commit.template [94ms]
2023-08-01 09:47:06.425 [info] > git for-each-ref --format %(refname) %(objectname) %(*objectname) refs/tags [112ms]
2023-08-01 09:47:06.503 [info] > git status -z -uall [60ms]
2023-08-01 09:47:06.515 [info] > git config --get commit.template [110ms]
2023-08-01 09:47:06.557 [info] > git check-ignore -v -z --stdin [94ms]
2023-08-01 09:47:06.559 [info] > git config --get commit.template [59ms]
2023-08-01 09:47:06.560 [info] > git for-each-ref --format %(refname) %(objectname) %(*objectname) refs/tags [78ms]
2023-08-01 09:47:06.598 [info] > git status -z -uall [21ms]
2023-08-01 09:47:06.599 [info] > git config --get commit.template [44ms]
2023-08-01 09:47:06.599 [info] > git for-each-ref --format %(refname) %(objectname) %(*objectname) refs/tags [62ms]
2023-08-01 09:47:06.650 [info] > git status -z -uall [33ms]
2023-08-01 09:47:06.650 [info] > git for-each-ref --format %(refname) %(objectname) %(*objectname) refs/tags [54ms]
2023-08-01 09:47:06.693 [info] > git status -z -uall [25ms]
2023-08-01 09:47:06.697 [info] > git for-each-ref --format %(refname) %(objectname) %(*objectname) refs/tags [60ms]
2023-08-01 09:47:06.748 [info] > git status -z -uall [34ms]
2023-08-01 09:47:06.760 [info] > git for-each-ref --format %(refname) %(objectname) %(*objectname) refs/tags [69ms]
2023-08-01 09:47:06.813 [info] > git config --get commit.template [68ms]
2023-08-01 09:47:06.823 [info] > git status -z -uall [46ms]
2023-08-01 09:47:06.824 [info] > git config --get commit.template [27ms]
2023-08-01 09:47:06.908 [info] > git for-each-ref --format %(refname) %(objectname) %(*objectname) refs/tags [24ms]
2023-08-01 09:47:06.965 [info] > git status -z -uall [38ms]
2023-08-01 09:47:06.969 [info] > git for-each-ref --format %(refname) %(objectname) %(*objectname) refs/tags [63ms]
2023-08-01 09:47:06.996 [info] > git status -z -uall [9ms]
2023-08-01 09:47:07.195 [info] > git rev-parse --show-toplevel [4ms]
2023-08-01 09:47:07.220 [info] > git rev-parse --git-dir --git-common-dir [2ms]
2023-08-01 09:47:07.234 [info] Open repository: /home/nvidia/jetson-inference/python/training/detection/ssd
2023-08-01 09:47:07.259 [info] > git config --get commit.template [3ms]
2023-08-01 09:47:07.280 [info] > git for-each-ref --format %(refname) %(objectname) %(*objectname) refs/tags [4ms]
2023-08-01 09:47:07.310 [info] > git status -z -uall [10ms]
2023-08-01 09:47:07.359 [info] > git config --get commit.template [11ms]
2023-08-01 09:47:07.385 [info] > git for-each-ref --format %(refname) %(objectname) %(*objectname) refs/tags [6ms]
2023-08-01 09:47:07.427 [info] > git status -z -uall [12ms]
2023-08-01 09:47:07.516 [info] > git check-ignore -v -z --stdin [4ms]
2023-08-01 09:49:08.856 [info] > git config --get commit.template [18ms]
2023-08-01 09:49:08.858 [info] > git config --get commit.template [4ms]
2023-08-01 09:49:08.892 [info] > git for-each-ref --format=%(refname)%00%(upstream:short)%00%(objectname)%00%(upstream:track)%00%(upstream:remotename)%00%(upstream:remoteref) refs/heads/master refs/remotes/master [18ms]
2023-08-01 09:49:08.912 [info] > git for-each-ref --format %(refname) %(objectname) %(*objectname) refs/tags [22ms]
2023-08-01 09:49:08.932 [info] > git status -z -uall [5ms]
2023-08-01 09:49:09.065 [info] > git status -z -uall [156ms]
2023-08-01 09:49:27.173 [info] > git check-ignore -v -z --stdin [46ms]
2023-08-01 09:49:27.176 [info] > git check-ignore -v -z --stdin [32ms]
2023-08-01 09:49:27.177 [info] > git check-ignore -v -z --stdin [15ms]
2023-08-01 09:49:27.722 [info] > git check-ignore -v -z --stdin [7ms]
2023-08-01 09:49:28.242 [info] > git check-ignore -v -z --stdin [4ms]
2023-08-01 09:49:29.772 [info] > git check-ignore -v -z --stdin [5ms]
2023-08-01 09:49:34.511 [info] > git check-ignore -v -z --stdin [4ms]
2023-08-01 09:49:36.888 [info] > git check-ignore -v -z --stdin [6ms]
2023-08-01 09:49:38.440 [info] > git check-ignore -v -z --stdin [4ms]
2023-08-01 09:49:43.091 [info] > git check-ignore -v -z --stdin [14ms]
2023-08-01 09:49:47.182 [info] > git config --get commit.template [18ms]
2023-08-01 09:49:47.184 [info] > git config --get commit.template [4ms]
2023-08-01 09:49:47.219 [info] > git for-each-ref --format=%(refname)%00%(upstream:short)%00%(objectname)%00%(upstream:track)%00%(upstream:remotename)%00%(upstream:remoteref) refs/heads/master refs/remotes/master [19ms]
2023-08-01 09:49:47.237 [info] > git for-each-ref --format %(refname) %(objectname) %(*objectname) refs/tags [19ms]
2023-08-01 09:49:47.259 [info] > git status -z -uall [6ms]
2023-08-01 09:49:47.391 [info] > git status -z -uall [156ms]
2023-08-01 09:49:49.501 [info] > git check-ignore -v -z --stdin [4ms]
2023-08-01 09:49:51.747 [info] > git check-ignore -v -z --stdin [4ms]
2023-08-01 09:50:01.213 [info] > git check-ignore -v -z --stdin [2ms]
2023-08-01 09:50:03.943 [info] > git check-ignore -v -z --stdin [4ms]
2023-08-01 09:50:05.812 [info] > git check-ignore -v -z --stdin [2ms]
2023-08-01 09:50:06.739 [info] > git check-ignore -v -z --stdin [3ms]
2023-08-01 09:50:07.797 [info] > git check-ignore -v -z --stdin [2ms]
2023-08-01 09:50:09.399 [info] > git check-ignore -v -z --stdin [3ms]
2023-08-01 09:50:17.187 [info] > git config --get commit.template [18ms]
2023-08-01 09:50:19.410 [info] > git config --get commit.template [2225ms]
2023-08-01 09:50:19.447 [info] > git for-each-ref --format=%(refname)%00%(upstream:short)%00%(objectname)%00%(upstream:track)%00%(upstream:remotename)%00%(upstream:remoteref) refs/heads/master refs/remotes/master [20ms]
2023-08-01 09:50:19.477 [info] > git for-each-ref --format %(refname) %(objectname) %(*objectname) refs/tags [33ms]
2023-08-01 09:50:19.501 [info] > git status -z -uall [7ms]
2023-08-01 09:50:19.622 [info] > git status -z -uall [158ms]
2023-08-01 09:50:20.021 [info] > git check-ignore -v -z --stdin [4ms]
2023-08-01 09:50:27.498 [info] > git check-ignore -v -z --stdin [4ms]
2023-08-01 09:50:30.603 [info] > git check-ignore -v -z --stdin [36ms]
2023-08-01 09:50:30.604 [info] > git check-ignore -v -z --stdin [20ms]
2023-08-01 09:50:30.605 [info] > git check-ignore -v -z --stdin [5ms]
2023-08-01 09:50:32.138 [info] > git check-ignore -v -z --stdin [3ms]
2023-08-01 09:50:33.606 [info] > git check-ignore -v -z --stdin [3ms]
2023-08-01 09:50:36.757 [info] > git config --get commit.template [17ms]
2023-08-01 09:50:36.758 [info] > git config --get commit.template [3ms]
2023-08-01 09:50:36.791 [info] > git for-each-ref --format=%(refname)%00%(upstream:short)%00%(objectname)%00%(upstream:track)%00%(upstream:remotename)%00%(upstream:remoteref) refs/heads/master refs/remotes/master [18ms]
2023-08-01 09:50:36.811 [info] > git for-each-ref --format %(refname) %(objectname) %(*objectname) refs/tags [21ms]
2023-08-01 09:50:36.839 [info] > git status -z -uall [7ms]
2023-08-01 09:50:36.990 [info] > git status -z -uall [180ms]
2023-08-01 09:50:46.612 [info] > git config --get commit.template [20ms]
2023-08-01 09:50:46.631 [info] > git config --get commit.template [22ms]
2023-08-01 09:50:46.651 [info] > git for-each-ref --format=%(refname)%00%(upstream:short)%00%(objectname)%00%(upstream:track)%00%(upstream:remotename)%00%(upstream:remoteref) refs/heads/master refs/remotes/master [22ms]
2023-08-01 09:50:46.670 [info] > git for-each-ref --format %(refname) %(objectname) %(*objectname) refs/tags [20ms]
2023-08-01 09:50:46.695 [info] > git status -z -uall [6ms]
2023-08-01 09:50:46.837 [info] > git status -z -uall [168ms]
2023-08-01 09:51:14.779 [info] > git config --get commit.template [18ms]
2023-08-01 09:51:14.780 [info] > git config --get commit.template [3ms]
2023-08-01 09:51:14.814 [info] > git for-each-ref --format=%(refname)%00%(upstream:short)%00%(objectname)%00%(upstream:track)%00%(upstream:remotename)%00%(upstream:remoteref) refs/heads/master refs/remotes/master [17ms]
2023-08-01 09:51:14.834 [info] > git for-each-ref --format %(refname) %(objectname) %(*objectname) refs/tags [21ms]
2023-08-01 09:51:14.855 [info] > git status -z -uall [5ms]
2023-08-01 09:51:14.990 [info] > git status -z -uall [157ms]
2023-08-01 09:51:54.530 [info] > git config --get commit.template [17ms]
2023-08-01 09:51:54.532 [info] > git config --get commit.template [3ms]
2023-08-01 09:51:54.565 [info] > git for-each-ref --format=%(refname)%00%(upstream:short)%00%(objectname)%00%(upstream:track)%00%(upstream:remotename)%00%(upstream:remoteref) refs/heads/master refs/remotes/master [17ms]
2023-08-01 09:51:54.582 [info] > git for-each-ref --format %(refname) %(objectname) %(*objectname) refs/tags [18ms]
2023-08-01 09:51:54.604 [info] > git status -z -uall [6ms]
2023-08-01 09:51:54.735 [info] > git status -z -uall [154ms]
2023-08-01 09:52:45.522 [info] > git config --get commit.template [20ms]
2023-08-01 09:52:45.556 [info] > git config --get commit.template [36ms]
2023-08-01 09:52:45.557 [info] > git for-each-ref --format=%(refname)%00%(upstream:short)%00%(objectname)%00%(upstream:track)%00%(upstream:remotename)%00%(upstream:remoteref) refs/heads/master refs/remotes/master [19ms]
2023-08-01 09:52:45.574 [info] > git for-each-ref --format %(refname) %(objectname) %(*objectname) refs/tags [20ms]
2023-08-01 09:52:45.596 [info] > git status -z -uall [5ms]
2023-08-01 09:52:45.731 [info] > git status -z -uall [159ms]
2023-08-01 09:53:44.029 [info] > git config --get commit.template [18ms]
2023-08-01 09:53:44.030 [info] > git config --get commit.template [3ms]
2023-08-01 09:53:44.063 [info] > git for-each-ref --format=%(refname)%00%(upstream:short)%00%(objectname)%00%(upstream:track)%00%(upstream:remotename)%00%(upstream:remoteref) refs/heads/master refs/remotes/master [16ms]
2023-08-01 09:53:44.080 [info] > git for-each-ref --format %(refname) %(objectname) %(*objectname) refs/tags [19ms]
2023-08-01 09:53:44.101 [info] > git status -z -uall [5ms]
2023-08-01 09:53:44.236 [info] > git status -z -uall [157ms]
