2023-08-01 09:15:17.171 [info] Log level: Info
2023-08-01 09:15:17.171 [info] Validating found git in: "git"
2023-08-01 09:15:17.171 [info] Using git "2.17.1" from "git"
2023-08-01 09:15:17.171 [info] > git rev-parse --show-toplevel [126ms]
2023-08-01 09:15:17.171 [info] fatal: not a git repository (or any of the parent directories): .git
2023-08-01 09:15:17.171 [info] > git rev-parse --show-toplevel [17ms]
2023-08-01 09:15:17.171 [info] fatal: not a git repository (or any of the parent directories): .git
2023-08-01 09:15:17.171 [info] > git rev-parse --show-toplevel [57ms]
2023-08-01 09:15:17.171 [info] fatal: not a git repository (or any of the parent directories): .git
2023-08-01 09:15:17.171 [info] > git rev-parse --show-toplevel [14ms]
2023-08-01 09:15:17.171 [info] fatal: not a git repository (or any of the parent directories): .git
2023-08-01 09:15:17.171 [info] > git rev-parse --show-toplevel [3ms]
2023-08-01 09:15:17.171 [info] fatal: not a git repository (or any of the parent directories): .git
2023-08-01 09:15:17.171 [info] > git rev-parse --show-toplevel [4ms]
2023-08-01 09:15:17.171 [info] fatal: not a git repository (or any of the parent directories): .git
2023-08-01 09:15:17.171 [info] > git rev-parse --show-toplevel [5ms]
2023-08-01 09:15:17.171 [info] fatal: not a git repository (or any of the parent directories): .git
2023-08-01 09:15:17.171 [info] > git rev-parse --show-toplevel [4ms]
2023-08-01 09:15:17.171 [info] fatal: not a git repository (or any of the parent directories): .git
2023-08-01 09:15:17.171 [info] > git rev-parse --show-toplevel [5ms]
2023-08-01 09:15:17.171 [info] fatal: not a git repository (or any of the parent directories): .git
2023-08-01 09:15:17.171 [info] > git rev-parse --show-toplevel [5ms]
2023-08-01 09:15:17.171 [info] fatal: not a git repository (or any of the parent directories): .git
2023-08-01 09:15:17.171 [info] > git rev-parse --show-toplevel [4ms]
2023-08-01 09:15:17.171 [info] fatal: not a git repository (or any of the parent directories): .git
2023-08-01 09:15:17.171 [info] > git rev-parse --show-toplevel [11ms]
2023-08-01 09:15:17.171 [info] > git rev-parse --git-dir --git-common-dir [5ms]
2023-08-01 09:15:17.171 [info] Open repository: /home/nvidia/jetson-inference
2023-08-01 09:15:17.171 [info] > git rev-parse --show-toplevel [23ms]
2023-08-01 09:15:17.171 [info] fatal: not a git repository (or any of the parent directories): .git
2023-08-01 09:15:17.171 [info] > git config --get commit.template [112ms]
2023-08-01 09:15:17.171 [info] > git rev-parse --show-toplevel [158ms]
2023-08-01 09:15:17.172 [info] fatal: not a git repository (or any of the parent directories): .git
2023-08-01 09:15:17.206 [info] > git for-each-ref --format=%(refname)%00%(upstream:short)%00%(objectname)%00%(upstream:track)%00%(upstream:remotename)%00%(upstream:remoteref) refs/heads/master refs/remotes/master [41ms]
2023-08-01 09:15:17.731 [info] > git check-ignore -v -z --stdin [8ms]
2023-08-01 09:15:20.060 [info] > git status -z -uall [2834ms]
2023-08-01 09:15:20.118 [info] > git config --get commit.template [8ms]
2023-08-01 09:15:20.144 [info] > git for-each-ref --format=%(refname)%00%(upstream:short)%00%(objectname)%00%(upstream:track)%00%(upstream:remotename)%00%(upstream:remoteref) refs/heads/master refs/remotes/master [7ms]
2023-08-01 09:15:20.621 [info] > git rev-parse --show-toplevel [13ms]
2023-08-01 09:15:20.661 [info] > git rev-parse --git-dir --git-common-dir [18ms]
2023-08-01 09:15:20.676 [info] Open repository: /home/nvidia/jetson-inference/utils
2023-08-01 09:15:20.729 [info] > git rev-parse --show-toplevel [23ms]
2023-08-01 09:15:20.756 [info] > git config --get commit.template [30ms]
2023-08-01 09:15:20.804 [info] > git rev-parse --git-dir --git-common-dir [50ms]
2023-08-01 09:15:20.836 [info] Open repository: /home/nvidia/jetson-inference/tools/camera-capture
2023-08-01 09:15:20.884 [info] > git for-each-ref --format %(refname) %(objectname) %(*objectname) refs/tags [83ms]
2023-08-01 09:15:20.943 [info] > git config --get commit.template [61ms]
2023-08-01 09:15:20.944 [info] > git rev-parse --show-toplevel [90ms]
2023-08-01 09:15:21.025 [info] > git rev-parse --git-dir --git-common-dir [45ms]
2023-08-01 09:15:21.040 [info] Open repository: /home/nvidia/jetson-inference/python/training/classification
2023-08-01 09:15:21.096 [info] > git status -z -uall [179ms]
2023-08-01 09:15:21.097 [info] > git for-each-ref --format %(refname) %(objectname) %(*objectname) refs/tags [74ms]
2023-08-01 09:15:21.225 [info] > git status -z -uall [99ms]
2023-08-01 09:15:21.251 [info] > git config --get commit.template [157ms]
2023-08-01 09:15:21.252 [info] > git rev-parse --show-toplevel [183ms]
2023-08-01 09:15:21.289 [info] > git status -z -uall [1123ms]
2023-08-01 09:15:21.289 [info] > git config --get commit.template [66ms]
2023-08-01 09:15:21.323 [info] > git config --get commit.template [36ms]
2023-08-01 09:15:21.324 [info] > git rev-parse --git-dir --git-common-dir [55ms]
2023-08-01 09:15:21.339 [info] Open repository: /home/nvidia/jetson-inference/python/training/detection
2023-08-01 09:15:21.408 [info] > git for-each-ref --format %(refname) %(objectname) %(*objectname) refs/tags [88ms]
2023-08-01 09:15:21.453 [info] > git status -z -uall [26ms]
2023-08-01 09:15:21.453 [info] > git config --get commit.template [47ms]
2023-08-01 09:15:21.454 [info] > git for-each-ref --format %(refname) %(objectname) %(*objectname) refs/tags [75ms]
2023-08-01 09:15:21.476 [info] > git rev-parse --show-toplevel [117ms]
2023-08-01 09:15:21.510 [info] > git for-each-ref --format %(refname) %(objectname) %(*objectname) refs/tags [60ms]
2023-08-01 09:15:21.616 [info] > git status -z -uall [142ms]
2023-08-01 09:15:21.617 [info] > git status -z -uall [59ms]
2023-08-01 09:15:21.626 [info] > git rev-parse --git-dir --git-common-dir [119ms]
2023-08-01 09:15:21.639 [info] Open repository: /home/nvidia/jetson-inference/python/training/segmentation
2023-08-01 09:15:21.706 [info] > git config --get commit.template [91ms]
2023-08-01 09:15:21.706 [info] > git for-each-ref --format %(refname) %(objectname) %(*objectname) refs/tags [115ms]
2023-08-01 09:15:21.756 [info] > git status -z -uall [31ms]
2023-08-01 09:15:21.776 [info] > git config --get commit.template [72ms]
2023-08-01 09:15:21.777 [info] > git rev-parse --show-toplevel [101ms]
2023-08-01 09:15:21.837 [info] > git check-ignore -v -z --stdin [86ms]
2023-08-01 09:15:21.862 [info] > git for-each-ref --format %(refname) %(objectname) %(*objectname) refs/tags [44ms]
2023-08-01 09:15:21.888 [info] > git rev-parse --git-dir --git-common-dir [95ms]
2023-08-01 09:15:21.907 [info] Open repository: /home/nvidia/jetson-inference/c/plugins/pose
2023-08-01 09:15:21.951 [info] > git status -z -uall [64ms]
2023-08-01 09:15:21.957 [info] > git for-each-ref --format %(refname) %(objectname) %(*objectname) refs/tags [98ms]
2023-08-01 09:15:21.976 [info] > git config --get commit.template [139ms]
2023-08-01 09:15:22.001 [info] > git status -z -uall [26ms]
2023-08-01 09:15:22.001 [info] > git config --get commit.template [53ms]
2023-08-01 09:15:22.002 [info] > git rev-parse --show-toplevel [75ms]
2023-08-01 09:15:22.071 [info] > git rev-parse --git-dir --git-common-dir [51ms]
2023-08-01 09:15:22.084 [info] Open repository: /home/nvidia/jetson-inference/docker/containers
2023-08-01 09:15:22.127 [info] > git for-each-ref --format %(refname) %(objectname) %(*objectname) refs/tags [129ms]
2023-08-01 09:15:22.282 [info] > git status -z -uall [119ms]
2023-08-01 09:15:22.290 [info] > git rev-parse --show-toplevel [158ms]
2023-08-01 09:15:22.354 [info] > git config --get commit.template [67ms]
2023-08-01 09:15:22.359 [info] > git config --get commit.template [105ms]
2023-08-01 09:15:22.366 [info] > git for-each-ref --format %(refname) %(objectname) %(*objectname) refs/tags [148ms]
2023-08-01 09:15:22.439 [info] > git status -z -uall [33ms]
2023-08-01 09:15:22.443 [info] > git rev-parse --git-dir --git-common-dir [108ms]
2023-08-01 09:15:22.479 [info] Open repository: /home/nvidia/jetson-inference/ros
2023-08-01 09:15:22.684 [info] > git config --get commit.template [79ms]
2023-08-01 09:15:22.685 [info] > git for-each-ref --format %(refname) %(objectname) %(*objectname) refs/tags [100ms]
2023-08-01 09:15:22.702 [info] > git for-each-ref --format %(refname) %(objectname) %(*objectname) refs/tags [137ms]
2023-08-01 09:15:22.726 [info] > git rev-parse --show-toplevel [190ms]
2023-08-01 09:15:22.763 [info] > git check-ignore -v -z --stdin [120ms]
2023-08-01 09:15:22.764 [info] > git status -z -uall [63ms]
2023-08-01 09:15:22.765 [info] > git status -z -uall [40ms]
2023-08-01 09:15:22.784 [info] > git config --get commit.template [103ms]
2023-08-01 09:15:22.847 [info] > git rev-parse --git-dir --git-common-dir [90ms]
2023-08-01 09:15:22.876 [info] Open repository: /home/nvidia/jetson-inference/python/training/detection/ssd
2023-08-01 09:15:22.967 [info] > git config --get commit.template [123ms]
2023-08-01 09:15:22.967 [info] > git for-each-ref --format %(refname) %(objectname) %(*objectname) refs/tags [157ms]
2023-08-01 09:15:22.992 [info] > git config --get commit.template [53ms]
2023-08-01 09:15:22.993 [info] > git for-each-ref --format %(refname) %(objectname) %(*objectname) refs/tags [82ms]
2023-08-01 09:15:23.037 [info] > git status -z -uall [53ms]
2023-08-01 09:15:23.037 [info] > git status -z -uall [27ms]
2023-08-01 09:15:23.095 [info] > git for-each-ref --format %(refname) %(objectname) %(*objectname) refs/tags [60ms]
2023-08-01 09:15:23.123 [info] > git config --get commit.template [30ms]
2023-08-01 09:15:23.123 [info] > git for-each-ref --format %(refname) %(objectname) %(*objectname) refs/tags [52ms]
2023-08-01 09:15:23.181 [info] > git status -z -uall [66ms]
2023-08-01 09:15:23.182 [info] > git status -z -uall [42ms]
2023-08-01 09:15:23.220 [info] > git for-each-ref --format %(refname) %(objectname) %(*objectname) refs/tags [43ms]
2023-08-01 09:15:23.240 [info] > git config --get commit.template [21ms]
2023-08-01 09:15:23.275 [info] > git status -z -uall [37ms]
2023-08-01 09:15:23.282 [info] > git for-each-ref --format %(refname) %(objectname) %(*objectname) refs/tags [9ms]
2023-08-01 09:15:23.362 [info] > git status -z -uall [50ms]
2023-08-01 09:15:23.774 [info] > git check-ignore -v -z --stdin [6ms]
