2023-07-28 10:20:16.535 [info] Log level: Info
2023-07-28 10:20:16.535 [info] Validating found git in: "git"
2023-07-28 10:20:16.535 [info] Using git "2.17.1" from "git"
2023-07-28 10:20:16.535 [info] > git rev-parse --show-toplevel [149ms]
2023-07-28 10:20:16.535 [info] fatal: not a git repository (or any of the parent directories): .git
2023-07-28 10:20:16.535 [info] > git rev-parse --show-toplevel [19ms]
2023-07-28 10:20:16.535 [info] fatal: not a git repository (or any of the parent directories): .git
2023-07-28 10:20:16.535 [info] > git rev-parse --show-toplevel [191ms]
2023-07-28 10:20:16.535 [info] fatal: not a git repository (or any of the parent directories): .git
2023-07-28 10:20:16.554 [info] > git rev-parse --show-toplevel [22ms]
2023-07-28 10:20:16.554 [info] fatal: not a git repository (or any of the parent directories): .git
2023-07-28 10:20:16.583 [info] > git rev-parse --show-toplevel [13ms]
2023-07-28 10:20:16.583 [info] fatal: not a git repository (or any of the parent directories): .git
2023-07-28 10:20:16.608 [info] > git rev-parse --show-toplevel [2ms]
2023-07-28 10:20:16.608 [info] fatal: not a git repository (or any of the parent directories): .git
2023-07-28 10:20:16.628 [info] > git rev-parse --show-toplevel [2ms]
2023-07-28 10:20:16.628 [info] fatal: not a git repository (or any of the parent directories): .git
2023-07-28 10:20:16.648 [info] > git rev-parse --show-toplevel [6ms]
2023-07-28 10:20:16.648 [info] fatal: not a git repository (or any of the parent directories): .git
2023-07-28 10:20:16.675 [info] > git rev-parse --show-toplevel [7ms]
2023-07-28 10:20:16.696 [info] > git rev-parse --git-dir --git-common-dir [3ms]
2023-07-28 10:20:16.753 [info] Open repository: /home/nvidia/jetson-inference
2023-07-28 10:20:16.809 [info] > git rev-parse --show-toplevel [33ms]
2023-07-28 10:20:16.810 [info] fatal: not a git repository (or any of the parent directories): .git
2023-07-28 10:20:16.834 [info] > git rev-parse --show-toplevel [8ms]
2023-07-28 10:20:16.834 [info] fatal: not a git repository (or any of the parent directories): .git
2023-07-28 10:20:16.859 [info] > git config --get commit.template [51ms]
2023-07-28 10:20:16.914 [info] > git for-each-ref --format=%(refname)%00%(upstream:short)%00%(objectname)%00%(upstream:track)%00%(upstream:remotename)%00%(upstream:remoteref) refs/heads/master refs/remotes/master [40ms]
2023-07-28 10:20:17.773 [info] > git check-ignore -v -z --stdin [8ms]
2023-07-28 10:20:19.237 [info] > git status -z -uall [2304ms]
2023-07-28 10:20:19.306 [info] > git config --get commit.template [17ms]
2023-07-28 10:20:19.308 [info] > git for-each-ref --format=%(refname)%00%(upstream:short)%00%(objectname)%00%(upstream:track)%00%(upstream:remotename)%00%(upstream:remoteref) refs/heads/master refs/remotes/master [9ms]
2023-07-28 10:20:19.776 [info] > git rev-parse --show-toplevel [4ms]
2023-07-28 10:20:19.809 [info] > git rev-parse --git-dir --git-common-dir [8ms]
2023-07-28 10:20:19.832 [info] Open repository: /home/nvidia/jetson-inference/utils
2023-07-28 10:20:19.872 [info] > git rev-parse --show-toplevel [18ms]
2023-07-28 10:20:19.889 [info] > git config --get commit.template [19ms]
2023-07-28 10:20:19.891 [info] > git rev-parse --git-dir --git-common-dir [6ms]
2023-07-28 10:20:19.906 [info] Open repository: /home/nvidia/jetson-inference/tools/camera-capture
2023-07-28 10:20:19.965 [info] > git rev-parse --show-toplevel [45ms]
2023-07-28 10:20:19.986 [info] > git config --get commit.template [23ms]
2023-07-28 10:20:19.987 [info] > git for-each-ref --format %(refname) %(objectname) %(*objectname) refs/tags [39ms]
2023-07-28 10:20:20.006 [info] > git rev-parse --git-dir --git-common-dir [27ms]
2023-07-28 10:20:20.023 [info] Open repository: /home/nvidia/jetson-inference/python/training/classification
2023-07-28 10:20:20.080 [info] > git status -z -uall [79ms]
2023-07-28 10:20:20.081 [info] > git for-each-ref --format %(refname) %(objectname) %(*objectname) refs/tags [21ms]
2023-07-28 10:20:20.096 [info] > git rev-parse --show-toplevel [52ms]
2023-07-28 10:20:20.146 [info] > git status -z -uall [51ms]
2023-07-28 10:20:20.147 [info] > git rev-parse --git-dir --git-common-dir [36ms]
2023-07-28 10:20:20.174 [info] Open repository: /home/nvidia/jetson-inference/python/training/detection
2023-07-28 10:20:20.239 [info] > git config --get commit.template [165ms]
2023-07-28 10:20:20.295 [info] > git rev-parse --show-toplevel [79ms]
2023-07-28 10:20:20.309 [info] > git config --get commit.template [166ms]
2023-07-28 10:20:20.314 [info] > git config --get commit.template [22ms]
2023-07-28 10:20:20.315 [info] > git config --get commit.template [41ms]
2023-07-28 10:20:20.316 [info] > git for-each-ref --format %(refname) %(objectname) %(*objectname) refs/tags [60ms]
2023-07-28 10:20:20.355 [info] > git rev-parse --git-dir --git-common-dir [46ms]
2023-07-28 10:20:20.376 [info] Open repository: /home/nvidia/jetson-inference/python/training/segmentation
2023-07-28 10:20:20.450 [info] > git status -z -uall [118ms]
2023-07-28 10:20:20.451 [info] > git for-each-ref --format %(refname) %(objectname) %(*objectname) refs/tags [99ms]
2023-07-28 10:20:20.510 [info] > git config --get commit.template [62ms]
2023-07-28 10:20:20.512 [info] > git for-each-ref --format %(refname) %(objectname) %(*objectname) refs/tags [83ms]
2023-07-28 10:20:20.528 [info] > git for-each-ref --format %(refname) %(objectname) %(*objectname) refs/tags [119ms]
2023-07-28 10:20:20.542 [info] > git rev-parse --show-toplevel [149ms]
2023-07-28 10:20:20.567 [info] > git status -z -uall [98ms]
2023-07-28 10:20:20.567 [info] > git status -z -uall [40ms]
2023-07-28 10:20:20.575 [info] > git config --get commit.template [67ms]
2023-07-28 10:20:20.598 [info] > git rev-parse --git-dir --git-common-dir [36ms]
2023-07-28 10:20:20.613 [info] Open repository: /home/nvidia/jetson-inference/c/plugins/pose
2023-07-28 10:20:20.664 [info] > git for-each-ref --format %(refname) %(objectname) %(*objectname) refs/tags [69ms]
2023-07-28 10:20:20.684 [info] > git config --get commit.template [22ms]
2023-07-28 10:20:20.684 [info] > git for-each-ref --format %(refname) %(objectname) %(*objectname) refs/tags [37ms]
2023-07-28 10:20:20.700 [info] > git rev-parse --show-toplevel [68ms]
2023-07-28 10:20:20.718 [info] > git status -z -uall [177ms]
2023-07-28 10:20:20.719 [info] > git status -z -uall [20ms]
2023-07-28 10:20:20.773 [info] > git rev-parse --git-dir --git-common-dir [59ms]
2023-07-28 10:20:20.787 [info] Open repository: /home/nvidia/jetson-inference/docker/containers
2023-07-28 10:20:20.829 [info] > git status -z -uall [150ms]
2023-07-28 10:20:20.830 [info] > git config --get commit.template [58ms]
2023-07-28 10:20:20.831 [info] > git for-each-ref --format %(refname) %(objectname) %(*objectname) refs/tags [74ms]
2023-07-28 10:20:20.926 [info] > git config --get commit.template [99ms]
2023-07-28 10:20:20.926 [info] > git rev-parse --show-toplevel [122ms]
2023-07-28 10:20:20.970 [info] > git check-ignore -v -z --stdin [87ms]
2023-07-28 10:20:20.972 [info] > git rev-parse --git-dir --git-common-dir [27ms]
2023-07-28 10:20:20.995 [info] Open repository: /home/nvidia/jetson-inference/ros
2023-07-28 10:20:20.998 [info] > git config --get commit.template [90ms]
2023-07-28 10:20:21.038 [info] > git status -z -uall [191ms]
2023-07-28 10:20:21.038 [info] > git for-each-ref --format %(refname) %(objectname) %(*objectname) refs/tags [73ms]
2023-07-28 10:20:21.133 [info] > git status -z -uall [72ms]
2023-07-28 10:20:21.140 [info] > git config --get commit.template [104ms]
2023-07-28 10:20:21.141 [info] > git for-each-ref --format %(refname) %(objectname) %(*objectname) refs/tags [122ms]
2023-07-28 10:20:21.159 [info] > git config --get commit.template [28ms]
2023-07-28 10:20:21.160 [info] > git for-each-ref --format %(refname) %(objectname) %(*objectname) refs/tags [42ms]
2023-07-28 10:20:21.216 [info] > git status -z -uall [44ms]
2023-07-28 10:20:21.225 [info] > git for-each-ref --format %(refname) %(objectname) %(*objectname) refs/tags [12ms]
2023-07-28 10:20:21.242 [info] > git for-each-ref --format %(refname) %(objectname) %(*objectname) refs/tags [46ms]
2023-07-28 10:20:21.262 [info] > git status -z -uall [106ms]
2023-07-28 10:20:21.263 [info] > git status -z -uall [21ms]
2023-07-28 10:20:21.306 [info] > git status -z -uall [47ms]
2023-07-28 10:20:21.347 [info] > git config --get commit.template [43ms]
2023-07-28 10:20:21.365 [info] > git config --get commit.template [19ms]
2023-07-28 10:20:21.368 [info] > git for-each-ref --format %(refname) %(objectname) %(*objectname) refs/tags [6ms]
2023-07-28 10:20:21.401 [info] > git status -z -uall [19ms]
2023-07-28 10:20:21.408 [info] > git for-each-ref --format %(refname) %(objectname) %(*objectname) refs/tags [8ms]
2023-07-28 10:20:21.428 [info] > git status -z -uall [6ms]
2023-07-28 10:20:21.485 [info] > git status -z -uall [2157ms]
2023-07-28 10:20:21.621 [info] > git check-ignore -v -z --stdin [4ms]
2023-07-28 10:20:22.009 [info] > git rev-parse --show-toplevel [3ms]
2023-07-28 10:20:22.027 [info] > git rev-parse --git-dir --git-common-dir [3ms]
2023-07-28 10:20:22.041 [info] Open repository: /home/nvidia/jetson-inference/python/training/detection/ssd
2023-07-28 10:20:22.081 [info] > git config --get commit.template [19ms]
2023-07-28 10:20:22.083 [info] > git for-each-ref --format %(refname) %(objectname) %(*objectname) refs/tags [4ms]
2023-07-28 10:20:22.121 [info] > git status -z -uall [18ms]
2023-07-28 10:20:22.177 [info] > git config --get commit.template [20ms]
2023-07-28 10:20:22.179 [info] > git for-each-ref --format %(refname) %(objectname) %(*objectname) refs/tags [4ms]
2023-07-28 10:20:22.205 [info] > git status -z -uall [11ms]
2023-07-28 10:20:22.814 [info] > git check-ignore -v -z --stdin [4ms]
2023-07-28 10:20:27.867 [info] > git check-ignore -v -z --stdin [36ms]
2023-07-28 10:20:27.870 [info] > git check-ignore -v -z --stdin [22ms]
2023-07-28 10:20:27.873 [info] > git check-ignore -v -z --stdin [12ms]
2023-07-28 10:20:30.423 [info] > git rev-parse --show-toplevel [1026ms]
2023-07-28 10:20:30.423 [info] fatal: not a git repository (or any of the parent directories): .git
2023-07-28 10:34:40.211 [info] > git config --get commit.template [49ms]
2023-07-28 10:34:40.213 [info] > git config --get commit.template [36ms]
2023-07-28 10:34:40.215 [info] > git for-each-ref --format %(refname) %(objectname) %(*objectname) refs/tags [6ms]
2023-07-28 10:34:40.241 [info] > git for-each-ref --format=%(refname)%00%(upstream:short)%00%(objectname)%00%(upstream:track)%00%(upstream:remotename)%00%(upstream:remoteref) refs/heads/master refs/remotes/master [45ms]
2023-07-28 10:34:40.257 [info] > git status -z -uall [27ms]
2023-07-28 10:34:42.265 [info] > git status -z -uall [2009ms]
2023-07-28 10:37:56.920 [info] > git rev-parse --show-toplevel [6ms]
2023-07-28 10:37:56.920 [info] fatal: not a git repository (or any of the parent directories): .git
