2023-08-01 09:54:20.422 [info] Log level: Info
2023-08-01 09:54:20.422 [info] Validating found git in: "git"
2023-08-01 09:54:20.423 [info] Using git "2.17.1" from "git"
2023-08-01 09:54:20.423 [info] > git rev-parse --show-toplevel [116ms]
2023-08-01 09:54:20.423 [info] fatal: not a git repository (or any of the parent directories): .git
2023-08-01 09:54:20.423 [info] > git rev-parse --show-toplevel [5ms]
2023-08-01 09:54:20.423 [info] fatal: not a git repository (or any of the parent directories): .git
2023-08-01 09:54:20.423 [info] > git rev-parse --show-toplevel [3ms]
2023-08-01 09:54:20.423 [info] fatal: not a git repository (or any of the parent directories): .git
2023-08-01 09:54:20.423 [info] > git rev-parse --show-toplevel [10ms]
2023-08-01 09:54:20.423 [info] fatal: not a git repository (or any of the parent directories): .git
2023-08-01 09:54:20.423 [info] > git rev-parse --show-toplevel [4ms]
2023-08-01 09:54:20.423 [info] fatal: not a git repository (or any of the parent directories): .git
2023-08-01 09:54:20.423 [info] > git rev-parse --show-toplevel [3ms]
2023-08-01 09:54:20.423 [info] fatal: not a git repository (or any of the parent directories): .git
2023-08-01 09:54:20.423 [info] > git rev-parse --show-toplevel [4ms]
2023-08-01 09:54:20.423 [info] fatal: not a git repository (or any of the parent directories): .git
2023-08-01 09:54:20.423 [info] > git rev-parse --show-toplevel [4ms]
2023-08-01 09:54:20.423 [info] fatal: not a git repository (or any of the parent directories): .git
2023-08-01 09:54:20.423 [info] > git rev-parse --show-toplevel [14ms]
2023-08-01 09:54:20.423 [info] fatal: not a git repository (or any of the parent directories): .git
2023-08-01 09:54:20.423 [info] > git rev-parse --show-toplevel [45ms]
2023-08-01 09:54:20.423 [info] fatal: not a git repository (or any of the parent directories): .git
2023-08-01 09:54:20.423 [info] > git rev-parse --show-toplevel [17ms]
2023-08-01 09:54:20.423 [info] fatal: not a git repository (or any of the parent directories): .git
2023-08-01 09:54:20.423 [info] > git rev-parse --show-toplevel [7ms]
2023-08-01 09:54:20.423 [info] > git rev-parse --git-dir --git-common-dir [4ms]
2023-08-01 09:54:20.423 [info] Open repository: /home/nvidia/jetson-inference
2023-08-01 09:54:20.423 [info] > git config --get commit.template [3ms]
2023-08-01 09:54:20.423 [info] > git rev-parse --show-toplevel [24ms]
2023-08-01 09:54:20.423 [info] fatal: not a git repository (or any of the parent directories): .git
2023-08-01 09:54:20.423 [info] > git rev-parse --show-toplevel [24ms]
2023-08-01 09:54:20.423 [info] fatal: not a git repository (or any of the parent directories): .git
2023-08-01 09:54:20.423 [info] > git for-each-ref --format=%(refname)%00%(upstream:short)%00%(objectname)%00%(upstream:track)%00%(upstream:remotename)%00%(upstream:remoteref) refs/heads/master refs/remotes/master [17ms]
2023-08-01 09:54:20.437 [info] > git status -z -uall [166ms]
2023-08-01 09:54:20.484 [info] > git config --get commit.template [4ms]
2023-08-01 09:54:20.506 [info] > git for-each-ref --format=%(refname)%00%(upstream:short)%00%(objectname)%00%(upstream:track)%00%(upstream:remotename)%00%(upstream:remoteref) refs/heads/master refs/remotes/master [5ms]
2023-08-01 09:54:20.695 [info] > git status -z -uall [171ms]
2023-08-01 09:54:20.956 [info] > git check-ignore -v -z --stdin [4ms]
2023-08-01 09:54:21.220 [info] > git rev-parse --show-toplevel [2ms]
2023-08-01 09:54:21.240 [info] > git rev-parse --git-dir --git-common-dir [2ms]
2023-08-01 09:54:21.253 [info] Open repository: /home/nvidia/jetson-inference/utils
2023-08-01 09:54:21.303 [info] > git rev-parse --show-toplevel [33ms]
2023-08-01 09:54:21.322 [info] > git config --get commit.template [31ms]
2023-08-01 09:54:21.324 [info] > git rev-parse --git-dir --git-common-dir [3ms]
2023-08-01 09:54:21.337 [info] Open repository: /home/nvidia/jetson-inference/tools/camera-capture
2023-08-01 09:54:21.395 [info] > git for-each-ref --format %(refname) %(objectname) %(*objectname) refs/tags [21ms]
2023-08-01 09:54:21.414 [info] > git rev-parse --show-toplevel [58ms]
2023-08-01 09:54:21.434 [info] > git config --get commit.template [42ms]
2023-08-01 09:54:21.465 [info] > git status -z -uall [53ms]
2023-08-01 09:54:21.466 [info] > git rev-parse --git-dir --git-common-dir [34ms]
2023-08-01 09:54:21.481 [info] Open repository: /home/nvidia/jetson-inference/python/training/classification
2023-08-01 09:54:21.520 [info] > git for-each-ref --format %(refname) %(objectname) %(*objectname) refs/tags [64ms]
2023-08-01 09:54:21.571 [info] > git status -z -uall [34ms]
2023-08-01 09:54:21.586 [info] > git config --get commit.template [69ms]
2023-08-01 09:54:21.587 [info] > git rev-parse --show-toplevel [88ms]
2023-08-01 09:54:21.631 [info] > git rev-parse --git-dir --git-common-dir [28ms]
2023-08-01 09:54:21.645 [info] Open repository: /home/nvidia/jetson-inference/python/training/detection
2023-08-01 09:54:21.664 [info] > git config --get commit.template [95ms]
2023-08-01 09:54:21.702 [info] > git rev-parse --show-toplevel [39ms]
2023-08-01 09:54:21.721 [info] > git config --get commit.template [95ms]
2023-08-01 09:54:21.744 [info] > git rev-parse --git-dir --git-common-dir [24ms]
2023-08-01 09:54:21.755 [info] Open repository: /home/nvidia/jetson-inference/python/training/segmentation
2023-08-01 09:54:21.775 [info] > git config --get commit.template [74ms]
2023-08-01 09:54:21.775 [info] > git for-each-ref --format %(refname) %(objectname) %(*objectname) refs/tags [93ms]
2023-08-01 09:54:21.845 [info] > git status -z -uall [51ms]
2023-08-01 09:54:21.858 [info] > git rev-parse --show-toplevel [84ms]
2023-08-01 09:54:21.877 [info] > git for-each-ref --format %(refname) %(objectname) %(*objectname) refs/tags [137ms]
2023-08-01 09:54:21.936 [info] > git rev-parse --git-dir --git-common-dir [60ms]
2023-08-01 09:54:21.949 [info] Open repository: /home/nvidia/jetson-inference/c/plugins/pose
2023-08-01 09:54:21.967 [info] > git config --get commit.template [124ms]
2023-08-01 09:54:21.968 [info] > git for-each-ref --format %(refname) %(objectname) %(*objectname) refs/tags [142ms]
2023-08-01 09:54:22.007 [info] > git status -z -uall [113ms]
2023-08-01 09:54:22.007 [info] > git status -z -uall [22ms]
2023-08-01 09:54:22.008 [info] > git rev-parse --show-toplevel [42ms]
2023-08-01 09:54:22.026 [info] > git config --get commit.template [92ms]
2023-08-01 09:54:22.027 [info] > git for-each-ref --format %(refname) %(objectname) %(*objectname) refs/tags [112ms]
2023-08-01 09:54:22.071 [info] > git status -z -uall [26ms]
2023-08-01 09:54:22.071 [info] > git rev-parse --git-dir --git-common-dir [46ms]
2023-08-01 09:54:22.083 [info] Open repository: /home/nvidia/jetson-inference/docker/containers
2023-08-01 09:54:22.112 [info] > git config --get commit.template [108ms]
2023-08-01 09:54:22.154 [info] > git rev-parse --show-toplevel [42ms]
2023-08-01 09:54:22.171 [info] > git for-each-ref --format %(refname) %(objectname) %(*objectname) refs/tags [103ms]
2023-08-01 09:54:22.240 [info] > git status -z -uall [51ms]
2023-08-01 09:54:22.253 [info] > git rev-parse --git-dir --git-common-dir [83ms]
2023-08-01 09:54:22.269 [info] Open repository: /home/nvidia/jetson-inference/ros
2023-08-01 09:54:22.271 [info] > git config --get commit.template [120ms]
2023-08-01 09:54:22.271 [info] > git for-each-ref --format %(refname) %(objectname) %(*objectname) refs/tags [138ms]
2023-08-01 09:54:22.370 [info] > git status -z -uall [83ms]
2023-08-01 09:54:22.375 [info] > git config --get commit.template [138ms]
2023-08-01 09:54:22.375 [info] > git for-each-ref --format %(refname) %(objectname) %(*objectname) refs/tags [155ms]
2023-08-01 09:54:22.435 [info] > git status -z -uall [43ms]
2023-08-01 09:54:22.447 [info] > git config --get commit.template [79ms]
2023-08-01 09:54:22.447 [info] > git config --get commit.template [96ms]
2023-08-01 09:54:22.484 [info] > git check-ignore -v -z --stdin [72ms]
2023-08-01 09:54:22.487 [info] > git for-each-ref --format %(refname) %(objectname) %(*objectname) refs/tags [55ms]
2023-08-01 09:54:22.554 [info] > git status -z -uall [51ms]
2023-08-01 09:54:22.554 [info] > git config --get commit.template [72ms]
2023-08-01 09:54:22.555 [info] > git for-each-ref --format %(refname) %(objectname) %(*objectname) refs/tags [90ms]
2023-08-01 09:54:22.578 [info] > git for-each-ref --format %(refname) %(objectname) %(*objectname) refs/tags [39ms]
2023-08-01 09:54:22.597 [info] > git for-each-ref --format %(refname) %(objectname) %(*objectname) refs/tags [74ms]
2023-08-01 09:54:22.697 [info] > git status -z -uall [126ms]
2023-08-01 09:54:22.698 [info] > git status -z -uall [101ms]
2023-08-01 09:54:22.698 [info] > git status -z -uall [82ms]
2023-08-01 09:54:22.734 [info] > git config --get commit.template [38ms]
2023-08-01 09:54:22.735 [info] > git for-each-ref --format %(refname) %(objectname) %(*objectname) refs/tags [57ms]
2023-08-01 09:54:22.755 [info] > git config --get commit.template [22ms]
2023-08-01 09:54:22.797 [info] > git status -z -uall [45ms]
2023-08-01 09:54:22.805 [info] > git for-each-ref --format %(refname) %(objectname) %(*objectname) refs/tags [9ms]
2023-08-01 09:54:22.823 [info] > git for-each-ref --format %(refname) %(objectname) %(*objectname) refs/tags [51ms]
2023-08-01 09:54:22.843 [info] > git status -z -uall [20ms]
2023-08-01 09:54:22.852 [info] > git status -z -uall [11ms]
2023-08-01 09:54:23.099 [info] > git check-ignore -v -z --stdin [5ms]
2023-08-01 09:54:23.256 [info] > git rev-parse --show-toplevel [25ms]
2023-08-01 09:54:23.282 [info] > git rev-parse --git-dir --git-common-dir [7ms]
2023-08-01 09:54:23.297 [info] Open repository: /home/nvidia/jetson-inference/python/training/detection/ssd
2023-08-01 09:54:23.338 [info] > git config --get commit.template [22ms]
2023-08-01 09:54:23.341 [info] > git for-each-ref --format %(refname) %(objectname) %(*objectname) refs/tags [5ms]
2023-08-01 09:54:23.368 [info] > git status -z -uall [9ms]
2023-08-01 09:54:23.410 [info] > git config --get commit.template [9ms]
2023-08-01 09:54:23.442 [info] > git for-each-ref --format %(refname) %(objectname) %(*objectname) refs/tags [10ms]
2023-08-01 09:54:23.472 [info] > git status -z -uall [13ms]
2023-08-01 09:54:23.629 [info] > git check-ignore -v -z --stdin [3ms]
2023-08-01 09:54:35.675 [info] > git for-each-ref --format=%(refname)%00%(upstream:short)%00%(objectname)%00%(upstream:track)%00%(upstream:remotename)%00%(upstream:remoteref) refs/heads/master refs/remotes/master [26ms]
2023-08-01 09:54:35.676 [info] > git config --get commit.template [49ms]
2023-08-01 09:54:35.676 [info] > git config --get commit.template [71ms]
2023-08-01 09:54:35.710 [info] > git for-each-ref --format %(refname) %(objectname) %(*objectname) refs/tags [38ms]
2023-08-01 09:54:35.741 [info] > git status -z -uall [9ms]
2023-08-01 09:54:35.994 [info] > git status -z -uall [286ms]
2023-08-01 09:54:42.007 [info] > git check-ignore -v -z --stdin [43ms]
2023-08-01 09:54:42.009 [info] > git check-ignore -v -z --stdin [25ms]
2023-08-01 09:54:42.010 [info] > git check-ignore -v -z --stdin [7ms]
2023-08-01 09:54:49.075 [info] > git check-ignore -v -z --stdin [4ms]
2023-08-01 09:54:51.217 [info] > git check-ignore -v -z --stdin [37ms]
2023-08-01 09:54:51.219 [info] > git check-ignore -v -z --stdin [22ms]
2023-08-01 09:54:51.219 [info] > git check-ignore -v -z --stdin [4ms]
2023-08-01 09:54:55.176 [info] > git check-ignore -v -z --stdin [26ms]
2023-08-01 09:54:55.186 [info] > git check-ignore -v -z --stdin [14ms]
2023-08-01 09:54:57.354 [info] > git config --get commit.template [18ms]
2023-08-01 09:54:59.253 [info] > git config --get commit.template [1901ms]
2023-08-01 09:54:59.291 [info] > git for-each-ref --format=%(refname)%00%(upstream:short)%00%(objectname)%00%(upstream:track)%00%(upstream:remotename)%00%(upstream:remoteref) refs/heads/master refs/remotes/master [21ms]
2023-08-01 09:54:59.309 [info] > git for-each-ref --format %(refname) %(objectname) %(*objectname) refs/tags [23ms]
2023-08-01 09:54:59.332 [info] > git status -z -uall [8ms]
2023-08-01 09:54:59.469 [info] > git status -z -uall [162ms]
2023-08-01 09:54:59.849 [info] > git check-ignore -v -z --stdin [3ms]
2023-08-01 09:55:00.971 [info] > git check-ignore -v -z --stdin [2ms]
2023-08-01 09:55:01.639 [info] > git check-ignore -v -z --stdin [2ms]
2023-08-01 09:55:03.751 [info] > git show --textconv :datasets/corrupt_images.py [19ms]
2023-08-01 09:55:03.754 [info] > git ls-files --stage -- /home/nvidia/jetson-inference/python/training/segmentation/datasets/corrupt_images.py [6ms]
2023-08-01 09:55:03.774 [info] > git cat-file -s 67990ddd30add57ea3078c663287315c36c7a54b [4ms]
2023-08-01 09:55:04.569 [info] > git config --get commit.template [17ms]
2023-08-01 09:55:04.587 [info] > git config --get commit.template [19ms]
2023-08-01 09:55:04.613 [info] > git for-each-ref --format %(refname) %(objectname) %(*objectname) refs/tags [9ms]
2023-08-01 09:55:04.645 [info] > git for-each-ref --format=%(refname)%00%(upstream:short)%00%(objectname)%00%(upstream:track)%00%(upstream:remotename)%00%(upstream:remoteref) refs/heads/master refs/remotes/master [59ms]
2023-08-01 09:55:04.662 [info] > git status -z -uall [19ms]
2023-08-01 09:55:04.826 [info] > git status -z -uall [165ms]
2023-08-01 09:55:06.135 [info] > git show --textconv :train.py [32ms]
2023-08-01 09:55:06.138 [info] > git ls-files --stage -- /home/nvidia/jetson-inference/python/training/segmentation/train.py [4ms]
2023-08-01 09:55:06.159 [info] > git cat-file -s 63ee663820a5f3730af81bd35c8f15ede401400f [5ms]
2023-08-01 09:55:11.853 [info] > git check-ignore -v -z --stdin [3ms]
2023-08-01 09:55:24.515 [info] > git check-ignore -v -z --stdin [2ms]
