2023-07-27 17:35:39.812 [info] Log level: Info
2023-07-27 17:35:39.812 [info] Validating found git in: "git"
2023-07-27 17:35:39.812 [info] Using git "2.17.1" from "git"
2023-07-27 17:35:39.812 [info] > git rev-parse --show-toplevel [119ms]
2023-07-27 17:35:39.812 [info] fatal: not a git repository (or any of the parent directories): .git
2023-07-27 17:35:39.812 [info] > git rev-parse --show-toplevel [10ms]
2023-07-27 17:35:39.812 [info] fatal: not a git repository (or any of the parent directories): .git
2023-07-27 17:35:39.812 [info] > git rev-parse --show-toplevel [9ms]
2023-07-27 17:35:39.812 [info] fatal: not a git repository (or any of the parent directories): .git
2023-07-27 17:35:39.812 [info] > git rev-parse --show-toplevel [26ms]
2023-07-27 17:35:39.812 [info] fatal: not a git repository (or any of the parent directories): .git
2023-07-27 17:35:39.812 [info] > git rev-parse --show-toplevel [14ms]
2023-07-27 17:35:39.812 [info] fatal: not a git repository (or any of the parent directories): .git
2023-07-27 17:35:39.852 [info] > git rev-parse --show-toplevel [43ms]
2023-07-27 17:35:39.852 [info] fatal: not a git repository (or any of the parent directories): .git
2023-07-27 17:35:39.870 [info] > git rev-parse --show-toplevel [3ms]
2023-07-27 17:35:39.888 [info] > git rev-parse --git-dir --git-common-dir [4ms]
2023-07-27 17:35:39.924 [info] Open repository: /home/nvidia/jetson-inference
2023-07-27 17:35:39.955 [info] > git rev-parse --show-toplevel [16ms]
2023-07-27 17:35:39.955 [info] fatal: not a git repository (or any of the parent directories): .git
2023-07-27 17:35:39.980 [info] > git rev-parse --show-toplevel [15ms]
2023-07-27 17:35:39.980 [info] fatal: not a git repository (or any of the parent directories): .git
2023-07-27 17:35:39.982 [info] > git config --get commit.template [29ms]
2023-07-27 17:35:40.030 [info] > git for-each-ref --format=%(refname)%00%(upstream:short)%00%(objectname)%00%(upstream:track)%00%(upstream:remotename)%00%(upstream:remoteref) refs/heads/master refs/remotes/master [10ms]
2023-07-27 17:35:40.047 [info] > git rev-parse --show-toplevel [39ms]
2023-07-27 17:35:40.047 [info] fatal: not a git repository (or any of the parent directories): .git
2023-07-27 17:35:40.177 [info] > git rev-parse --show-toplevel [103ms]
2023-07-27 17:35:40.177 [info] fatal: not a git repository (or any of the parent directories): .git
2023-07-27 17:35:40.700 [info] > git check-ignore -v -z --stdin [4ms]
2023-07-27 17:35:40.907 [info] > git status -z -uall [863ms]
2023-07-27 17:35:40.960 [info] > git config --get commit.template [15ms]
2023-07-27 17:35:40.962 [info] > git for-each-ref --format=%(refname)%00%(upstream:short)%00%(objectname)%00%(upstream:track)%00%(upstream:remotename)%00%(upstream:remoteref) refs/heads/master refs/remotes/master [5ms]
2023-07-27 17:35:41.436 [info] > git rev-parse --show-toplevel [3ms]
2023-07-27 17:35:41.449 [info] > git rev-parse --git-dir --git-common-dir [3ms]
2023-07-27 17:35:41.462 [info] Open repository: /home/nvidia/jetson-inference/utils
2023-07-27 17:35:41.488 [info] > git rev-parse --show-toplevel [14ms]
2023-07-27 17:35:41.501 [info] > git config --get commit.template [15ms]
2023-07-27 17:35:41.515 [info] > git rev-parse --git-dir --git-common-dir [15ms]
2023-07-27 17:35:41.530 [info] Open repository: /home/nvidia/jetson-inference/tools/camera-capture
2023-07-27 17:35:41.556 [info] > git for-each-ref --format %(refname) %(objectname) %(*objectname) refs/tags [43ms]
2023-07-27 17:35:41.572 [info] > git config --get commit.template [17ms]
2023-07-27 17:35:41.572 [info] > git rev-parse --show-toplevel [31ms]
2023-07-27 17:35:41.601 [info] > git rev-parse --git-dir --git-common-dir [17ms]
2023-07-27 17:35:41.616 [info] Open repository: /home/nvidia/jetson-inference/python/training/classification
2023-07-27 17:35:41.650 [info] > git status -z -uall [82ms]
2023-07-27 17:35:41.667 [info] > git for-each-ref --format %(refname) %(objectname) %(*objectname) refs/tags [72ms]
2023-07-27 17:35:41.693 [info] > git status -z -uall [721ms]
2023-07-27 17:35:41.693 [info] > git status -z -uall [15ms]
2023-07-27 17:35:41.694 [info] > git config --get commit.template [53ms]
2023-07-27 17:35:41.702 [info] > git rev-parse --show-toplevel [73ms]
2023-07-27 17:35:41.720 [info] > git rev-parse --git-dir --git-common-dir [8ms]
2023-07-27 17:35:41.732 [info] Open repository: /home/nvidia/jetson-inference/python/training/detection
2023-07-27 17:35:41.744 [info] > git config --get commit.template [53ms]
2023-07-27 17:35:41.796 [info] > git rev-parse --show-toplevel [51ms]
2023-07-27 17:35:41.858 [info] > git rev-parse --git-dir --git-common-dir [52ms]
2023-07-27 17:35:41.869 [info] Open repository: /home/nvidia/jetson-inference/python/training/segmentation
2023-07-27 17:35:41.882 [info] > git config --get commit.template [88ms]
2023-07-27 17:35:41.883 [info] > git config --get commit.template [101ms]
2023-07-27 17:35:41.883 [info] > git for-each-ref --format %(refname) %(objectname) %(*objectname) refs/tags [113ms]
2023-07-27 17:35:41.910 [info] > git status -z -uall [15ms]
2023-07-27 17:35:41.911 [info] > git rev-parse --show-toplevel [29ms]
2023-07-27 17:35:41.923 [info] > git for-each-ref --format %(refname) %(objectname) %(*objectname) refs/tags [68ms]
2023-07-27 17:35:41.959 [info] > git rev-parse --git-dir --git-common-dir [37ms]
2023-07-27 17:35:41.971 [info] Open repository: /home/nvidia/jetson-inference/c/plugins/pose
2023-07-27 17:35:41.984 [info] > git config --get commit.template [75ms]
2023-07-27 17:35:42.057 [info] > git status -z -uall [124ms]
2023-07-27 17:35:42.057 [info] > git rev-parse --show-toplevel [74ms]
2023-07-27 17:35:42.069 [info] > git for-each-ref --format %(refname) %(objectname) %(*objectname) refs/tags [113ms]
2023-07-27 17:35:42.081 [info] > git for-each-ref --format %(refname) %(objectname) %(*objectname) refs/tags [136ms]
2023-07-27 17:35:42.114 [info] > git status -z -uall [34ms]
2023-07-27 17:35:42.114 [info] > git status -z -uall [22ms]
2023-07-27 17:35:42.120 [info] > git rev-parse --git-dir --git-common-dir [52ms]
2023-07-27 17:35:42.132 [info] Open repository: /home/nvidia/jetson-inference/docker/containers
2023-07-27 17:35:42.144 [info] > git config --get commit.template [90ms]
2023-07-27 17:35:42.145 [info] > git config --get commit.template [102ms]
2023-07-27 17:35:42.161 [info] > git rev-parse --show-toplevel [17ms]
2023-07-27 17:35:42.173 [info] > git for-each-ref --format %(refname) %(objectname) %(*objectname) refs/tags [62ms]
2023-07-27 17:35:42.289 [info] > git status -z -uall [104ms]
2023-07-27 17:35:42.304 [info] > git rev-parse --git-dir --git-common-dir [132ms]
2023-07-27 17:35:42.321 [info] Open repository: /home/nvidia/jetson-inference/ros
2023-07-27 17:35:42.322 [info] > git config --get commit.template [163ms]
2023-07-27 17:35:42.368 [info] > git config --get commit.template [81ms]
2023-07-27 17:35:42.368 [info] > git for-each-ref --format %(refname) %(objectname) %(*objectname) refs/tags [147ms]
2023-07-27 17:35:42.381 [info] > git for-each-ref --format %(refname) %(objectname) %(*objectname) refs/tags [171ms]
2023-07-27 17:35:42.408 [info] > git check-ignore -v -z --stdin [72ms]
2023-07-27 17:35:42.409 [info] > git status -z -uall [29ms]
2023-07-27 17:35:42.409 [info] > git status -z -uall [17ms]
2023-07-27 17:35:42.414 [info] > git config --get commit.template [49ms]
2023-07-27 17:35:42.414 [info] > git config --get commit.template [61ms]
2023-07-27 17:35:42.429 [info] > git for-each-ref --format %(refname) %(objectname) %(*objectname) refs/tags [25ms]
2023-07-27 17:35:42.498 [info] > git status -z -uall [56ms]
2023-07-27 17:35:42.509 [info] > git for-each-ref --format %(refname) %(objectname) %(*objectname) refs/tags [82ms]
2023-07-27 17:35:42.536 [info] > git config --get commit.template [41ms]
2023-07-27 17:35:42.536 [info] > git for-each-ref --format %(refname) %(objectname) %(*objectname) refs/tags [54ms]
2023-07-27 17:35:42.550 [info] > git for-each-ref --format %(refname) %(objectname) %(*objectname) refs/tags [80ms]
2023-07-27 17:35:42.564 [info] > git status -z -uall [44ms]
2023-07-27 17:35:42.565 [info] > git status -z -uall [15ms]
2023-07-27 17:35:42.579 [info] > git config --get commit.template [44ms]
2023-07-27 17:35:42.619 [info] > git status -z -uall [57ms]
2023-07-27 17:35:42.637 [info] > git config --get commit.template [30ms]
2023-07-27 17:35:42.637 [info] > git for-each-ref --format %(refname) %(objectname) %(*objectname) refs/tags [42ms]
2023-07-27 17:35:42.651 [info] > git for-each-ref --format %(refname) %(objectname) %(*objectname) refs/tags [17ms]
2023-07-27 17:35:42.677 [info] > git status -z -uall [28ms]
2023-07-27 17:35:42.677 [info] > git status -z -uall [14ms]
2023-07-27 17:35:42.693 [info] > git for-each-ref --format %(refname) %(objectname) %(*objectname) refs/tags [17ms]
2023-07-27 17:35:42.712 [info] > git status -z -uall [7ms]
2023-07-27 17:35:42.974 [info] > git check-ignore -v -z --stdin [3ms]
2023-07-27 17:35:43.097 [info] > git rev-parse --show-toplevel [3ms]
2023-07-27 17:35:43.112 [info] > git rev-parse --git-dir --git-common-dir [3ms]
2023-07-27 17:35:43.124 [info] Open repository: /home/nvidia/jetson-inference/python/training/detection/ssd
2023-07-27 17:35:43.154 [info] > git config --get commit.template [16ms]
2023-07-27 17:35:43.156 [info] > git for-each-ref --format %(refname) %(objectname) %(*objectname) refs/tags [4ms]
2023-07-27 17:35:43.178 [info] > git status -z -uall [10ms]
2023-07-27 17:35:43.219 [info] > git config --get commit.template [15ms]
2023-07-27 17:35:43.220 [info] > git for-each-ref --format %(refname) %(objectname) %(*objectname) refs/tags [4ms]
2023-07-27 17:35:43.242 [info] > git status -z -uall [9ms]
2023-07-27 17:35:43.690 [info] > git check-ignore -v -z --stdin [3ms]
2023-07-27 17:35:56.783 [info] > git check-ignore -v -z --stdin [30ms]
2023-07-27 17:35:56.785 [info] > git check-ignore -v -z --stdin [19ms]
2023-07-27 17:35:56.786 [info] > git check-ignore -v -z --stdin [7ms]
2023-07-27 17:36:04.107 [info] > git check-ignore -v -z --stdin [4ms]
2023-07-27 17:36:05.333 [info] > git show --textconv :my-recognition/my-recognition [16ms]
2023-07-27 17:36:05.336 [info] > git ls-files --stage -- /home/nvidia/jetson-inference/my-recognition/my-recognition [5ms]
2023-07-27 17:36:18.845 [info] > git config --get commit.template [15ms]
2023-07-27 17:36:18.847 [info] > git for-each-ref --format=%(refname)%00%(upstream:short)%00%(objectname)%00%(upstream:track)%00%(upstream:remotename)%00%(upstream:remoteref) refs/heads/master refs/remotes/master [4ms]
2023-07-27 17:36:19.542 [info] > git status -z -uall [684ms]
2023-07-27 17:36:34.233 [info] > git rev-parse --show-toplevel [3ms]
2023-07-27 17:36:34.233 [info] fatal: not a git repository (or any of the parent directories): .git
2023-07-27 17:36:54.522 [info] > git rev-parse --show-toplevel [2ms]
2023-07-27 17:36:54.522 [info] fatal: not a git repository (or any of the parent directories): .git
2023-07-27 17:37:04.449 [info] > git rev-parse --show-toplevel [4ms]
2023-07-27 17:37:04.449 [info] fatal: not a git repository (or any of the parent directories): .git
2023-07-27 17:38:08.531 [info] > git rev-parse --show-toplevel [6ms]
2023-07-27 17:38:08.531 [info] fatal: not a git repository (or any of the parent directories): .git
2023-07-27 17:38:08.669 [info] > git rev-parse --show-toplevel [3ms]
2023-07-27 17:38:08.669 [info] fatal: not a git repository (or any of the parent directories): .git
2023-07-27 17:39:04.581 [info] > git rev-parse --show-toplevel [5ms]
2023-07-27 17:39:04.582 [info] fatal: not a git repository (or any of the parent directories): .git
2023-07-27 17:39:57.289 [info] > git config --get commit.template [17ms]
2023-07-27 17:39:57.291 [info] > git for-each-ref --format=%(refname)%00%(upstream:short)%00%(objectname)%00%(upstream:track)%00%(upstream:remotename)%00%(upstream:remoteref) refs/heads/master refs/remotes/master [4ms]
2023-07-27 17:39:57.995 [info] > git status -z -uall [690ms]
2023-07-27 17:40:03.038 [info] > git config --get commit.template [17ms]
2023-07-27 17:40:03.040 [info] > git for-each-ref --format=%(refname)%00%(upstream:short)%00%(objectname)%00%(upstream:track)%00%(upstream:remotename)%00%(upstream:remoteref) refs/heads/master refs/remotes/master [3ms]
2023-07-27 17:40:03.762 [info] > git status -z -uall [708ms]
2023-07-27 17:42:21.062 [info] > git config --get commit.template [116ms]
2023-07-27 17:42:21.100 [info] > git for-each-ref --format=%(refname)%00%(upstream:short)%00%(objectname)%00%(upstream:track)%00%(upstream:remotename)%00%(upstream:remoteref) refs/heads/master refs/remotes/master [52ms]
2023-07-27 17:42:23.169 [info] > git status -z -uall [2055ms]
