2023-07-31 10:51:33.584 [info] Log level: Info
2023-07-31 10:51:33.584 [info] Validating found git in: "git"
2023-07-31 10:51:33.584 [info] Using git "2.17.1" from "git"
2023-07-31 10:51:33.584 [info] > git rev-parse --show-toplevel [126ms]
2023-07-31 10:51:33.584 [info] fatal: not a git repository (or any of the parent directories): .git
2023-07-31 10:51:33.584 [info] > git rev-parse --show-toplevel [11ms]
2023-07-31 10:51:33.584 [info] > git rev-parse --git-dir --git-common-dir [13ms]
2023-07-31 10:51:33.584 [info] Open repository: /home/nvidia/jetson-inference/python/training/classification
2023-07-31 10:51:33.584 [info] > git rev-parse --show-toplevel [23ms]
2023-07-31 10:51:33.584 [info] fatal: not a git repository (or any of the parent directories): .git
2023-07-31 10:51:33.584 [info] > git rev-parse --show-toplevel [7ms]
2023-07-31 10:51:33.584 [info] fatal: not a git repository (or any of the parent directories): .git
2023-07-31 10:51:33.584 [info] > git config --get commit.template [44ms]
2023-07-31 10:51:33.584 [info] > git rev-parse --show-toplevel [7ms]
2023-07-31 10:51:33.584 [info] fatal: not a git repository (or any of the parent directories): .git
2023-07-31 10:51:33.584 [info] > git for-each-ref --format %(refname) %(objectname) %(*objectname) refs/tags [6ms]
2023-07-31 10:51:33.584 [info] > git rev-parse --show-toplevel [54ms]
2023-07-31 10:51:33.584 [info] fatal: not a git repository (or any of the parent directories): .git
2023-07-31 10:51:33.584 [info] > git status -z -uall [58ms]
2023-07-31 10:51:33.584 [info] > git rev-parse --show-toplevel [84ms]
2023-07-31 10:51:33.584 [info] fatal: not a git repository (or any of the parent directories): .git
2023-07-31 10:51:33.584 [info] > git config --get commit.template [22ms]
2023-07-31 10:51:33.584 [info] > git rev-parse --show-toplevel [6ms]
2023-07-31 10:51:33.584 [info] fatal: not a git repository (or any of the parent directories): .git
2023-07-31 10:51:33.584 [info] > git for-each-ref --format %(refname) %(objectname) %(*objectname) refs/tags [6ms]
2023-07-31 10:51:33.584 [info] > git rev-parse --show-toplevel [40ms]
2023-07-31 10:51:33.585 [info] fatal: not a git repository (or any of the parent directories): .git
2023-07-31 10:51:33.585 [info] > git status -z -uall [20ms]
2023-07-31 10:51:33.585 [info] > git rev-parse --show-toplevel [13ms]
2023-07-31 10:51:33.585 [info] > git rev-parse --git-dir --git-common-dir [8ms]
2023-07-31 10:51:33.585 [info] Open repository: /home/nvidia/jetson-inference
2023-07-31 10:51:33.604 [info] > git rev-parse --show-toplevel [23ms]
2023-07-31 10:51:33.604 [info] fatal: not a git repository (or any of the parent directories): .git
2023-07-31 10:51:33.623 [info] > git config --get commit.template [22ms]
2023-07-31 10:51:33.687 [info] > git rev-parse --show-toplevel [69ms]
2023-07-31 10:51:33.687 [info] fatal: not a git repository (or any of the parent directories): .git
2023-07-31 10:51:33.699 [info] > git for-each-ref --format=%(refname)%00%(upstream:short)%00%(objectname)%00%(upstream:track)%00%(upstream:remotename)%00%(upstream:remoteref) refs/heads/master refs/remotes/master [14ms]
2023-07-31 10:51:34.217 [info] > git ls-files --stage -- /home/nvidia/jetson-inference/python/training/classification/onnx_export.py [32ms]
2023-07-31 10:51:34.331 [info] > git cat-file -s 45fedd8391362e879e8b336c8677204a16b48bc8 [69ms]
2023-07-31 10:51:34.372 [info] > git show --textconv :onnx_export.py [203ms]
2023-07-31 10:51:34.376 [info] > git check-ignore -v -z --stdin [26ms]
2023-07-31 10:51:34.380 [info] > git check-ignore -v -z --stdin [12ms]
2023-07-31 10:51:34.584 [info] > git status -z -uall [869ms]
2023-07-31 10:51:34.623 [info] > git config --get commit.template [5ms]
2023-07-31 10:51:34.644 [info] > git for-each-ref --format=%(refname)%00%(upstream:short)%00%(objectname)%00%(upstream:track)%00%(upstream:remotename)%00%(upstream:remoteref) refs/heads/master refs/remotes/master [5ms]
2023-07-31 10:51:35.118 [info] > git rev-parse --show-toplevel [5ms]
2023-07-31 10:51:35.145 [info] > git rev-parse --git-dir --git-common-dir [11ms]
2023-07-31 10:51:35.159 [info] Open repository: /home/nvidia/jetson-inference/utils
2023-07-31 10:51:35.196 [info] > git rev-parse --show-toplevel [19ms]
2023-07-31 10:51:35.214 [info] > git config --get commit.template [21ms]
2023-07-31 10:51:35.242 [info] > git rev-parse --git-dir --git-common-dir [30ms]
2023-07-31 10:51:35.259 [info] Open repository: /home/nvidia/jetson-inference/tools/camera-capture
2023-07-31 10:51:35.320 [info] > git for-each-ref --format %(refname) %(objectname) %(*objectname) refs/tags [82ms]
2023-07-31 10:51:35.341 [info] > git config --get commit.template [23ms]
2023-07-31 10:51:35.342 [info] > git rev-parse --show-toplevel [50ms]
2023-07-31 10:51:35.389 [info] > git rev-parse --git-dir --git-common-dir [31ms]
2023-07-31 10:51:35.404 [info] Open repository: /home/nvidia/jetson-inference/python/training/detection
2023-07-31 10:51:35.443 [info] > git status -z -uall [104ms]
2023-07-31 10:51:35.464 [info] > git for-each-ref --format %(refname) %(objectname) %(*objectname) refs/tags [77ms]
2023-07-31 10:51:35.513 [info] > git status -z -uall [853ms]
2023-07-31 10:51:35.513 [info] > git status -z -uall [32ms]
2023-07-31 10:51:35.514 [info] > git config --get commit.template [72ms]
2023-07-31 10:51:35.522 [info] > git rev-parse --show-toplevel [99ms]
2023-07-31 10:51:35.542 [info] > git config --get commit.template [31ms]
2023-07-31 10:51:35.595 [info] > git rev-parse --git-dir --git-common-dir [57ms]
2023-07-31 10:51:35.608 [info] Open repository: /home/nvidia/jetson-inference/python/training/segmentation
2023-07-31 10:51:35.664 [info] > git config --get commit.template [71ms]
2023-07-31 10:51:35.665 [info] > git for-each-ref --format %(refname) %(objectname) %(*objectname) refs/tags [90ms]
2023-07-31 10:51:35.687 [info] > git config --get commit.template [24ms]
2023-07-31 10:51:35.687 [info] > git for-each-ref --format %(refname) %(objectname) %(*objectname) refs/tags [43ms]
2023-07-31 10:51:35.705 [info] > git rev-parse --show-toplevel [78ms]
2023-07-31 10:51:35.797 [info] > git status -z -uall [116ms]
2023-07-31 10:51:35.797 [info] > git status -z -uall [94ms]
2023-07-31 10:51:35.798 [info] > git rev-parse --git-dir --git-common-dir [76ms]
2023-07-31 10:51:35.812 [info] Open repository: /home/nvidia/jetson-inference/c/plugins/pose
2023-07-31 10:51:35.932 [info] > git rev-parse --show-toplevel [103ms]
2023-07-31 10:51:35.949 [info] > git for-each-ref --format %(refname) %(objectname) %(*objectname) refs/tags [156ms]
2023-07-31 10:51:36.017 [info] > git status -z -uall [50ms]
2023-07-31 10:51:36.022 [info] > git rev-parse --git-dir --git-common-dir [73ms]
2023-07-31 10:51:36.033 [info] Open repository: /home/nvidia/jetson-inference/docker/containers
2023-07-31 10:51:36.058 [info] > git config --get commit.template [154ms]
2023-07-31 10:51:36.059 [info] > git config --get commit.template [171ms]
2023-07-31 10:51:36.059 [info] > git for-each-ref --format %(refname) %(objectname) %(*objectname) refs/tags [189ms]
2023-07-31 10:51:36.161 [info] > git status -z -uall [81ms]
2023-07-31 10:51:36.161 [info] > git check-ignore -v -z --stdin [61ms]
2023-07-31 10:51:36.163 [info] > git check-ignore -v -z --stdin [46ms]
2023-07-31 10:51:36.164 [info] > git check-ignore -v -z --stdin [29ms]
2023-07-31 10:51:36.178 [info] > git rev-parse --show-toplevel [121ms]
2023-07-31 10:51:36.258 [info] > git rev-parse --git-dir --git-common-dir [60ms]
2023-07-31 10:51:36.278 [info] Open repository: /home/nvidia/jetson-inference/ros
2023-07-31 10:51:36.280 [info] > git config --get commit.template [126ms]
2023-07-31 10:51:36.313 [info] > git config --get commit.template [63ms]
2023-07-31 10:51:36.313 [info] > git for-each-ref --format %(refname) %(objectname) %(*objectname) refs/tags [80ms]
2023-07-31 10:51:36.330 [info] > git for-each-ref --format %(refname) %(objectname) %(*objectname) refs/tags [113ms]
2023-07-31 10:51:36.388 [info] > git status -z -uall [59ms]
2023-07-31 10:51:36.388 [info] > git status -z -uall [42ms]
2023-07-31 10:51:36.405 [info] > git config --get commit.template [106ms]
2023-07-31 10:51:36.673 [info] > git for-each-ref --format %(refname) %(objectname) %(*objectname) refs/tags [291ms]
2023-07-31 10:51:36.706 [info] > git rev-parse --show-toplevel [340ms]
2023-07-31 10:51:36.754 [info] > git status -z -uall [48ms]
2023-07-31 10:51:36.755 [info] > git rev-parse --git-dir --git-common-dir [30ms]
2023-07-31 10:51:36.771 [info] Open repository: /home/nvidia/jetson-inference/python/training/detection/ssd
2023-07-31 10:51:36.784 [info] > git config --get commit.template [325ms]
2023-07-31 10:51:36.784 [info] > git for-each-ref --format %(refname) %(objectname) %(*objectname) refs/tags [343ms]
2023-07-31 10:51:36.856 [info] > git for-each-ref --format %(refname) %(objectname) %(*objectname) refs/tags [107ms]
2023-07-31 10:51:36.899 [info] > git status -z -uall [99ms]
2023-07-31 10:51:36.900 [info] > git status -z -uall [27ms]
2023-07-31 10:51:37.004 [info] > git config --get commit.template [149ms]
2023-07-31 10:51:37.004 [info] > git config --get commit.template [181ms]
2023-07-31 10:51:37.017 [info] > git for-each-ref --format %(refname) %(objectname) %(*objectname) refs/tags [120ms]
2023-07-31 10:51:37.103 [info] > git status -z -uall [70ms]
2023-07-31 10:51:37.106 [info] > git config --get commit.template [9ms]
2023-07-31 10:51:37.107 [info] > git for-each-ref --format %(refname) %(objectname) %(*objectname) refs/tags [26ms]
2023-07-31 10:51:37.125 [info] > git for-each-ref --format %(refname) %(objectname) %(*objectname) refs/tags [60ms]
2023-07-31 10:51:37.149 [info] > git status -z -uall [25ms]
2023-07-31 10:51:37.171 [info] > git status -z -uall [30ms]
2023-07-31 10:51:37.204 [info] > git for-each-ref --format %(refname) %(objectname) %(*objectname) refs/tags [34ms]
2023-07-31 10:51:37.226 [info] > git config --get commit.template [24ms]
2023-07-31 10:51:37.227 [info] > git status -z -uall [7ms]
2023-07-31 10:51:37.347 [info] > git check-ignore -v -z --stdin [81ms]
2023-07-31 10:51:37.349 [info] > git check-ignore -v -z --stdin [64ms]
2023-07-31 10:51:37.350 [info] > git check-ignore -v -z --stdin [48ms]
2023-07-31 10:51:37.351 [info] > git check-ignore -v -z --stdin [31ms]
2023-07-31 10:51:37.352 [info] > git for-each-ref --format %(refname) %(objectname) %(*objectname) refs/tags [15ms]
2023-07-31 10:51:37.406 [info] > git status -z -uall [38ms]
2023-07-31 10:51:38.022 [info] > git check-ignore -v -z --stdin [74ms]
2023-07-31 10:51:38.026 [info] > git check-ignore -v -z --stdin [51ms]
2023-07-31 10:51:38.028 [info] > git check-ignore -v -z --stdin [32ms]
2023-07-31 10:51:38.029 [info] > git check-ignore -v -z --stdin [13ms]
2023-07-31 10:51:47.118 [info] > git show --textconv :.gitignore [18ms]
2023-07-31 10:51:47.121 [info] > git ls-files --stage -- /home/nvidia/jetson-inference/python/training/classification/.gitignore [5ms]
2023-07-31 10:51:47.140 [info] > git cat-file -s 535434b1f4cfa3b3a8b32f6ad773c0411fc2c1c8 [4ms]
2023-07-31 10:51:51.769 [info] > git check-ignore -v -z --stdin [36ms]
2023-07-31 10:51:51.770 [info] > git check-ignore -v -z --stdin [21ms]
2023-07-31 10:51:51.771 [info] > git check-ignore -v -z --stdin [6ms]
2023-07-31 10:51:59.135 [info] > git check-ignore -v -z --stdin [6ms]
2023-07-31 10:52:00.376 [info] > git ls-files --stage -- /home/nvidia/jetson-inference/python/bindings/PyActionNet.cpp [2ms]
2023-07-31 10:52:00.394 [info] > git cat-file -s 71db85cdeacf42b17ec9b55d062ab931e20e3255 [3ms]
2023-07-31 10:52:00.404 [info] > git show --textconv :python/bindings/PyActionNet.cpp [51ms]
2023-07-31 10:52:00.918 [info] > git ls-files --stage -- /home/nvidia/jetson-inference/python/bindings/PyBackgroundNet.h [3ms]
2023-07-31 10:52:00.937 [info] > git cat-file -s 8d401c34584ff6a699520c2c49adf727eb58c48c [4ms]
2023-07-31 10:52:00.942 [info] > git show --textconv :python/bindings/PyBackgroundNet.h [45ms]
2023-07-31 10:52:05.071 [info] > git check-ignore -v -z --stdin [5ms]
2023-07-31 10:52:05.586 [info] > git show --textconv :python/examples/actionnet.py [16ms]
2023-07-31 10:52:05.588 [info] > git ls-files --stage -- /home/nvidia/jetson-inference/python/examples/actionnet.py [4ms]
2023-07-31 10:52:05.605 [info] > git cat-file -s 0e4f6d91c7e3f1351e56d2aa256fcf1ec526f21f [3ms]
2023-07-31 10:52:06.414 [info] > git show --textconv :python/examples/backgroundnet.py [18ms]
2023-07-31 10:52:06.423 [info] > git ls-files --stage -- /home/nvidia/jetson-inference/python/examples/backgroundnet.py [10ms]
2023-07-31 10:52:06.443 [info] > git cat-file -s 459ae01745cb263da579092312cfb676924898d5 [6ms]
2023-07-31 10:52:11.969 [info] > git check-ignore -v -z --stdin [3ms]
2023-07-31 10:52:14.324 [info] > git check-ignore -v -z --stdin [3ms]
2023-07-31 10:52:16.020 [info] > git check-ignore -v -z --stdin [3ms]
2023-07-31 10:52:17.068 [info] > git check-ignore -v -z --stdin [3ms]
2023-07-31 10:52:19.698 [info] > git check-ignore -v -z --stdin [2ms]
2023-07-31 10:52:21.255 [info] > git check-ignore -v -z --stdin [3ms]
2023-07-31 10:52:28.068 [info] > git show --textconv :nuswide.py [16ms]
2023-07-31 10:52:28.071 [info] > git ls-files --stage -- /home/nvidia/jetson-inference/python/training/classification/nuswide.py [5ms]
2023-07-31 10:52:28.089 [info] > git cat-file -s ddb83bf319fdd939b9f5330ccabe981d8412a27d [4ms]
2023-07-31 10:52:33.416 [info] > git show --textconv :python/python/jetson_inference/__init__.py [16ms]
2023-07-31 10:52:33.419 [info] > git ls-files --stage -- /home/nvidia/jetson-inference/python/python/jetson_inference/__init__.py [5ms]
2023-07-31 10:52:33.436 [info] > git cat-file -s e12a197d2cfa86d156abbbd4cfc868b326bbe087 [3ms]
2023-07-31 10:53:10.704 [info] > git check-ignore -v -z --stdin [7ms]
2023-07-31 10:53:13.144 [info] > git check-ignore -v -z --stdin [10ms]
2023-07-31 10:53:18.349 [info] > git check-ignore -v -z --stdin [7ms]
2023-07-31 10:53:22.741 [info] > git check-ignore -v -z --stdin [4ms]
2023-07-31 10:53:24.257 [info] > git check-ignore -v -z --stdin [6ms]
2023-07-31 10:53:25.017 [info] > git check-ignore -v -z --stdin [5ms]
2023-07-31 10:53:28.613 [info] > git check-ignore -v -z --stdin [12ms]
2023-07-31 10:53:31.739 [info] > git check-ignore -v -z --stdin [4ms]
2023-07-31 10:53:39.479 [info] > git check-ignore -v -z --stdin [4ms]
2023-07-31 11:31:40.756 [info] > git config --get commit.template [29ms]
2023-07-31 11:31:40.772 [info] > git for-each-ref --format=%(refname)%00%(upstream:short)%00%(objectname)%00%(upstream:track)%00%(upstream:remotename)%00%(upstream:remoteref) refs/heads/master refs/remotes/master [18ms]
2023-07-31 11:31:42.687 [info] > git status -z -uall [1900ms]
2023-07-31 11:38:23.083 [info] > git config --get commit.template [28ms]
2023-07-31 11:38:23.101 [info] > git for-each-ref --format=%(refname)%00%(upstream:short)%00%(objectname)%00%(upstream:track)%00%(upstream:remotename)%00%(upstream:remoteref) refs/heads/master refs/remotes/master [19ms]
2023-07-31 11:38:23.843 [info] > git status -z -uall [728ms]
