2023-07-31 15:56:54.429 [info] Extension host with pid 15348 started
2023-07-31 15:56:54.497 [info] Lock '/home/nvidia/.vscode-server/data/User/workspaceStorage/0302981942896b629cd44cd7abcd7842/vscode.lock': Lock acquired.
2023-07-31 15:56:54.696 [info] ExtensionService#_doActivateExtension ms-python.python, startup: false, activationEvent: 'onLanguage:python'
2023-07-31 15:56:54.701 [info] ExtensionService#_doActivateExtension vscode.emmet, startup: false, activationEvent: 'onLanguage'
2023-07-31 15:56:55.705 [info] ExtensionService#_doActivateExtension vscode.git-base, startup: true, activationEvent: '*', root cause: vscode.git
2023-07-31 15:56:56.108 [info] ExtensionService#_doActivateExtension vscode.git, startup: true, activationEvent: '*'
2023-07-31 15:56:56.109 [info] ExtensionService#_doActivateExtension vscode.github, startup: true, activationEvent: '*'
2023-07-31 15:56:56.704 [info] ExtensionService#_doActivateExtension ms-python.vscode-pylance, startup: false, activationEvent: 'onLanguage:python'
2023-07-31 15:56:58.213 [info] Eager extensions activated
2023-07-31 15:56:58.214 [info] ExtensionService#_doActivateExtension vscode.debug-auto-launch, startup: false, activationEvent: 'onStartupFinished'
2023-07-31 15:56:58.216 [info] ExtensionService#_doActivateExtension vscode.merge-conflict, startup: false, activationEvent: 'onStartupFinished'
2023-07-31 16:05:53.257 [info] ExtensionService#_doActivateExtension vscode.npm, startup: false, activationEvent: 'onTerminalQuickFixRequest:ms-vscode.npm-command'
2023-07-31 16:15:22.993 [info] ExtensionService#_doActivateExtension vscode.json-language-features, startup: false, activationEvent: 'onLanguage:jsonc'
2023-07-31 16:15:22.994 [info] ExtensionService#_doActivateExtension vscode.typescript-language-features, startup: false, activationEvent: 'onLanguage:jsonc'
2023-07-31 17:56:57.966 [error] Error: getaddrinfo ENOTFOUND mobile.events.data.microsoft.com
	at GetAddrInfoReqWrap.onlookup [as oncomplete] (node:dns:109:26)
2023-07-31 17:57:01.275 [error] Error: getaddrinfo ENOTFOUND mobile.events.data.microsoft.com
	at GetAddrInfoReqWrap.onlookup [as oncomplete] (node:dns:109:26)
2023-07-31 18:15:25.639 [error] Error: getaddrinfo ENOTFOUND mobile.events.data.microsoft.com
	at GetAddrInfoReqWrap.onlookup [as oncomplete] (node:dns:109:26)
2023-07-31 20:50:16.379 [info] Extension host terminating: renderer disconnected for too long (1)
2023-07-31 20:50:16.390 [info] Lock '/home/nvidia/.vscode-server/data/User/workspaceStorage/0302981942896b629cd44cd7abcd7842/vscode.lock': Marking the lockfile as scheduled to be released in 6000 ms.
2023-07-31 20:50:16.483 [error] Canceled: Canceled
	at new h (/home/nvidia/.vscode-server/bin/2ccd690cbff1569e4a83d7c43d45101f817401dc/out/vs/workbench/api/node/extensionHostProcess.js:100:42413)
	at t.O (/home/nvidia/.vscode-server/bin/2ccd690cbff1569e4a83d7c43d45101f817401dc/out/vs/workbench/api/node/extensionHostProcess.js:112:11236)
	at Proxy.U.<computed>.q.charCodeAt.U.<computed> (/home/nvidia/.vscode-server/bin/2ccd690cbff1569e4a83d7c43d45101f817401dc/out/vs/workbench/api/node/extensionHostProcess.js:112:8675)
	at e.$vL.g (/home/nvidia/.vscode-server/bin/2ccd690cbff1569e4a83d7c43d45101f817401dc/out/vs/workbench/api/node/extensionHostProcess.js:100:63549)
	at e.$vL.executeCommand (/home/nvidia/.vscode-server/bin/2ccd690cbff1569e4a83d7c43d45101f817401dc/out/vs/workbench/api/node/extensionHostProcess.js:100:62973)
	at P.registerCommand.description (/home/nvidia/.vscode-server/bin/2ccd690cbff1569e4a83d7c43d45101f817401dc/out/vs/workbench/api/node/extensionHostProcess.js:100:62280)
	at e.$vL.h (/home/nvidia/.vscode-server/bin/2ccd690cbff1569e4a83d7c43d45101f817401dc/out/vs/workbench/api/node/extensionHostProcess.js:100:64085)
	at e.$vL.g (/home/nvidia/.vscode-server/bin/2ccd690cbff1569e4a83d7c43d45101f817401dc/out/vs/workbench/api/node/extensionHostProcess.js:100:63073)
	at e.$vL.executeCommand (/home/nvidia/.vscode-server/bin/2ccd690cbff1569e4a83d7c43d45101f817401dc/out/vs/workbench/api/node/extensionHostProcess.js:100:62973)
	at Object.executeCommand (/home/nvidia/.vscode-server/bin/2ccd690cbff1569e4a83d7c43d45101f817401dc/out/vs/workbench/api/node/extensionHostProcess.js:118:20971)
	at i.D [as value] (/home/nvidia/.vscode-server/bin/2ccd690cbff1569e4a83d7c43d45101f817401dc/extensions/git/dist/main.js:2:1260424)
	at p.w (/home/nvidia/.vscode-server/bin/2ccd690cbff1569e4a83d7c43d45101f817401dc/out/vs/workbench/api/node/extensionHostProcess.js:60:1902)
	at p.x (/home/nvidia/.vscode-server/bin/2ccd690cbff1569e4a83d7c43d45101f817401dc/out/vs/workbench/api/node/extensionHostProcess.js:60:1972)
	at p.fire (/home/nvidia/.vscode-server/bin/2ccd690cbff1569e4a83d7c43d45101f817401dc/out/vs/workbench/api/node/extensionHostProcess.js:60:2188)
	at Object.m [as dispose] (/home/nvidia/.vscode-server/bin/2ccd690cbff1569e4a83d7c43d45101f817401dc/extensions/git/dist/main.js:2:1275972)
	at /home/nvidia/.vscode-server/bin/2ccd690cbff1569e4a83d7c43d45101f817401dc/extensions/git/dist/main.js:2:1280539
	at Array.forEach (<anonymous>)
	at g.dispose (/home/nvidia/.vscode-server/bin/2ccd690cbff1569e4a83d7c43d45101f817401dc/extensions/git/dist/main.js:2:1280525)
	at o.<anonymous> (/home/nvidia/.vscode-server/bin/2ccd690cbff1569e4a83d7c43d45101f817401dc/out/vs/workbench/api/node/extensionHostProcess.js:96:4162)
	at o.dispose (/home/nvidia/.vscode-server/bin/2ccd690cbff1569e4a83d7c43d45101f817401dc/out/vs/workbench/api/node/extensionHostProcess.js:96:4297)
	at o.<anonymous> (/home/nvidia/.vscode-server/bin/2ccd690cbff1569e4a83d7c43d45101f817401dc/extensions/git/dist/main.js:2:1262437)
	at o.dispose (/home/nvidia/.vscode-server/bin/2ccd690cbff1569e4a83d7c43d45101f817401dc/out/vs/workbench/api/node/extensionHostProcess.js:96:4297)
	at D (/home/nvidia/.vscode-server/bin/2ccd690cbff1569e4a83d7c43d45101f817401dc/out/vs/workbench/api/node/extensionHostProcess.js:10:11731)
	at i.Z (/home/nvidia/.vscode-server/bin/2ccd690cbff1569e4a83d7c43d45101f817401dc/out/vs/workbench/api/node/extensionHostProcess.js:114:10370)
	at /home/nvidia/.vscode-server/bin/2ccd690cbff1569e4a83d7c43d45101f817401dc/out/vs/workbench/api/node/extensionHostProcess.js:114:8332
	at Array.map (<anonymous>)
	at i.S (/home/nvidia/.vscode-server/bin/2ccd690cbff1569e4a83d7c43d45101f817401dc/out/vs/workbench/api/node/extensionHostProcess.js:114:8319)
	at i.terminate (/home/nvidia/.vscode-server/bin/2ccd690cbff1569e4a83d7c43d45101f817401dc/out/vs/workbench/api/node/extensionHostProcess.js:114:8591)
	at l.terminate (/home/nvidia/.vscode-server/bin/2ccd690cbff1569e4a83d7c43d45101f817401dc/out/vs/workbench/api/node/extensionHostProcess.js:118:1532)
	at E (/home/nvidia/.vscode-server/bin/2ccd690cbff1569e4a83d7c43d45101f817401dc/out/vs/workbench/api/node/extensionHostProcess.js:128:32236)
	at q.a (/home/nvidia/.vscode-server/bin/2ccd690cbff1569e4a83d7c43d45101f817401dc/out/vs/workbench/api/node/extensionHostProcess.js:128:28970)
	at q.h (/home/nvidia/.vscode-server/bin/2ccd690cbff1569e4a83d7c43d45101f817401dc/out/vs/workbench/api/node/extensionHostProcess.js:70:16508)
	at listOnTimeout (node:internal/timers:559:17)
	at processTimers (node:internal/timers:502:7) setContext undefined
2023-07-31 20:50:16.484 [error] Canceled: Canceled
	at new h (/home/nvidia/.vscode-server/bin/2ccd690cbff1569e4a83d7c43d45101f817401dc/out/vs/workbench/api/node/extensionHostProcess.js:100:42413)
	at t.O (/home/nvidia/.vscode-server/bin/2ccd690cbff1569e4a83d7c43d45101f817401dc/out/vs/workbench/api/node/extensionHostProcess.js:112:11236)
	at Proxy.U.<computed>.q.charCodeAt.U.<computed> (/home/nvidia/.vscode-server/bin/2ccd690cbff1569e4a83d7c43d45101f817401dc/out/vs/workbench/api/node/extensionHostProcess.js:112:8675)
	at e.$vL.g (/home/nvidia/.vscode-server/bin/2ccd690cbff1569e4a83d7c43d45101f817401dc/out/vs/workbench/api/node/extensionHostProcess.js:100:63549)
	at e.$vL.executeCommand (/home/nvidia/.vscode-server/bin/2ccd690cbff1569e4a83d7c43d45101f817401dc/out/vs/workbench/api/node/extensionHostProcess.js:100:62973)
	at P.registerCommand.description (/home/nvidia/.vscode-server/bin/2ccd690cbff1569e4a83d7c43d45101f817401dc/out/vs/workbench/api/node/extensionHostProcess.js:100:62280)
	at e.$vL.h (/home/nvidia/.vscode-server/bin/2ccd690cbff1569e4a83d7c43d45101f817401dc/out/vs/workbench/api/node/extensionHostProcess.js:100:64085)
	at e.$vL.g (/home/nvidia/.vscode-server/bin/2ccd690cbff1569e4a83d7c43d45101f817401dc/out/vs/workbench/api/node/extensionHostProcess.js:100:63073)
	at e.$vL.executeCommand (/home/nvidia/.vscode-server/bin/2ccd690cbff1569e4a83d7c43d45101f817401dc/out/vs/workbench/api/node/extensionHostProcess.js:100:62973)
	at Object.executeCommand (/home/nvidia/.vscode-server/bin/2ccd690cbff1569e4a83d7c43d45101f817401dc/out/vs/workbench/api/node/extensionHostProcess.js:118:20971)
	at i.D [as value] (/home/nvidia/.vscode-server/bin/2ccd690cbff1569e4a83d7c43d45101f817401dc/extensions/git/dist/main.js:2:1260424)
	at p.w (/home/nvidia/.vscode-server/bin/2ccd690cbff1569e4a83d7c43d45101f817401dc/out/vs/workbench/api/node/extensionHostProcess.js:60:1902)
	at p.x (/home/nvidia/.vscode-server/bin/2ccd690cbff1569e4a83d7c43d45101f817401dc/out/vs/workbench/api/node/extensionHostProcess.js:60:1972)
	at p.fire (/home/nvidia/.vscode-server/bin/2ccd690cbff1569e4a83d7c43d45101f817401dc/out/vs/workbench/api/node/extensionHostProcess.js:60:2188)
	at Object.m [as dispose] (/home/nvidia/.vscode-server/bin/2ccd690cbff1569e4a83d7c43d45101f817401dc/extensions/git/dist/main.js:2:1275972)
	at /home/nvidia/.vscode-server/bin/2ccd690cbff1569e4a83d7c43d45101f817401dc/extensions/git/dist/main.js:2:1280539
	at Array.forEach (<anonymous>)
	at g.dispose (/home/nvidia/.vscode-server/bin/2ccd690cbff1569e4a83d7c43d45101f817401dc/extensions/git/dist/main.js:2:1280525)
	at o.<anonymous> (/home/nvidia/.vscode-server/bin/2ccd690cbff1569e4a83d7c43d45101f817401dc/out/vs/workbench/api/node/extensionHostProcess.js:96:4162)
	at o.dispose (/home/nvidia/.vscode-server/bin/2ccd690cbff1569e4a83d7c43d45101f817401dc/out/vs/workbench/api/node/extensionHostProcess.js:96:4297)
	at o.<anonymous> (/home/nvidia/.vscode-server/bin/2ccd690cbff1569e4a83d7c43d45101f817401dc/extensions/git/dist/main.js:2:1262437)
	at o.dispose (/home/nvidia/.vscode-server/bin/2ccd690cbff1569e4a83d7c43d45101f817401dc/out/vs/workbench/api/node/extensionHostProcess.js:96:4297)
	at D (/home/nvidia/.vscode-server/bin/2ccd690cbff1569e4a83d7c43d45101f817401dc/out/vs/workbench/api/node/extensionHostProcess.js:10:11731)
	at i.Z (/home/nvidia/.vscode-server/bin/2ccd690cbff1569e4a83d7c43d45101f817401dc/out/vs/workbench/api/node/extensionHostProcess.js:114:10370)
	at /home/nvidia/.vscode-server/bin/2ccd690cbff1569e4a83d7c43d45101f817401dc/out/vs/workbench/api/node/extensionHostProcess.js:114:8332
	at Array.map (<anonymous>)
	at i.S (/home/nvidia/.vscode-server/bin/2ccd690cbff1569e4a83d7c43d45101f817401dc/out/vs/workbench/api/node/extensionHostProcess.js:114:8319)
	at i.terminate (/home/nvidia/.vscode-server/bin/2ccd690cbff1569e4a83d7c43d45101f817401dc/out/vs/workbench/api/node/extensionHostProcess.js:114:8591)
	at l.terminate (/home/nvidia/.vscode-server/bin/2ccd690cbff1569e4a83d7c43d45101f817401dc/out/vs/workbench/api/node/extensionHostProcess.js:118:1532)
	at E (/home/nvidia/.vscode-server/bin/2ccd690cbff1569e4a83d7c43d45101f817401dc/out/vs/workbench/api/node/extensionHostProcess.js:128:32236)
	at q.a (/home/nvidia/.vscode-server/bin/2ccd690cbff1569e4a83d7c43d45101f817401dc/out/vs/workbench/api/node/extensionHostProcess.js:128:28970)
	at q.h (/home/nvidia/.vscode-server/bin/2ccd690cbff1569e4a83d7c43d45101f817401dc/out/vs/workbench/api/node/extensionHostProcess.js:70:16508)
	at listOnTimeout (node:internal/timers:559:17)
	at processTimers (node:internal/timers:502:7) setContext undefined
2023-07-31 20:50:16.485 [error] Canceled: Canceled
	at new h (/home/nvidia/.vscode-server/bin/2ccd690cbff1569e4a83d7c43d45101f817401dc/out/vs/workbench/api/node/extensionHostProcess.js:100:42413)
	at t.O (/home/nvidia/.vscode-server/bin/2ccd690cbff1569e4a83d7c43d45101f817401dc/out/vs/workbench/api/node/extensionHostProcess.js:112:11236)
	at Proxy.U.<computed>.q.charCodeAt.U.<computed> (/home/nvidia/.vscode-server/bin/2ccd690cbff1569e4a83d7c43d45101f817401dc/out/vs/workbench/api/node/extensionHostProcess.js:112:8675)
	at e.$vL.g (/home/nvidia/.vscode-server/bin/2ccd690cbff1569e4a83d7c43d45101f817401dc/out/vs/workbench/api/node/extensionHostProcess.js:100:63549)
	at e.$vL.executeCommand (/home/nvidia/.vscode-server/bin/2ccd690cbff1569e4a83d7c43d45101f817401dc/out/vs/workbench/api/node/extensionHostProcess.js:100:62973)
	at P.registerCommand.description (/home/nvidia/.vscode-server/bin/2ccd690cbff1569e4a83d7c43d45101f817401dc/out/vs/workbench/api/node/extensionHostProcess.js:100:62280)
	at e.$vL.h (/home/nvidia/.vscode-server/bin/2ccd690cbff1569e4a83d7c43d45101f817401dc/out/vs/workbench/api/node/extensionHostProcess.js:100:64085)
	at e.$vL.g (/home/nvidia/.vscode-server/bin/2ccd690cbff1569e4a83d7c43d45101f817401dc/out/vs/workbench/api/node/extensionHostProcess.js:100:63073)
	at e.$vL.executeCommand (/home/nvidia/.vscode-server/bin/2ccd690cbff1569e4a83d7c43d45101f817401dc/out/vs/workbench/api/node/extensionHostProcess.js:100:62973)
	at Object.executeCommand (/home/nvidia/.vscode-server/bin/2ccd690cbff1569e4a83d7c43d45101f817401dc/out/vs/workbench/api/node/extensionHostProcess.js:118:20971)
	at i.D [as value] (/home/nvidia/.vscode-server/bin/2ccd690cbff1569e4a83d7c43d45101f817401dc/extensions/git/dist/main.js:2:1260424)
	at p.w (/home/nvidia/.vscode-server/bin/2ccd690cbff1569e4a83d7c43d45101f817401dc/out/vs/workbench/api/node/extensionHostProcess.js:60:1902)
	at p.x (/home/nvidia/.vscode-server/bin/2ccd690cbff1569e4a83d7c43d45101f817401dc/out/vs/workbench/api/node/extensionHostProcess.js:60:1972)
	at p.fire (/home/nvidia/.vscode-server/bin/2ccd690cbff1569e4a83d7c43d45101f817401dc/out/vs/workbench/api/node/extensionHostProcess.js:60:2188)
	at Object.m [as dispose] (/home/nvidia/.vscode-server/bin/2ccd690cbff1569e4a83d7c43d45101f817401dc/extensions/git/dist/main.js:2:1275972)
	at /home/nvidia/.vscode-server/bin/2ccd690cbff1569e4a83d7c43d45101f817401dc/extensions/git/dist/main.js:2:1280539
	at Array.forEach (<anonymous>)
	at g.dispose (/home/nvidia/.vscode-server/bin/2ccd690cbff1569e4a83d7c43d45101f817401dc/extensions/git/dist/main.js:2:1280525)
	at o.<anonymous> (/home/nvidia/.vscode-server/bin/2ccd690cbff1569e4a83d7c43d45101f817401dc/out/vs/workbench/api/node/extensionHostProcess.js:96:4162)
	at o.dispose (/home/nvidia/.vscode-server/bin/2ccd690cbff1569e4a83d7c43d45101f817401dc/out/vs/workbench/api/node/extensionHostProcess.js:96:4297)
	at o.<anonymous> (/home/nvidia/.vscode-server/bin/2ccd690cbff1569e4a83d7c43d45101f817401dc/extensions/git/dist/main.js:2:1262437)
	at o.dispose (/home/nvidia/.vscode-server/bin/2ccd690cbff1569e4a83d7c43d45101f817401dc/out/vs/workbench/api/node/extensionHostProcess.js:96:4297)
	at D (/home/nvidia/.vscode-server/bin/2ccd690cbff1569e4a83d7c43d45101f817401dc/out/vs/workbench/api/node/extensionHostProcess.js:10:11731)
	at i.Z (/home/nvidia/.vscode-server/bin/2ccd690cbff1569e4a83d7c43d45101f817401dc/out/vs/workbench/api/node/extensionHostProcess.js:114:10370)
	at /home/nvidia/.vscode-server/bin/2ccd690cbff1569e4a83d7c43d45101f817401dc/out/vs/workbench/api/node/extensionHostProcess.js:114:8332
	at Array.map (<anonymous>)
	at i.S (/home/nvidia/.vscode-server/bin/2ccd690cbff1569e4a83d7c43d45101f817401dc/out/vs/workbench/api/node/extensionHostProcess.js:114:8319)
	at i.terminate (/home/nvidia/.vscode-server/bin/2ccd690cbff1569e4a83d7c43d45101f817401dc/out/vs/workbench/api/node/extensionHostProcess.js:114:8591)
	at l.terminate (/home/nvidia/.vscode-server/bin/2ccd690cbff1569e4a83d7c43d45101f817401dc/out/vs/workbench/api/node/extensionHostProcess.js:118:1532)
	at E (/home/nvidia/.vscode-server/bin/2ccd690cbff1569e4a83d7c43d45101f817401dc/out/vs/workbench/api/node/extensionHostProcess.js:128:32236)
	at q.a (/home/nvidia/.vscode-server/bin/2ccd690cbff1569e4a83d7c43d45101f817401dc/out/vs/workbench/api/node/extensionHostProcess.js:128:28970)
	at q.h (/home/nvidia/.vscode-server/bin/2ccd690cbff1569e4a83d7c43d45101f817401dc/out/vs/workbench/api/node/extensionHostProcess.js:70:16508)
	at listOnTimeout (node:internal/timers:559:17)
	at processTimers (node:internal/timers:502:7) setContext undefined
2023-07-31 20:50:16.485 [error] Canceled: Canceled
	at new h (/home/nvidia/.vscode-server/bin/2ccd690cbff1569e4a83d7c43d45101f817401dc/out/vs/workbench/api/node/extensionHostProcess.js:100:42413)
	at t.O (/home/nvidia/.vscode-server/bin/2ccd690cbff1569e4a83d7c43d45101f817401dc/out/vs/workbench/api/node/extensionHostProcess.js:112:11236)
	at Proxy.U.<computed>.q.charCodeAt.U.<computed> (/home/nvidia/.vscode-server/bin/2ccd690cbff1569e4a83d7c43d45101f817401dc/out/vs/workbench/api/node/extensionHostProcess.js:112:8675)
	at e.$vL.g (/home/nvidia/.vscode-server/bin/2ccd690cbff1569e4a83d7c43d45101f817401dc/out/vs/workbench/api/node/extensionHostProcess.js:100:63549)
	at e.$vL.executeCommand (/home/nvidia/.vscode-server/bin/2ccd690cbff1569e4a83d7c43d45101f817401dc/out/vs/workbench/api/node/extensionHostProcess.js:100:62973)
	at P.registerCommand.description (/home/nvidia/.vscode-server/bin/2ccd690cbff1569e4a83d7c43d45101f817401dc/out/vs/workbench/api/node/extensionHostProcess.js:100:62280)
	at e.$vL.h (/home/nvidia/.vscode-server/bin/2ccd690cbff1569e4a83d7c43d45101f817401dc/out/vs/workbench/api/node/extensionHostProcess.js:100:64085)
	at e.$vL.g (/home/nvidia/.vscode-server/bin/2ccd690cbff1569e4a83d7c43d45101f817401dc/out/vs/workbench/api/node/extensionHostProcess.js:100:63073)
	at e.$vL.executeCommand (/home/nvidia/.vscode-server/bin/2ccd690cbff1569e4a83d7c43d45101f817401dc/out/vs/workbench/api/node/extensionHostProcess.js:100:62973)
	at Object.executeCommand (/home/nvidia/.vscode-server/bin/2ccd690cbff1569e4a83d7c43d45101f817401dc/out/vs/workbench/api/node/extensionHostProcess.js:118:20971)
	at i.D [as value] (/home/nvidia/.vscode-server/bin/2ccd690cbff1569e4a83d7c43d45101f817401dc/extensions/git/dist/main.js:2:1260424)
	at p.w (/home/nvidia/.vscode-server/bin/2ccd690cbff1569e4a83d7c43d45101f817401dc/out/vs/workbench/api/node/extensionHostProcess.js:60:1902)
	at p.x (/home/nvidia/.vscode-server/bin/2ccd690cbff1569e4a83d7c43d45101f817401dc/out/vs/workbench/api/node/extensionHostProcess.js:60:1972)
	at p.fire (/home/nvidia/.vscode-server/bin/2ccd690cbff1569e4a83d7c43d45101f817401dc/out/vs/workbench/api/node/extensionHostProcess.js:60:2188)
	at Object.m [as dispose] (/home/nvidia/.vscode-server/bin/2ccd690cbff1569e4a83d7c43d45101f817401dc/extensions/git/dist/main.js:2:1275972)
	at /home/nvidia/.vscode-server/bin/2ccd690cbff1569e4a83d7c43d45101f817401dc/extensions/git/dist/main.js:2:1280539
	at Array.forEach (<anonymous>)
	at g.dispose (/home/nvidia/.vscode-server/bin/2ccd690cbff1569e4a83d7c43d45101f817401dc/extensions/git/dist/main.js:2:1280525)
	at o.<anonymous> (/home/nvidia/.vscode-server/bin/2ccd690cbff1569e4a83d7c43d45101f817401dc/out/vs/workbench/api/node/extensionHostProcess.js:96:4162)
	at o.dispose (/home/nvidia/.vscode-server/bin/2ccd690cbff1569e4a83d7c43d45101f817401dc/out/vs/workbench/api/node/extensionHostProcess.js:96:4297)
	at o.<anonymous> (/home/nvidia/.vscode-server/bin/2ccd690cbff1569e4a83d7c43d45101f817401dc/extensions/git/dist/main.js:2:1262437)
	at o.dispose (/home/nvidia/.vscode-server/bin/2ccd690cbff1569e4a83d7c43d45101f817401dc/out/vs/workbench/api/node/extensionHostProcess.js:96:4297)
	at D (/home/nvidia/.vscode-server/bin/2ccd690cbff1569e4a83d7c43d45101f817401dc/out/vs/workbench/api/node/extensionHostProcess.js:10:11731)
	at i.Z (/home/nvidia/.vscode-server/bin/2ccd690cbff1569e4a83d7c43d45101f817401dc/out/vs/workbench/api/node/extensionHostProcess.js:114:10370)
	at /home/nvidia/.vscode-server/bin/2ccd690cbff1569e4a83d7c43d45101f817401dc/out/vs/workbench/api/node/extensionHostProcess.js:114:8332
	at Array.map (<anonymous>)
	at i.S (/home/nvidia/.vscode-server/bin/2ccd690cbff1569e4a83d7c43d45101f817401dc/out/vs/workbench/api/node/extensionHostProcess.js:114:8319)
	at i.terminate (/home/nvidia/.vscode-server/bin/2ccd690cbff1569e4a83d7c43d45101f817401dc/out/vs/workbench/api/node/extensionHostProcess.js:114:8591)
	at l.terminate (/home/nvidia/.vscode-server/bin/2ccd690cbff1569e4a83d7c43d45101f817401dc/out/vs/workbench/api/node/extensionHostProcess.js:118:1532)
	at E (/home/nvidia/.vscode-server/bin/2ccd690cbff1569e4a83d7c43d45101f817401dc/out/vs/workbench/api/node/extensionHostProcess.js:128:32236)
	at q.a (/home/nvidia/.vscode-server/bin/2ccd690cbff1569e4a83d7c43d45101f817401dc/out/vs/workbench/api/node/extensionHostProcess.js:128:28970)
	at q.h (/home/nvidia/.vscode-server/bin/2ccd690cbff1569e4a83d7c43d45101f817401dc/out/vs/workbench/api/node/extensionHostProcess.js:70:16508)
	at listOnTimeout (node:internal/timers:559:17)
	at processTimers (node:internal/timers:502:7) setContext undefined
2023-07-31 20:50:16.486 [error] Canceled: Canceled
	at new h (/home/nvidia/.vscode-server/bin/2ccd690cbff1569e4a83d7c43d45101f817401dc/out/vs/workbench/api/node/extensionHostProcess.js:100:42413)
	at t.O (/home/nvidia/.vscode-server/bin/2ccd690cbff1569e4a83d7c43d45101f817401dc/out/vs/workbench/api/node/extensionHostProcess.js:112:11236)
	at Proxy.U.<computed>.q.charCodeAt.U.<computed> (/home/nvidia/.vscode-server/bin/2ccd690cbff1569e4a83d7c43d45101f817401dc/out/vs/workbench/api/node/extensionHostProcess.js:112:8675)
	at e.$vL.g (/home/nvidia/.vscode-server/bin/2ccd690cbff1569e4a83d7c43d45101f817401dc/out/vs/workbench/api/node/extensionHostProcess.js:100:63549)
	at e.$vL.executeCommand (/home/nvidia/.vscode-server/bin/2ccd690cbff1569e4a83d7c43d45101f817401dc/out/vs/workbench/api/node/extensionHostProcess.js:100:62973)
	at P.registerCommand.description (/home/nvidia/.vscode-server/bin/2ccd690cbff1569e4a83d7c43d45101f817401dc/out/vs/workbench/api/node/extensionHostProcess.js:100:62280)
	at e.$vL.h (/home/nvidia/.vscode-server/bin/2ccd690cbff1569e4a83d7c43d45101f817401dc/out/vs/workbench/api/node/extensionHostProcess.js:100:64085)
	at e.$vL.g (/home/nvidia/.vscode-server/bin/2ccd690cbff1569e4a83d7c43d45101f817401dc/out/vs/workbench/api/node/extensionHostProcess.js:100:63073)
	at e.$vL.executeCommand (/home/nvidia/.vscode-server/bin/2ccd690cbff1569e4a83d7c43d45101f817401dc/out/vs/workbench/api/node/extensionHostProcess.js:100:62973)
	at Object.executeCommand (/home/nvidia/.vscode-server/bin/2ccd690cbff1569e4a83d7c43d45101f817401dc/out/vs/workbench/api/node/extensionHostProcess.js:118:20971)
	at i.D [as value] (/home/nvidia/.vscode-server/bin/2ccd690cbff1569e4a83d7c43d45101f817401dc/extensions/git/dist/main.js:2:1260424)
	at p.w (/home/nvidia/.vscode-server/bin/2ccd690cbff1569e4a83d7c43d45101f817401dc/out/vs/workbench/api/node/extensionHostProcess.js:60:1902)
	at p.x (/home/nvidia/.vscode-server/bin/2ccd690cbff1569e4a83d7c43d45101f817401dc/out/vs/workbench/api/node/extensionHostProcess.js:60:1972)
	at p.fire (/home/nvidia/.vscode-server/bin/2ccd690cbff1569e4a83d7c43d45101f817401dc/out/vs/workbench/api/node/extensionHostProcess.js:60:2188)
	at Object.m [as dispose] (/home/nvidia/.vscode-server/bin/2ccd690cbff1569e4a83d7c43d45101f817401dc/extensions/git/dist/main.js:2:1275972)
	at /home/nvidia/.vscode-server/bin/2ccd690cbff1569e4a83d7c43d45101f817401dc/extensions/git/dist/main.js:2:1280539
	at Array.forEach (<anonymous>)
	at g.dispose (/home/nvidia/.vscode-server/bin/2ccd690cbff1569e4a83d7c43d45101f817401dc/extensions/git/dist/main.js:2:1280525)
	at o.<anonymous> (/home/nvidia/.vscode-server/bin/2ccd690cbff1569e4a83d7c43d45101f817401dc/out/vs/workbench/api/node/extensionHostProcess.js:96:4162)
	at o.dispose (/home/nvidia/.vscode-server/bin/2ccd690cbff1569e4a83d7c43d45101f817401dc/out/vs/workbench/api/node/extensionHostProcess.js:96:4297)
	at o.<anonymous> (/home/nvidia/.vscode-server/bin/2ccd690cbff1569e4a83d7c43d45101f817401dc/extensions/git/dist/main.js:2:1262437)
	at o.dispose (/home/nvidia/.vscode-server/bin/2ccd690cbff1569e4a83d7c43d45101f817401dc/out/vs/workbench/api/node/extensionHostProcess.js:96:4297)
	at D (/home/nvidia/.vscode-server/bin/2ccd690cbff1569e4a83d7c43d45101f817401dc/out/vs/workbench/api/node/extensionHostProcess.js:10:11731)
	at i.Z (/home/nvidia/.vscode-server/bin/2ccd690cbff1569e4a83d7c43d45101f817401dc/out/vs/workbench/api/node/extensionHostProcess.js:114:10370)
	at /home/nvidia/.vscode-server/bin/2ccd690cbff1569e4a83d7c43d45101f817401dc/out/vs/workbench/api/node/extensionHostProcess.js:114:8332
	at Array.map (<anonymous>)
	at i.S (/home/nvidia/.vscode-server/bin/2ccd690cbff1569e4a83d7c43d45101f817401dc/out/vs/workbench/api/node/extensionHostProcess.js:114:8319)
	at i.terminate (/home/nvidia/.vscode-server/bin/2ccd690cbff1569e4a83d7c43d45101f817401dc/out/vs/workbench/api/node/extensionHostProcess.js:114:8591)
	at l.terminate (/home/nvidia/.vscode-server/bin/2ccd690cbff1569e4a83d7c43d45101f817401dc/out/vs/workbench/api/node/extensionHostProcess.js:118:1532)
	at E (/home/nvidia/.vscode-server/bin/2ccd690cbff1569e4a83d7c43d45101f817401dc/out/vs/workbench/api/node/extensionHostProcess.js:128:32236)
	at q.a (/home/nvidia/.vscode-server/bin/2ccd690cbff1569e4a83d7c43d45101f817401dc/out/vs/workbench/api/node/extensionHostProcess.js:128:28970)
	at q.h (/home/nvidia/.vscode-server/bin/2ccd690cbff1569e4a83d7c43d45101f817401dc/out/vs/workbench/api/node/extensionHostProcess.js:70:16508)
	at listOnTimeout (node:internal/timers:559:17)
	at processTimers (node:internal/timers:502:7) setContext undefined
2023-07-31 20:50:16.488 [error] Canceled: Canceled
	at new h (/home/nvidia/.vscode-server/bin/2ccd690cbff1569e4a83d7c43d45101f817401dc/out/vs/workbench/api/node/extensionHostProcess.js:100:42413)
	at t.O (/home/nvidia/.vscode-server/bin/2ccd690cbff1569e4a83d7c43d45101f817401dc/out/vs/workbench/api/node/extensionHostProcess.js:112:11236)
	at Proxy.U.<computed>.q.charCodeAt.U.<computed> (/home/nvidia/.vscode-server/bin/2ccd690cbff1569e4a83d7c43d45101f817401dc/out/vs/workbench/api/node/extensionHostProcess.js:112:8675)
	at e.$vL.g (/home/nvidia/.vscode-server/bin/2ccd690cbff1569e4a83d7c43d45101f817401dc/out/vs/workbench/api/node/extensionHostProcess.js:100:63549)
	at e.$vL.executeCommand (/home/nvidia/.vscode-server/bin/2ccd690cbff1569e4a83d7c43d45101f817401dc/out/vs/workbench/api/node/extensionHostProcess.js:100:62973)
	at P.registerCommand.description (/home/nvidia/.vscode-server/bin/2ccd690cbff1569e4a83d7c43d45101f817401dc/out/vs/workbench/api/node/extensionHostProcess.js:100:62280)
	at e.$vL.h (/home/nvidia/.vscode-server/bin/2ccd690cbff1569e4a83d7c43d45101f817401dc/out/vs/workbench/api/node/extensionHostProcess.js:100:64085)
	at e.$vL.g (/home/nvidia/.vscode-server/bin/2ccd690cbff1569e4a83d7c43d45101f817401dc/out/vs/workbench/api/node/extensionHostProcess.js:100:63073)
	at e.$vL.executeCommand (/home/nvidia/.vscode-server/bin/2ccd690cbff1569e4a83d7c43d45101f817401dc/out/vs/workbench/api/node/extensionHostProcess.js:100:62973)
	at Object.executeCommand (/home/nvidia/.vscode-server/bin/2ccd690cbff1569e4a83d7c43d45101f817401dc/out/vs/workbench/api/node/extensionHostProcess.js:118:20971)
	at i.D [as value] (/home/nvidia/.vscode-server/bin/2ccd690cbff1569e4a83d7c43d45101f817401dc/extensions/git/dist/main.js:2:1260424)
	at p.w (/home/nvidia/.vscode-server/bin/2ccd690cbff1569e4a83d7c43d45101f817401dc/out/vs/workbench/api/node/extensionHostProcess.js:60:1902)
	at p.x (/home/nvidia/.vscode-server/bin/2ccd690cbff1569e4a83d7c43d45101f817401dc/out/vs/workbench/api/node/extensionHostProcess.js:60:1972)
	at p.fire (/home/nvidia/.vscode-server/bin/2ccd690cbff1569e4a83d7c43d45101f817401dc/out/vs/workbench/api/node/extensionHostProcess.js:60:2188)
	at Object.m [as dispose] (/home/nvidia/.vscode-server/bin/2ccd690cbff1569e4a83d7c43d45101f817401dc/extensions/git/dist/main.js:2:1275972)
	at /home/nvidia/.vscode-server/bin/2ccd690cbff1569e4a83d7c43d45101f817401dc/extensions/git/dist/main.js:2:1280539
	at Array.forEach (<anonymous>)
	at g.dispose (/home/nvidia/.vscode-server/bin/2ccd690cbff1569e4a83d7c43d45101f817401dc/extensions/git/dist/main.js:2:1280525)
	at o.<anonymous> (/home/nvidia/.vscode-server/bin/2ccd690cbff1569e4a83d7c43d45101f817401dc/out/vs/workbench/api/node/extensionHostProcess.js:96:4162)
	at o.dispose (/home/nvidia/.vscode-server/bin/2ccd690cbff1569e4a83d7c43d45101f817401dc/out/vs/workbench/api/node/extensionHostProcess.js:96:4297)
	at o.<anonymous> (/home/nvidia/.vscode-server/bin/2ccd690cbff1569e4a83d7c43d45101f817401dc/extensions/git/dist/main.js:2:1262437)
	at o.dispose (/home/nvidia/.vscode-server/bin/2ccd690cbff1569e4a83d7c43d45101f817401dc/out/vs/workbench/api/node/extensionHostProcess.js:96:4297)
	at D (/home/nvidia/.vscode-server/bin/2ccd690cbff1569e4a83d7c43d45101f817401dc/out/vs/workbench/api/node/extensionHostProcess.js:10:11731)
	at i.Z (/home/nvidia/.vscode-server/bin/2ccd690cbff1569e4a83d7c43d45101f817401dc/out/vs/workbench/api/node/extensionHostProcess.js:114:10370)
	at /home/nvidia/.vscode-server/bin/2ccd690cbff1569e4a83d7c43d45101f817401dc/out/vs/workbench/api/node/extensionHostProcess.js:114:8332
	at Array.map (<anonymous>)
	at i.S (/home/nvidia/.vscode-server/bin/2ccd690cbff1569e4a83d7c43d45101f817401dc/out/vs/workbench/api/node/extensionHostProcess.js:114:8319)
	at i.terminate (/home/nvidia/.vscode-server/bin/2ccd690cbff1569e4a83d7c43d45101f817401dc/out/vs/workbench/api/node/extensionHostProcess.js:114:8591)
	at l.terminate (/home/nvidia/.vscode-server/bin/2ccd690cbff1569e4a83d7c43d45101f817401dc/out/vs/workbench/api/node/extensionHostProcess.js:118:1532)
	at E (/home/nvidia/.vscode-server/bin/2ccd690cbff1569e4a83d7c43d45101f817401dc/out/vs/workbench/api/node/extensionHostProcess.js:128:32236)
	at q.a (/home/nvidia/.vscode-server/bin/2ccd690cbff1569e4a83d7c43d45101f817401dc/out/vs/workbench/api/node/extensionHostProcess.js:128:28970)
	at q.h (/home/nvidia/.vscode-server/bin/2ccd690cbff1569e4a83d7c43d45101f817401dc/out/vs/workbench/api/node/extensionHostProcess.js:70:16508)
	at listOnTimeout (node:internal/timers:559:17)
	at processTimers (node:internal/timers:502:7) setContext undefined
2023-07-31 20:50:16.489 [error] Canceled: Canceled
	at new h (/home/nvidia/.vscode-server/bin/2ccd690cbff1569e4a83d7c43d45101f817401dc/out/vs/workbench/api/node/extensionHostProcess.js:100:42413)
	at t.O (/home/nvidia/.vscode-server/bin/2ccd690cbff1569e4a83d7c43d45101f817401dc/out/vs/workbench/api/node/extensionHostProcess.js:112:11236)
	at Proxy.U.<computed>.q.charCodeAt.U.<computed> (/home/nvidia/.vscode-server/bin/2ccd690cbff1569e4a83d7c43d45101f817401dc/out/vs/workbench/api/node/extensionHostProcess.js:112:8675)
	at e.$vL.g (/home/nvidia/.vscode-server/bin/2ccd690cbff1569e4a83d7c43d45101f817401dc/out/vs/workbench/api/node/extensionHostProcess.js:100:63549)
	at e.$vL.executeCommand (/home/nvidia/.vscode-server/bin/2ccd690cbff1569e4a83d7c43d45101f817401dc/out/vs/workbench/api/node/extensionHostProcess.js:100:62973)
	at P.registerCommand.description (/home/nvidia/.vscode-server/bin/2ccd690cbff1569e4a83d7c43d45101f817401dc/out/vs/workbench/api/node/extensionHostProcess.js:100:62280)
	at e.$vL.h (/home/nvidia/.vscode-server/bin/2ccd690cbff1569e4a83d7c43d45101f817401dc/out/vs/workbench/api/node/extensionHostProcess.js:100:64085)
	at e.$vL.g (/home/nvidia/.vscode-server/bin/2ccd690cbff1569e4a83d7c43d45101f817401dc/out/vs/workbench/api/node/extensionHostProcess.js:100:63073)
	at e.$vL.executeCommand (/home/nvidia/.vscode-server/bin/2ccd690cbff1569e4a83d7c43d45101f817401dc/out/vs/workbench/api/node/extensionHostProcess.js:100:62973)
	at Object.executeCommand (/home/nvidia/.vscode-server/bin/2ccd690cbff1569e4a83d7c43d45101f817401dc/out/vs/workbench/api/node/extensionHostProcess.js:118:20971)
	at i.D [as value] (/home/nvidia/.vscode-server/bin/2ccd690cbff1569e4a83d7c43d45101f817401dc/extensions/git/dist/main.js:2:1260424)
	at p.w (/home/nvidia/.vscode-server/bin/2ccd690cbff1569e4a83d7c43d45101f817401dc/out/vs/workbench/api/node/extensionHostProcess.js:60:1902)
	at p.x (/home/nvidia/.vscode-server/bin/2ccd690cbff1569e4a83d7c43d45101f817401dc/out/vs/workbench/api/node/extensionHostProcess.js:60:1972)
	at p.fire (/home/nvidia/.vscode-server/bin/2ccd690cbff1569e4a83d7c43d45101f817401dc/out/vs/workbench/api/node/extensionHostProcess.js:60:2188)
	at Object.m [as dispose] (/home/nvidia/.vscode-server/bin/2ccd690cbff1569e4a83d7c43d45101f817401dc/extensions/git/dist/main.js:2:1275972)
	at /home/nvidia/.vscode-server/bin/2ccd690cbff1569e4a83d7c43d45101f817401dc/extensions/git/dist/main.js:2:1280539
	at Array.forEach (<anonymous>)
	at g.dispose (/home/nvidia/.vscode-server/bin/2ccd690cbff1569e4a83d7c43d45101f817401dc/extensions/git/dist/main.js:2:1280525)
	at o.<anonymous> (/home/nvidia/.vscode-server/bin/2ccd690cbff1569e4a83d7c43d45101f817401dc/out/vs/workbench/api/node/extensionHostProcess.js:96:4162)
	at o.dispose (/home/nvidia/.vscode-server/bin/2ccd690cbff1569e4a83d7c43d45101f817401dc/out/vs/workbench/api/node/extensionHostProcess.js:96:4297)
	at o.<anonymous> (/home/nvidia/.vscode-server/bin/2ccd690cbff1569e4a83d7c43d45101f817401dc/extensions/git/dist/main.js:2:1262437)
	at o.dispose (/home/nvidia/.vscode-server/bin/2ccd690cbff1569e4a83d7c43d45101f817401dc/out/vs/workbench/api/node/extensionHostProcess.js:96:4297)
	at D (/home/nvidia/.vscode-server/bin/2ccd690cbff1569e4a83d7c43d45101f817401dc/out/vs/workbench/api/node/extensionHostProcess.js:10:11731)
	at i.Z (/home/nvidia/.vscode-server/bin/2ccd690cbff1569e4a83d7c43d45101f817401dc/out/vs/workbench/api/node/extensionHostProcess.js:114:10370)
	at /home/nvidia/.vscode-server/bin/2ccd690cbff1569e4a83d7c43d45101f817401dc/out/vs/workbench/api/node/extensionHostProcess.js:114:8332
	at Array.map (<anonymous>)
	at i.S (/home/nvidia/.vscode-server/bin/2ccd690cbff1569e4a83d7c43d45101f817401dc/out/vs/workbench/api/node/extensionHostProcess.js:114:8319)
	at i.terminate (/home/nvidia/.vscode-server/bin/2ccd690cbff1569e4a83d7c43d45101f817401dc/out/vs/workbench/api/node/extensionHostProcess.js:114:8591)
	at l.terminate (/home/nvidia/.vscode-server/bin/2ccd690cbff1569e4a83d7c43d45101f817401dc/out/vs/workbench/api/node/extensionHostProcess.js:118:1532)
	at E (/home/nvidia/.vscode-server/bin/2ccd690cbff1569e4a83d7c43d45101f817401dc/out/vs/workbench/api/node/extensionHostProcess.js:128:32236)
	at q.a (/home/nvidia/.vscode-server/bin/2ccd690cbff1569e4a83d7c43d45101f817401dc/out/vs/workbench/api/node/extensionHostProcess.js:128:28970)
	at q.h (/home/nvidia/.vscode-server/bin/2ccd690cbff1569e4a83d7c43d45101f817401dc/out/vs/workbench/api/node/extensionHostProcess.js:70:16508)
	at listOnTimeout (node:internal/timers:559:17)
	at processTimers (node:internal/timers:502:7) setContext undefined
2023-07-31 20:50:16.490 [error] Canceled: Canceled
	at new h (/home/nvidia/.vscode-server/bin/2ccd690cbff1569e4a83d7c43d45101f817401dc/out/vs/workbench/api/node/extensionHostProcess.js:100:42413)
	at t.O (/home/nvidia/.vscode-server/bin/2ccd690cbff1569e4a83d7c43d45101f817401dc/out/vs/workbench/api/node/extensionHostProcess.js:112:11236)
	at Proxy.U.<computed>.q.charCodeAt.U.<computed> (/home/nvidia/.vscode-server/bin/2ccd690cbff1569e4a83d7c43d45101f817401dc/out/vs/workbench/api/node/extensionHostProcess.js:112:8675)
	at e.$vL.g (/home/nvidia/.vscode-server/bin/2ccd690cbff1569e4a83d7c43d45101f817401dc/out/vs/workbench/api/node/extensionHostProcess.js:100:63549)
	at e.$vL.executeCommand (/home/nvidia/.vscode-server/bin/2ccd690cbff1569e4a83d7c43d45101f817401dc/out/vs/workbench/api/node/extensionHostProcess.js:100:62973)
	at P.registerCommand.description (/home/nvidia/.vscode-server/bin/2ccd690cbff1569e4a83d7c43d45101f817401dc/out/vs/workbench/api/node/extensionHostProcess.js:100:62280)
	at e.$vL.h (/home/nvidia/.vscode-server/bin/2ccd690cbff1569e4a83d7c43d45101f817401dc/out/vs/workbench/api/node/extensionHostProcess.js:100:64085)
	at e.$vL.g (/home/nvidia/.vscode-server/bin/2ccd690cbff1569e4a83d7c43d45101f817401dc/out/vs/workbench/api/node/extensionHostProcess.js:100:63073)
	at e.$vL.executeCommand (/home/nvidia/.vscode-server/bin/2ccd690cbff1569e4a83d7c43d45101f817401dc/out/vs/workbench/api/node/extensionHostProcess.js:100:62973)
	at Object.executeCommand (/home/nvidia/.vscode-server/bin/2ccd690cbff1569e4a83d7c43d45101f817401dc/out/vs/workbench/api/node/extensionHostProcess.js:118:20971)
	at i.D [as value] (/home/nvidia/.vscode-server/bin/2ccd690cbff1569e4a83d7c43d45101f817401dc/extensions/git/dist/main.js:2:1260424)
	at p.w (/home/nvidia/.vscode-server/bin/2ccd690cbff1569e4a83d7c43d45101f817401dc/out/vs/workbench/api/node/extensionHostProcess.js:60:1902)
	at p.x (/home/nvidia/.vscode-server/bin/2ccd690cbff1569e4a83d7c43d45101f817401dc/out/vs/workbench/api/node/extensionHostProcess.js:60:1972)
	at p.fire (/home/nvidia/.vscode-server/bin/2ccd690cbff1569e4a83d7c43d45101f817401dc/out/vs/workbench/api/node/extensionHostProcess.js:60:2188)
	at Object.m [as dispose] (/home/nvidia/.vscode-server/bin/2ccd690cbff1569e4a83d7c43d45101f817401dc/extensions/git/dist/main.js:2:1275972)
	at /home/nvidia/.vscode-server/bin/2ccd690cbff1569e4a83d7c43d45101f817401dc/extensions/git/dist/main.js:2:1280539
	at Array.forEach (<anonymous>)
	at g.dispose (/home/nvidia/.vscode-server/bin/2ccd690cbff1569e4a83d7c43d45101f817401dc/extensions/git/dist/main.js:2:1280525)
	at o.<anonymous> (/home/nvidia/.vscode-server/bin/2ccd690cbff1569e4a83d7c43d45101f817401dc/out/vs/workbench/api/node/extensionHostProcess.js:96:4162)
	at o.dispose (/home/nvidia/.vscode-server/bin/2ccd690cbff1569e4a83d7c43d45101f817401dc/out/vs/workbench/api/node/extensionHostProcess.js:96:4297)
	at o.<anonymous> (/home/nvidia/.vscode-server/bin/2ccd690cbff1569e4a83d7c43d45101f817401dc/extensions/git/dist/main.js:2:1262437)
	at o.dispose (/home/nvidia/.vscode-server/bin/2ccd690cbff1569e4a83d7c43d45101f817401dc/out/vs/workbench/api/node/extensionHostProcess.js:96:4297)
	at D (/home/nvidia/.vscode-server/bin/2ccd690cbff1569e4a83d7c43d45101f817401dc/out/vs/workbench/api/node/extensionHostProcess.js:10:11731)
	at i.Z (/home/nvidia/.vscode-server/bin/2ccd690cbff1569e4a83d7c43d45101f817401dc/out/vs/workbench/api/node/extensionHostProcess.js:114:10370)
	at /home/nvidia/.vscode-server/bin/2ccd690cbff1569e4a83d7c43d45101f817401dc/out/vs/workbench/api/node/extensionHostProcess.js:114:8332
	at Array.map (<anonymous>)
	at i.S (/home/nvidia/.vscode-server/bin/2ccd690cbff1569e4a83d7c43d45101f817401dc/out/vs/workbench/api/node/extensionHostProcess.js:114:8319)
	at i.terminate (/home/nvidia/.vscode-server/bin/2ccd690cbff1569e4a83d7c43d45101f817401dc/out/vs/workbench/api/node/extensionHostProcess.js:114:8591)
	at l.terminate (/home/nvidia/.vscode-server/bin/2ccd690cbff1569e4a83d7c43d45101f817401dc/out/vs/workbench/api/node/extensionHostProcess.js:118:1532)
	at E (/home/nvidia/.vscode-server/bin/2ccd690cbff1569e4a83d7c43d45101f817401dc/out/vs/workbench/api/node/extensionHostProcess.js:128:32236)
	at q.a (/home/nvidia/.vscode-server/bin/2ccd690cbff1569e4a83d7c43d45101f817401dc/out/vs/workbench/api/node/extensionHostProcess.js:128:28970)
	at q.h (/home/nvidia/.vscode-server/bin/2ccd690cbff1569e4a83d7c43d45101f817401dc/out/vs/workbench/api/node/extensionHostProcess.js:70:16508)
	at listOnTimeout (node:internal/timers:559:17)
	at processTimers (node:internal/timers:502:7) setContext undefined
2023-07-31 20:50:16.491 [error] Canceled: Canceled
	at new h (/home/nvidia/.vscode-server/bin/2ccd690cbff1569e4a83d7c43d45101f817401dc/out/vs/workbench/api/node/extensionHostProcess.js:100:42413)
	at t.O (/home/nvidia/.vscode-server/bin/2ccd690cbff1569e4a83d7c43d45101f817401dc/out/vs/workbench/api/node/extensionHostProcess.js:112:11236)
	at Proxy.U.<computed>.q.charCodeAt.U.<computed> (/home/nvidia/.vscode-server/bin/2ccd690cbff1569e4a83d7c43d45101f817401dc/out/vs/workbench/api/node/extensionHostProcess.js:112:8675)
	at e.$vL.g (/home/nvidia/.vscode-server/bin/2ccd690cbff1569e4a83d7c43d45101f817401dc/out/vs/workbench/api/node/extensionHostProcess.js:100:63549)
	at e.$vL.executeCommand (/home/nvidia/.vscode-server/bin/2ccd690cbff1569e4a83d7c43d45101f817401dc/out/vs/workbench/api/node/extensionHostProcess.js:100:62973)
	at P.registerCommand.description (/home/nvidia/.vscode-server/bin/2ccd690cbff1569e4a83d7c43d45101f817401dc/out/vs/workbench/api/node/extensionHostProcess.js:100:62280)
	at e.$vL.h (/home/nvidia/.vscode-server/bin/2ccd690cbff1569e4a83d7c43d45101f817401dc/out/vs/workbench/api/node/extensionHostProcess.js:100:64085)
	at e.$vL.g (/home/nvidia/.vscode-server/bin/2ccd690cbff1569e4a83d7c43d45101f817401dc/out/vs/workbench/api/node/extensionHostProcess.js:100:63073)
	at e.$vL.executeCommand (/home/nvidia/.vscode-server/bin/2ccd690cbff1569e4a83d7c43d45101f817401dc/out/vs/workbench/api/node/extensionHostProcess.js:100:62973)
	at Object.executeCommand (/home/nvidia/.vscode-server/bin/2ccd690cbff1569e4a83d7c43d45101f817401dc/out/vs/workbench/api/node/extensionHostProcess.js:118:20971)
	at i.D [as value] (/home/nvidia/.vscode-server/bin/2ccd690cbff1569e4a83d7c43d45101f817401dc/extensions/git/dist/main.js:2:1260424)
	at p.w (/home/nvidia/.vscode-server/bin/2ccd690cbff1569e4a83d7c43d45101f817401dc/out/vs/workbench/api/node/extensionHostProcess.js:60:1902)
	at p.x (/home/nvidia/.vscode-server/bin/2ccd690cbff1569e4a83d7c43d45101f817401dc/out/vs/workbench/api/node/extensionHostProcess.js:60:1972)
	at p.fire (/home/nvidia/.vscode-server/bin/2ccd690cbff1569e4a83d7c43d45101f817401dc/out/vs/workbench/api/node/extensionHostProcess.js:60:2188)
	at Object.m [as dispose] (/home/nvidia/.vscode-server/bin/2ccd690cbff1569e4a83d7c43d45101f817401dc/extensions/git/dist/main.js:2:1275972)
	at /home/nvidia/.vscode-server/bin/2ccd690cbff1569e4a83d7c43d45101f817401dc/extensions/git/dist/main.js:2:1280539
	at Array.forEach (<anonymous>)
	at g.dispose (/home/nvidia/.vscode-server/bin/2ccd690cbff1569e4a83d7c43d45101f817401dc/extensions/git/dist/main.js:2:1280525)
	at o.<anonymous> (/home/nvidia/.vscode-server/bin/2ccd690cbff1569e4a83d7c43d45101f817401dc/out/vs/workbench/api/node/extensionHostProcess.js:96:4162)
	at o.dispose (/home/nvidia/.vscode-server/bin/2ccd690cbff1569e4a83d7c43d45101f817401dc/out/vs/workbench/api/node/extensionHostProcess.js:96:4297)
	at o.<anonymous> (/home/nvidia/.vscode-server/bin/2ccd690cbff1569e4a83d7c43d45101f817401dc/extensions/git/dist/main.js:2:1262437)
	at o.dispose (/home/nvidia/.vscode-server/bin/2ccd690cbff1569e4a83d7c43d45101f817401dc/out/vs/workbench/api/node/extensionHostProcess.js:96:4297)
	at D (/home/nvidia/.vscode-server/bin/2ccd690cbff1569e4a83d7c43d45101f817401dc/out/vs/workbench/api/node/extensionHostProcess.js:10:11731)
	at i.Z (/home/nvidia/.vscode-server/bin/2ccd690cbff1569e4a83d7c43d45101f817401dc/out/vs/workbench/api/node/extensionHostProcess.js:114:10370)
	at /home/nvidia/.vscode-server/bin/2ccd690cbff1569e4a83d7c43d45101f817401dc/out/vs/workbench/api/node/extensionHostProcess.js:114:8332
	at Array.map (<anonymous>)
	at i.S (/home/nvidia/.vscode-server/bin/2ccd690cbff1569e4a83d7c43d45101f817401dc/out/vs/workbench/api/node/extensionHostProcess.js:114:8319)
	at i.terminate (/home/nvidia/.vscode-server/bin/2ccd690cbff1569e4a83d7c43d45101f817401dc/out/vs/workbench/api/node/extensionHostProcess.js:114:8591)
	at l.terminate (/home/nvidia/.vscode-server/bin/2ccd690cbff1569e4a83d7c43d45101f817401dc/out/vs/workbench/api/node/extensionHostProcess.js:118:1532)
	at E (/home/nvidia/.vscode-server/bin/2ccd690cbff1569e4a83d7c43d45101f817401dc/out/vs/workbench/api/node/extensionHostProcess.js:128:32236)
	at q.a (/home/nvidia/.vscode-server/bin/2ccd690cbff1569e4a83d7c43d45101f817401dc/out/vs/workbench/api/node/extensionHostProcess.js:128:28970)
	at q.h (/home/nvidia/.vscode-server/bin/2ccd690cbff1569e4a83d7c43d45101f817401dc/out/vs/workbench/api/node/extensionHostProcess.js:70:16508)
	at listOnTimeout (node:internal/timers:559:17)
	at processTimers (node:internal/timers:502:7) setContext undefined
2023-07-31 20:50:16.492 [error] Canceled: Canceled
	at new h (/home/nvidia/.vscode-server/bin/2ccd690cbff1569e4a83d7c43d45101f817401dc/out/vs/workbench/api/node/extensionHostProcess.js:100:42413)
	at t.O (/home/nvidia/.vscode-server/bin/2ccd690cbff1569e4a83d7c43d45101f817401dc/out/vs/workbench/api/node/extensionHostProcess.js:112:11236)
	at Proxy.U.<computed>.q.charCodeAt.U.<computed> (/home/nvidia/.vscode-server/bin/2ccd690cbff1569e4a83d7c43d45101f817401dc/out/vs/workbench/api/node/extensionHostProcess.js:112:8675)
	at e.$vL.g (/home/nvidia/.vscode-server/bin/2ccd690cbff1569e4a83d7c43d45101f817401dc/out/vs/workbench/api/node/extensionHostProcess.js:100:63549)
	at e.$vL.executeCommand (/home/nvidia/.vscode-server/bin/2ccd690cbff1569e4a83d7c43d45101f817401dc/out/vs/workbench/api/node/extensionHostProcess.js:100:62973)
	at P.registerCommand.description (/home/nvidia/.vscode-server/bin/2ccd690cbff1569e4a83d7c43d45101f817401dc/out/vs/workbench/api/node/extensionHostProcess.js:100:62280)
	at e.$vL.h (/home/nvidia/.vscode-server/bin/2ccd690cbff1569e4a83d7c43d45101f817401dc/out/vs/workbench/api/node/extensionHostProcess.js:100:64085)
	at e.$vL.g (/home/nvidia/.vscode-server/bin/2ccd690cbff1569e4a83d7c43d45101f817401dc/out/vs/workbench/api/node/extensionHostProcess.js:100:63073)
	at e.$vL.executeCommand (/home/nvidia/.vscode-server/bin/2ccd690cbff1569e4a83d7c43d45101f817401dc/out/vs/workbench/api/node/extensionHostProcess.js:100:62973)
	at Object.executeCommand (/home/nvidia/.vscode-server/bin/2ccd690cbff1569e4a83d7c43d45101f817401dc/out/vs/workbench/api/node/extensionHostProcess.js:118:20971)
	at i.D [as value] (/home/nvidia/.vscode-server/bin/2ccd690cbff1569e4a83d7c43d45101f817401dc/extensions/git/dist/main.js:2:1260424)
	at p.w (/home/nvidia/.vscode-server/bin/2ccd690cbff1569e4a83d7c43d45101f817401dc/out/vs/workbench/api/node/extensionHostProcess.js:60:1902)
	at p.x (/home/nvidia/.vscode-server/bin/2ccd690cbff1569e4a83d7c43d45101f817401dc/out/vs/workbench/api/node/extensionHostProcess.js:60:1972)
	at p.fire (/home/nvidia/.vscode-server/bin/2ccd690cbff1569e4a83d7c43d45101f817401dc/out/vs/workbench/api/node/extensionHostProcess.js:60:2188)
	at Object.m [as dispose] (/home/nvidia/.vscode-server/bin/2ccd690cbff1569e4a83d7c43d45101f817401dc/extensions/git/dist/main.js:2:1275972)
	at /home/nvidia/.vscode-server/bin/2ccd690cbff1569e4a83d7c43d45101f817401dc/extensions/git/dist/main.js:2:1280539
	at Array.forEach (<anonymous>)
	at g.dispose (/home/nvidia/.vscode-server/bin/2ccd690cbff1569e4a83d7c43d45101f817401dc/extensions/git/dist/main.js:2:1280525)
	at o.<anonymous> (/home/nvidia/.vscode-server/bin/2ccd690cbff1569e4a83d7c43d45101f817401dc/out/vs/workbench/api/node/extensionHostProcess.js:96:4162)
	at o.dispose (/home/nvidia/.vscode-server/bin/2ccd690cbff1569e4a83d7c43d45101f817401dc/out/vs/workbench/api/node/extensionHostProcess.js:96:4297)
	at o.<anonymous> (/home/nvidia/.vscode-server/bin/2ccd690cbff1569e4a83d7c43d45101f817401dc/extensions/git/dist/main.js:2:1262437)
	at o.dispose (/home/nvidia/.vscode-server/bin/2ccd690cbff1569e4a83d7c43d45101f817401dc/out/vs/workbench/api/node/extensionHostProcess.js:96:4297)
	at D (/home/nvidia/.vscode-server/bin/2ccd690cbff1569e4a83d7c43d45101f817401dc/out/vs/workbench/api/node/extensionHostProcess.js:10:11731)
	at i.Z (/home/nvidia/.vscode-server/bin/2ccd690cbff1569e4a83d7c43d45101f817401dc/out/vs/workbench/api/node/extensionHostProcess.js:114:10370)
	at /home/nvidia/.vscode-server/bin/2ccd690cbff1569e4a83d7c43d45101f817401dc/out/vs/workbench/api/node/extensionHostProcess.js:114:8332
	at Array.map (<anonymous>)
	at i.S (/home/nvidia/.vscode-server/bin/2ccd690cbff1569e4a83d7c43d45101f817401dc/out/vs/workbench/api/node/extensionHostProcess.js:114:8319)
	at i.terminate (/home/nvidia/.vscode-server/bin/2ccd690cbff1569e4a83d7c43d45101f817401dc/out/vs/workbench/api/node/extensionHostProcess.js:114:8591)
	at l.terminate (/home/nvidia/.vscode-server/bin/2ccd690cbff1569e4a83d7c43d45101f817401dc/out/vs/workbench/api/node/extensionHostProcess.js:118:1532)
	at E (/home/nvidia/.vscode-server/bin/2ccd690cbff1569e4a83d7c43d45101f817401dc/out/vs/workbench/api/node/extensionHostProcess.js:128:32236)
	at q.a (/home/nvidia/.vscode-server/bin/2ccd690cbff1569e4a83d7c43d45101f817401dc/out/vs/workbench/api/node/extensionHostProcess.js:128:28970)
	at q.h (/home/nvidia/.vscode-server/bin/2ccd690cbff1569e4a83d7c43d45101f817401dc/out/vs/workbench/api/node/extensionHostProcess.js:70:16508)
	at listOnTimeout (node:internal/timers:559:17)
	at processTimers (node:internal/timers:502:7) setContext undefined
2023-07-31 20:50:16.497 [error] Canceled: Canceled
	at new h (/home/nvidia/.vscode-server/bin/2ccd690cbff1569e4a83d7c43d45101f817401dc/out/vs/workbench/api/node/extensionHostProcess.js:100:42413)
	at t.O (/home/nvidia/.vscode-server/bin/2ccd690cbff1569e4a83d7c43d45101f817401dc/out/vs/workbench/api/node/extensionHostProcess.js:112:11236)
	at Proxy.U.<computed>.q.charCodeAt.U.<computed> (/home/nvidia/.vscode-server/bin/2ccd690cbff1569e4a83d7c43d45101f817401dc/out/vs/workbench/api/node/extensionHostProcess.js:112:8675)
	at e.$vL.g (/home/nvidia/.vscode-server/bin/2ccd690cbff1569e4a83d7c43d45101f817401dc/out/vs/workbench/api/node/extensionHostProcess.js:100:63549)
	at e.$vL.executeCommand (/home/nvidia/.vscode-server/bin/2ccd690cbff1569e4a83d7c43d45101f817401dc/out/vs/workbench/api/node/extensionHostProcess.js:100:62973)
	at P.registerCommand.description (/home/nvidia/.vscode-server/bin/2ccd690cbff1569e4a83d7c43d45101f817401dc/out/vs/workbench/api/node/extensionHostProcess.js:100:62280)
	at e.$vL.h (/home/nvidia/.vscode-server/bin/2ccd690cbff1569e4a83d7c43d45101f817401dc/out/vs/workbench/api/node/extensionHostProcess.js:100:64085)
	at e.$vL.g (/home/nvidia/.vscode-server/bin/2ccd690cbff1569e4a83d7c43d45101f817401dc/out/vs/workbench/api/node/extensionHostProcess.js:100:63073)
	at e.$vL.executeCommand (/home/nvidia/.vscode-server/bin/2ccd690cbff1569e4a83d7c43d45101f817401dc/out/vs/workbench/api/node/extensionHostProcess.js:100:62973)
	at Object.executeCommand (/home/nvidia/.vscode-server/bin/2ccd690cbff1569e4a83d7c43d45101f817401dc/out/vs/workbench/api/node/extensionHostProcess.js:118:20971)
	at t.$ie.set b [as b] (/home/nvidia/.vscode-server/bin/2ccd690cbff1569e4a83d7c43d45101f817401dc/extensions/github/dist/extension.js:2:675669)
	at /home/nvidia/.vscode-server/bin/2ccd690cbff1569e4a83d7c43d45101f817401dc/extensions/github/dist/extension.js:2:676313
	at i.value (/home/nvidia/.vscode-server/bin/2ccd690cbff1569e4a83d7c43d45101f817401dc/extensions/git/dist/main.js:2:1347255)
	at p.w (/home/nvidia/.vscode-server/bin/2ccd690cbff1569e4a83d7c43d45101f817401dc/out/vs/workbench/api/node/extensionHostProcess.js:60:1902)
	at p.x (/home/nvidia/.vscode-server/bin/2ccd690cbff1569e4a83d7c43d45101f817401dc/out/vs/workbench/api/node/extensionHostProcess.js:60:1972)
	at p.fire (/home/nvidia/.vscode-server/bin/2ccd690cbff1569e4a83d7c43d45101f817401dc/out/vs/workbench/api/node/extensionHostProcess.js:60:2188)
	at Object.m [as dispose] (/home/nvidia/.vscode-server/bin/2ccd690cbff1569e4a83d7c43d45101f817401dc/extensions/git/dist/main.js:2:1275972)
	at /home/nvidia/.vscode-server/bin/2ccd690cbff1569e4a83d7c43d45101f817401dc/extensions/git/dist/main.js:2:1280539
	at Array.forEach (<anonymous>)
	at g.dispose (/home/nvidia/.vscode-server/bin/2ccd690cbff1569e4a83d7c43d45101f817401dc/extensions/git/dist/main.js:2:1280525)
	at o.<anonymous> (/home/nvidia/.vscode-server/bin/2ccd690cbff1569e4a83d7c43d45101f817401dc/out/vs/workbench/api/node/extensionHostProcess.js:96:4162)
	at o.dispose (/home/nvidia/.vscode-server/bin/2ccd690cbff1569e4a83d7c43d45101f817401dc/out/vs/workbench/api/node/extensionHostProcess.js:96:4297)
	at o.<anonymous> (/home/nvidia/.vscode-server/bin/2ccd690cbff1569e4a83d7c43d45101f817401dc/extensions/git/dist/main.js:2:1262437)
	at o.dispose (/home/nvidia/.vscode-server/bin/2ccd690cbff1569e4a83d7c43d45101f817401dc/out/vs/workbench/api/node/extensionHostProcess.js:96:4297)
	at D (/home/nvidia/.vscode-server/bin/2ccd690cbff1569e4a83d7c43d45101f817401dc/out/vs/workbench/api/node/extensionHostProcess.js:10:11731)
	at i.Z (/home/nvidia/.vscode-server/bin/2ccd690cbff1569e4a83d7c43d45101f817401dc/out/vs/workbench/api/node/extensionHostProcess.js:114:10370)
	at /home/nvidia/.vscode-server/bin/2ccd690cbff1569e4a83d7c43d45101f817401dc/out/vs/workbench/api/node/extensionHostProcess.js:114:8332
	at Array.map (<anonymous>)
	at i.S (/home/nvidia/.vscode-server/bin/2ccd690cbff1569e4a83d7c43d45101f817401dc/out/vs/workbench/api/node/extensionHostProcess.js:114:8319)
	at i.terminate (/home/nvidia/.vscode-server/bin/2ccd690cbff1569e4a83d7c43d45101f817401dc/out/vs/workbench/api/node/extensionHostProcess.js:114:8591)
	at l.terminate (/home/nvidia/.vscode-server/bin/2ccd690cbff1569e4a83d7c43d45101f817401dc/out/vs/workbench/api/node/extensionHostProcess.js:118:1532)
	at E (/home/nvidia/.vscode-server/bin/2ccd690cbff1569e4a83d7c43d45101f817401dc/out/vs/workbench/api/node/extensionHostProcess.js:128:32236)
	at q.a (/home/nvidia/.vscode-server/bin/2ccd690cbff1569e4a83d7c43d45101f817401dc/out/vs/workbench/api/node/extensionHostProcess.js:128:28970)
	at q.h (/home/nvidia/.vscode-server/bin/2ccd690cbff1569e4a83d7c43d45101f817401dc/out/vs/workbench/api/node/extensionHostProcess.js:70:16508)
	at listOnTimeout (node:internal/timers:559:17)
	at processTimers (node:internal/timers:502:7) setContext undefined
2023-07-31 20:50:16.543 [info] Extension host with pid 15348 exiting with code 0
