2023-08-01 09:46:59.913 [info] Extension host with pid 18601 started
2023-08-01 09:47:00.004 [info] Lock '/home/nvidia/.vscode-server/data/User/workspaceStorage/0302981942896b629cd44cd7abcd7842/vscode.lock': Lock acquired.
2023-08-01 09:47:00.110 [info] ExtensionService#_doActivateExtension vscode.git-base, startup: true, activationEvent: '*', root cause: vscode.git
2023-08-01 09:47:00.160 [info] ExtensionService#_doActivateExtension ms-python.python, startup: false, activationEvent: 'onLanguage:python'
2023-08-01 09:47:00.162 [info] ExtensionService#_doActivateExtension vscode.emmet, startup: false, activationEvent: 'onLanguage'
2023-08-01 09:47:01.081 [info] ExtensionService#_doActivateExtension vscode.git, startup: true, activationEvent: '*'
2023-08-01 09:47:01.083 [info] ExtensionService#_doActivateExtension vscode.github, startup: true, activationEvent: '*'
2023-08-01 09:47:02.217 [info] Eager extensions activated
2023-08-01 09:47:02.219 [info] ExtensionService#_doActivateExtension vscode.debug-auto-launch, startup: false, activationEvent: 'onStartupFinished'
2023-08-01 09:47:02.220 [info] ExtensionService#_doActivateExtension vscode.merge-conflict, startup: false, activationEvent: 'onStartupFinished'
2023-08-01 09:47:02.714 [info] ExtensionService#_doActivateExtension ms-python.vscode-pylance, startup: false, activationEvent: 'onLanguage:python'
2023-08-01 09:54:05.458 [info] Extension host terminating: received terminate message from renderer
2023-08-01 09:54:05.459 [info] Lock '/home/nvidia/.vscode-server/data/User/workspaceStorage/0302981942896b629cd44cd7abcd7842/vscode.lock': Marking the lockfile as scheduled to be released in 6000 ms.
2023-08-01 09:54:05.556 [error] Canceled: Canceled
	at new h (/home/nvidia/.vscode-server/bin/2ccd690cbff1569e4a83d7c43d45101f817401dc/out/vs/workbench/api/node/extensionHostProcess.js:100:42413)
	at t.O (/home/nvidia/.vscode-server/bin/2ccd690cbff1569e4a83d7c43d45101f817401dc/out/vs/workbench/api/node/extensionHostProcess.js:112:11236)
	at Proxy.U.<computed>.q.charCodeAt.U.<computed> (/home/nvidia/.vscode-server/bin/2ccd690cbff1569e4a83d7c43d45101f817401dc/out/vs/workbench/api/node/extensionHostProcess.js:112:8675)
	at e.$vL.g (/home/nvidia/.vscode-server/bin/2ccd690cbff1569e4a83d7c43d45101f817401dc/out/vs/workbench/api/node/extensionHostProcess.js:100:63549)
	at e.$vL.executeCommand (/home/nvidia/.vscode-server/bin/2ccd690cbff1569e4a83d7c43d45101f817401dc/out/vs/workbench/api/node/extensionHostProcess.js:100:62973)
	at P.registerCommand.description (/home/nvidia/.vscode-server/bin/2ccd690cbff1569e4a83d7c43d45101f817401dc/out/vs/workbench/api/node/extensionHostProcess.js:100:62280)
	at e.$vL.h (/home/nvidia/.vscode-server/bin/2ccd690cbff1569e4a83d7c43d45101f817401dc/out/vs/workbench/api/node/extensionHostProcess.js:100:64085)
	at e.$vL.g (/home/nvidia/.vscode-server/bin/2ccd690cbff1569e4a83d7c43d45101f817401dc/out/vs/workbench/api/node/extensionHostProcess.js:100:63073)
	at e.$vL.executeCommand (/home/nvidia/.vscode-server/bin/2ccd690cbff1569e4a83d7c43d45101f817401dc/out/vs/workbench/api/node/extensionHostProcess.js:100:62973)
	at Object.executeCommand (/home/nvidia/.vscode-server/bin/2ccd690cbff1569e4a83d7c43d45101f817401dc/out/vs/workbench/api/node/extensionHostProcess.js:118:20971)
	at i.D [as value] (/home/nvidia/.vscode-server/bin/2ccd690cbff1569e4a83d7c43d45101f817401dc/extensions/git/dist/main.js:2:1260424)
	at p.w (/home/nvidia/.vscode-server/bin/2ccd690cbff1569e4a83d7c43d45101f817401dc/out/vs/workbench/api/node/extensionHostProcess.js:60:1902)
	at p.x (/home/nvidia/.vscode-server/bin/2ccd690cbff1569e4a83d7c43d45101f817401dc/out/vs/workbench/api/node/extensionHostProcess.js:60:1972)
	at p.fire (/home/nvidia/.vscode-server/bin/2ccd690cbff1569e4a83d7c43d45101f817401dc/out/vs/workbench/api/node/extensionHostProcess.js:60:2188)
	at Object.m [as dispose] (/home/nvidia/.vscode-server/bin/2ccd690cbff1569e4a83d7c43d45101f817401dc/extensions/git/dist/main.js:2:1275972)
	at /home/nvidia/.vscode-server/bin/2ccd690cbff1569e4a83d7c43d45101f817401dc/extensions/git/dist/main.js:2:1280539
	at Array.forEach (<anonymous>)
	at g.dispose (/home/nvidia/.vscode-server/bin/2ccd690cbff1569e4a83d7c43d45101f817401dc/extensions/git/dist/main.js:2:1280525)
	at o.<anonymous> (/home/nvidia/.vscode-server/bin/2ccd690cbff1569e4a83d7c43d45101f817401dc/out/vs/workbench/api/node/extensionHostProcess.js:96:4162)
	at o.dispose (/home/nvidia/.vscode-server/bin/2ccd690cbff1569e4a83d7c43d45101f817401dc/out/vs/workbench/api/node/extensionHostProcess.js:96:4297)
	at o.<anonymous> (/home/nvidia/.vscode-server/bin/2ccd690cbff1569e4a83d7c43d45101f817401dc/extensions/git/dist/main.js:2:1262437)
	at o.dispose (/home/nvidia/.vscode-server/bin/2ccd690cbff1569e4a83d7c43d45101f817401dc/out/vs/workbench/api/node/extensionHostProcess.js:96:4297)
	at D (/home/nvidia/.vscode-server/bin/2ccd690cbff1569e4a83d7c43d45101f817401dc/out/vs/workbench/api/node/extensionHostProcess.js:10:11731)
	at i.Z (/home/nvidia/.vscode-server/bin/2ccd690cbff1569e4a83d7c43d45101f817401dc/out/vs/workbench/api/node/extensionHostProcess.js:114:10370)
	at /home/nvidia/.vscode-server/bin/2ccd690cbff1569e4a83d7c43d45101f817401dc/out/vs/workbench/api/node/extensionHostProcess.js:114:8332
	at Array.map (<anonymous>)
	at i.S (/home/nvidia/.vscode-server/bin/2ccd690cbff1569e4a83d7c43d45101f817401dc/out/vs/workbench/api/node/extensionHostProcess.js:114:8319)
	at i.terminate (/home/nvidia/.vscode-server/bin/2ccd690cbff1569e4a83d7c43d45101f817401dc/out/vs/workbench/api/node/extensionHostProcess.js:114:8591)
	at l.terminate (/home/nvidia/.vscode-server/bin/2ccd690cbff1569e4a83d7c43d45101f817401dc/out/vs/workbench/api/node/extensionHostProcess.js:118:1532)
	at E (/home/nvidia/.vscode-server/bin/2ccd690cbff1569e4a83d7c43d45101f817401dc/out/vs/workbench/api/node/extensionHostProcess.js:128:32236)
	at i.value (/home/nvidia/.vscode-server/bin/2ccd690cbff1569e4a83d7c43d45101f817401dc/out/vs/workbench/api/node/extensionHostProcess.js:128:30287)
	at p.w (/home/nvidia/.vscode-server/bin/2ccd690cbff1569e4a83d7c43d45101f817401dc/out/vs/workbench/api/node/extensionHostProcess.js:60:1902)
	at p.fire (/home/nvidia/.vscode-server/bin/2ccd690cbff1569e4a83d7c43d45101f817401dc/out/vs/workbench/api/node/extensionHostProcess.js:60:2119)
	at fire (/home/nvidia/.vscode-server/bin/2ccd690cbff1569e4a83d7c43d45101f817401dc/out/vs/workbench/api/node/extensionHostProcess.js:76:13931)
	at s.z (/home/nvidia/.vscode-server/bin/2ccd690cbff1569e4a83d7c43d45101f817401dc/out/vs/workbench/api/node/extensionHostProcess.js:76:16976)
	at i.value (/home/nvidia/.vscode-server/bin/2ccd690cbff1569e4a83d7c43d45101f817401dc/out/vs/workbench/api/node/extensionHostProcess.js:76:15428)
	at p.w (/home/nvidia/.vscode-server/bin/2ccd690cbff1569e4a83d7c43d45101f817401dc/out/vs/workbench/api/node/extensionHostProcess.js:60:1902)
	at p.fire (/home/nvidia/.vscode-server/bin/2ccd690cbff1569e4a83d7c43d45101f817401dc/out/vs/workbench/api/node/extensionHostProcess.js:60:2119)
	at i.acceptChunk (/home/nvidia/.vscode-server/bin/2ccd690cbff1569e4a83d7c43d45101f817401dc/out/vs/workbench/api/node/extensionHostProcess.js:76:11705)
	at i.value (/home/nvidia/.vscode-server/bin/2ccd690cbff1569e4a83d7c43d45101f817401dc/out/vs/workbench/api/node/extensionHostProcess.js:76:10992)
	at p.w (/home/nvidia/.vscode-server/bin/2ccd690cbff1569e4a83d7c43d45101f817401dc/out/vs/workbench/api/node/extensionHostProcess.js:60:1902)
	at p.fire (/home/nvidia/.vscode-server/bin/2ccd690cbff1569e4a83d7c43d45101f817401dc/out/vs/workbench/api/node/extensionHostProcess.js:60:2119)
	at p.u (/home/nvidia/.vscode-server/bin/2ccd690cbff1569e4a83d7c43d45101f817401dc/out/vs/workbench/api/node/extensionHostProcess.js:128:19065) setContext undefined
2023-08-01 09:54:05.557 [error] Canceled: Canceled
	at new h (/home/nvidia/.vscode-server/bin/2ccd690cbff1569e4a83d7c43d45101f817401dc/out/vs/workbench/api/node/extensionHostProcess.js:100:42413)
	at t.O (/home/nvidia/.vscode-server/bin/2ccd690cbff1569e4a83d7c43d45101f817401dc/out/vs/workbench/api/node/extensionHostProcess.js:112:11236)
	at Proxy.U.<computed>.q.charCodeAt.U.<computed> (/home/nvidia/.vscode-server/bin/2ccd690cbff1569e4a83d7c43d45101f817401dc/out/vs/workbench/api/node/extensionHostProcess.js:112:8675)
	at e.$vL.g (/home/nvidia/.vscode-server/bin/2ccd690cbff1569e4a83d7c43d45101f817401dc/out/vs/workbench/api/node/extensionHostProcess.js:100:63549)
	at e.$vL.executeCommand (/home/nvidia/.vscode-server/bin/2ccd690cbff1569e4a83d7c43d45101f817401dc/out/vs/workbench/api/node/extensionHostProcess.js:100:62973)
	at P.registerCommand.description (/home/nvidia/.vscode-server/bin/2ccd690cbff1569e4a83d7c43d45101f817401dc/out/vs/workbench/api/node/extensionHostProcess.js:100:62280)
	at e.$vL.h (/home/nvidia/.vscode-server/bin/2ccd690cbff1569e4a83d7c43d45101f817401dc/out/vs/workbench/api/node/extensionHostProcess.js:100:64085)
	at e.$vL.g (/home/nvidia/.vscode-server/bin/2ccd690cbff1569e4a83d7c43d45101f817401dc/out/vs/workbench/api/node/extensionHostProcess.js:100:63073)
	at e.$vL.executeCommand (/home/nvidia/.vscode-server/bin/2ccd690cbff1569e4a83d7c43d45101f817401dc/out/vs/workbench/api/node/extensionHostProcess.js:100:62973)
	at Object.executeCommand (/home/nvidia/.vscode-server/bin/2ccd690cbff1569e4a83d7c43d45101f817401dc/out/vs/workbench/api/node/extensionHostProcess.js:118:20971)
	at i.D [as value] (/home/nvidia/.vscode-server/bin/2ccd690cbff1569e4a83d7c43d45101f817401dc/extensions/git/dist/main.js:2:1260424)
	at p.w (/home/nvidia/.vscode-server/bin/2ccd690cbff1569e4a83d7c43d45101f817401dc/out/vs/workbench/api/node/extensionHostProcess.js:60:1902)
	at p.x (/home/nvidia/.vscode-server/bin/2ccd690cbff1569e4a83d7c43d45101f817401dc/out/vs/workbench/api/node/extensionHostProcess.js:60:1972)
	at p.fire (/home/nvidia/.vscode-server/bin/2ccd690cbff1569e4a83d7c43d45101f817401dc/out/vs/workbench/api/node/extensionHostProcess.js:60:2188)
	at Object.m [as dispose] (/home/nvidia/.vscode-server/bin/2ccd690cbff1569e4a83d7c43d45101f817401dc/extensions/git/dist/main.js:2:1275972)
	at /home/nvidia/.vscode-server/bin/2ccd690cbff1569e4a83d7c43d45101f817401dc/extensions/git/dist/main.js:2:1280539
	at Array.forEach (<anonymous>)
	at g.dispose (/home/nvidia/.vscode-server/bin/2ccd690cbff1569e4a83d7c43d45101f817401dc/extensions/git/dist/main.js:2:1280525)
	at o.<anonymous> (/home/nvidia/.vscode-server/bin/2ccd690cbff1569e4a83d7c43d45101f817401dc/out/vs/workbench/api/node/extensionHostProcess.js:96:4162)
	at o.dispose (/home/nvidia/.vscode-server/bin/2ccd690cbff1569e4a83d7c43d45101f817401dc/out/vs/workbench/api/node/extensionHostProcess.js:96:4297)
	at o.<anonymous> (/home/nvidia/.vscode-server/bin/2ccd690cbff1569e4a83d7c43d45101f817401dc/extensions/git/dist/main.js:2:1262437)
	at o.dispose (/home/nvidia/.vscode-server/bin/2ccd690cbff1569e4a83d7c43d45101f817401dc/out/vs/workbench/api/node/extensionHostProcess.js:96:4297)
	at D (/home/nvidia/.vscode-server/bin/2ccd690cbff1569e4a83d7c43d45101f817401dc/out/vs/workbench/api/node/extensionHostProcess.js:10:11731)
	at i.Z (/home/nvidia/.vscode-server/bin/2ccd690cbff1569e4a83d7c43d45101f817401dc/out/vs/workbench/api/node/extensionHostProcess.js:114:10370)
	at /home/nvidia/.vscode-server/bin/2ccd690cbff1569e4a83d7c43d45101f817401dc/out/vs/workbench/api/node/extensionHostProcess.js:114:8332
	at Array.map (<anonymous>)
	at i.S (/home/nvidia/.vscode-server/bin/2ccd690cbff1569e4a83d7c43d45101f817401dc/out/vs/workbench/api/node/extensionHostProcess.js:114:8319)
	at i.terminate (/home/nvidia/.vscode-server/bin/2ccd690cbff1569e4a83d7c43d45101f817401dc/out/vs/workbench/api/node/extensionHostProcess.js:114:8591)
	at l.terminate (/home/nvidia/.vscode-server/bin/2ccd690cbff1569e4a83d7c43d45101f817401dc/out/vs/workbench/api/node/extensionHostProcess.js:118:1532)
	at E (/home/nvidia/.vscode-server/bin/2ccd690cbff1569e4a83d7c43d45101f817401dc/out/vs/workbench/api/node/extensionHostProcess.js:128:32236)
	at i.value (/home/nvidia/.vscode-server/bin/2ccd690cbff1569e4a83d7c43d45101f817401dc/out/vs/workbench/api/node/extensionHostProcess.js:128:30287)
	at p.w (/home/nvidia/.vscode-server/bin/2ccd690cbff1569e4a83d7c43d45101f817401dc/out/vs/workbench/api/node/extensionHostProcess.js:60:1902)
	at p.fire (/home/nvidia/.vscode-server/bin/2ccd690cbff1569e4a83d7c43d45101f817401dc/out/vs/workbench/api/node/extensionHostProcess.js:60:2119)
	at fire (/home/nvidia/.vscode-server/bin/2ccd690cbff1569e4a83d7c43d45101f817401dc/out/vs/workbench/api/node/extensionHostProcess.js:76:13931)
	at s.z (/home/nvidia/.vscode-server/bin/2ccd690cbff1569e4a83d7c43d45101f817401dc/out/vs/workbench/api/node/extensionHostProcess.js:76:16976)
	at i.value (/home/nvidia/.vscode-server/bin/2ccd690cbff1569e4a83d7c43d45101f817401dc/out/vs/workbench/api/node/extensionHostProcess.js:76:15428)
	at p.w (/home/nvidia/.vscode-server/bin/2ccd690cbff1569e4a83d7c43d45101f817401dc/out/vs/workbench/api/node/extensionHostProcess.js:60:1902)
	at p.fire (/home/nvidia/.vscode-server/bin/2ccd690cbff1569e4a83d7c43d45101f817401dc/out/vs/workbench/api/node/extensionHostProcess.js:60:2119)
	at i.acceptChunk (/home/nvidia/.vscode-server/bin/2ccd690cbff1569e4a83d7c43d45101f817401dc/out/vs/workbench/api/node/extensionHostProcess.js:76:11705)
	at i.value (/home/nvidia/.vscode-server/bin/2ccd690cbff1569e4a83d7c43d45101f817401dc/out/vs/workbench/api/node/extensionHostProcess.js:76:10992)
	at p.w (/home/nvidia/.vscode-server/bin/2ccd690cbff1569e4a83d7c43d45101f817401dc/out/vs/workbench/api/node/extensionHostProcess.js:60:1902)
	at p.fire (/home/nvidia/.vscode-server/bin/2ccd690cbff1569e4a83d7c43d45101f817401dc/out/vs/workbench/api/node/extensionHostProcess.js:60:2119)
	at p.u (/home/nvidia/.vscode-server/bin/2ccd690cbff1569e4a83d7c43d45101f817401dc/out/vs/workbench/api/node/extensionHostProcess.js:128:19065) setContext undefined
2023-08-01 09:54:05.559 [error] Canceled: Canceled
	at new h (/home/nvidia/.vscode-server/bin/2ccd690cbff1569e4a83d7c43d45101f817401dc/out/vs/workbench/api/node/extensionHostProcess.js:100:42413)
	at t.O (/home/nvidia/.vscode-server/bin/2ccd690cbff1569e4a83d7c43d45101f817401dc/out/vs/workbench/api/node/extensionHostProcess.js:112:11236)
	at Proxy.U.<computed>.q.charCodeAt.U.<computed> (/home/nvidia/.vscode-server/bin/2ccd690cbff1569e4a83d7c43d45101f817401dc/out/vs/workbench/api/node/extensionHostProcess.js:112:8675)
	at e.$vL.g (/home/nvidia/.vscode-server/bin/2ccd690cbff1569e4a83d7c43d45101f817401dc/out/vs/workbench/api/node/extensionHostProcess.js:100:63549)
	at e.$vL.executeCommand (/home/nvidia/.vscode-server/bin/2ccd690cbff1569e4a83d7c43d45101f817401dc/out/vs/workbench/api/node/extensionHostProcess.js:100:62973)
	at P.registerCommand.description (/home/nvidia/.vscode-server/bin/2ccd690cbff1569e4a83d7c43d45101f817401dc/out/vs/workbench/api/node/extensionHostProcess.js:100:62280)
	at e.$vL.h (/home/nvidia/.vscode-server/bin/2ccd690cbff1569e4a83d7c43d45101f817401dc/out/vs/workbench/api/node/extensionHostProcess.js:100:64085)
	at e.$vL.g (/home/nvidia/.vscode-server/bin/2ccd690cbff1569e4a83d7c43d45101f817401dc/out/vs/workbench/api/node/extensionHostProcess.js:100:63073)
	at e.$vL.executeCommand (/home/nvidia/.vscode-server/bin/2ccd690cbff1569e4a83d7c43d45101f817401dc/out/vs/workbench/api/node/extensionHostProcess.js:100:62973)
	at Object.executeCommand (/home/nvidia/.vscode-server/bin/2ccd690cbff1569e4a83d7c43d45101f817401dc/out/vs/workbench/api/node/extensionHostProcess.js:118:20971)
	at i.D [as value] (/home/nvidia/.vscode-server/bin/2ccd690cbff1569e4a83d7c43d45101f817401dc/extensions/git/dist/main.js:2:1260424)
	at p.w (/home/nvidia/.vscode-server/bin/2ccd690cbff1569e4a83d7c43d45101f817401dc/out/vs/workbench/api/node/extensionHostProcess.js:60:1902)
	at p.x (/home/nvidia/.vscode-server/bin/2ccd690cbff1569e4a83d7c43d45101f817401dc/out/vs/workbench/api/node/extensionHostProcess.js:60:1972)
	at p.fire (/home/nvidia/.vscode-server/bin/2ccd690cbff1569e4a83d7c43d45101f817401dc/out/vs/workbench/api/node/extensionHostProcess.js:60:2188)
	at Object.m [as dispose] (/home/nvidia/.vscode-server/bin/2ccd690cbff1569e4a83d7c43d45101f817401dc/extensions/git/dist/main.js:2:1275972)
	at /home/nvidia/.vscode-server/bin/2ccd690cbff1569e4a83d7c43d45101f817401dc/extensions/git/dist/main.js:2:1280539
	at Array.forEach (<anonymous>)
	at g.dispose (/home/nvidia/.vscode-server/bin/2ccd690cbff1569e4a83d7c43d45101f817401dc/extensions/git/dist/main.js:2:1280525)
	at o.<anonymous> (/home/nvidia/.vscode-server/bin/2ccd690cbff1569e4a83d7c43d45101f817401dc/out/vs/workbench/api/node/extensionHostProcess.js:96:4162)
	at o.dispose (/home/nvidia/.vscode-server/bin/2ccd690cbff1569e4a83d7c43d45101f817401dc/out/vs/workbench/api/node/extensionHostProcess.js:96:4297)
	at o.<anonymous> (/home/nvidia/.vscode-server/bin/2ccd690cbff1569e4a83d7c43d45101f817401dc/extensions/git/dist/main.js:2:1262437)
	at o.dispose (/home/nvidia/.vscode-server/bin/2ccd690cbff1569e4a83d7c43d45101f817401dc/out/vs/workbench/api/node/extensionHostProcess.js:96:4297)
	at D (/home/nvidia/.vscode-server/bin/2ccd690cbff1569e4a83d7c43d45101f817401dc/out/vs/workbench/api/node/extensionHostProcess.js:10:11731)
	at i.Z (/home/nvidia/.vscode-server/bin/2ccd690cbff1569e4a83d7c43d45101f817401dc/out/vs/workbench/api/node/extensionHostProcess.js:114:10370)
	at /home/nvidia/.vscode-server/bin/2ccd690cbff1569e4a83d7c43d45101f817401dc/out/vs/workbench/api/node/extensionHostProcess.js:114:8332
	at Array.map (<anonymous>)
	at i.S (/home/nvidia/.vscode-server/bin/2ccd690cbff1569e4a83d7c43d45101f817401dc/out/vs/workbench/api/node/extensionHostProcess.js:114:8319)
	at i.terminate (/home/nvidia/.vscode-server/bin/2ccd690cbff1569e4a83d7c43d45101f817401dc/out/vs/workbench/api/node/extensionHostProcess.js:114:8591)
	at l.terminate (/home/nvidia/.vscode-server/bin/2ccd690cbff1569e4a83d7c43d45101f817401dc/out/vs/workbench/api/node/extensionHostProcess.js:118:1532)
	at E (/home/nvidia/.vscode-server/bin/2ccd690cbff1569e4a83d7c43d45101f817401dc/out/vs/workbench/api/node/extensionHostProcess.js:128:32236)
	at i.value (/home/nvidia/.vscode-server/bin/2ccd690cbff1569e4a83d7c43d45101f817401dc/out/vs/workbench/api/node/extensionHostProcess.js:128:30287)
	at p.w (/home/nvidia/.vscode-server/bin/2ccd690cbff1569e4a83d7c43d45101f817401dc/out/vs/workbench/api/node/extensionHostProcess.js:60:1902)
	at p.fire (/home/nvidia/.vscode-server/bin/2ccd690cbff1569e4a83d7c43d45101f817401dc/out/vs/workbench/api/node/extensionHostProcess.js:60:2119)
	at fire (/home/nvidia/.vscode-server/bin/2ccd690cbff1569e4a83d7c43d45101f817401dc/out/vs/workbench/api/node/extensionHostProcess.js:76:13931)
	at s.z (/home/nvidia/.vscode-server/bin/2ccd690cbff1569e4a83d7c43d45101f817401dc/out/vs/workbench/api/node/extensionHostProcess.js:76:16976)
	at i.value (/home/nvidia/.vscode-server/bin/2ccd690cbff1569e4a83d7c43d45101f817401dc/out/vs/workbench/api/node/extensionHostProcess.js:76:15428)
	at p.w (/home/nvidia/.vscode-server/bin/2ccd690cbff1569e4a83d7c43d45101f817401dc/out/vs/workbench/api/node/extensionHostProcess.js:60:1902)
	at p.fire (/home/nvidia/.vscode-server/bin/2ccd690cbff1569e4a83d7c43d45101f817401dc/out/vs/workbench/api/node/extensionHostProcess.js:60:2119)
	at i.acceptChunk (/home/nvidia/.vscode-server/bin/2ccd690cbff1569e4a83d7c43d45101f817401dc/out/vs/workbench/api/node/extensionHostProcess.js:76:11705)
	at i.value (/home/nvidia/.vscode-server/bin/2ccd690cbff1569e4a83d7c43d45101f817401dc/out/vs/workbench/api/node/extensionHostProcess.js:76:10992)
	at p.w (/home/nvidia/.vscode-server/bin/2ccd690cbff1569e4a83d7c43d45101f817401dc/out/vs/workbench/api/node/extensionHostProcess.js:60:1902)
	at p.fire (/home/nvidia/.vscode-server/bin/2ccd690cbff1569e4a83d7c43d45101f817401dc/out/vs/workbench/api/node/extensionHostProcess.js:60:2119)
	at p.u (/home/nvidia/.vscode-server/bin/2ccd690cbff1569e4a83d7c43d45101f817401dc/out/vs/workbench/api/node/extensionHostProcess.js:128:19065) setContext undefined
2023-08-01 09:54:05.559 [error] Canceled: Canceled
	at new h (/home/nvidia/.vscode-server/bin/2ccd690cbff1569e4a83d7c43d45101f817401dc/out/vs/workbench/api/node/extensionHostProcess.js:100:42413)
	at t.O (/home/nvidia/.vscode-server/bin/2ccd690cbff1569e4a83d7c43d45101f817401dc/out/vs/workbench/api/node/extensionHostProcess.js:112:11236)
	at Proxy.U.<computed>.q.charCodeAt.U.<computed> (/home/nvidia/.vscode-server/bin/2ccd690cbff1569e4a83d7c43d45101f817401dc/out/vs/workbench/api/node/extensionHostProcess.js:112:8675)
	at e.$vL.g (/home/nvidia/.vscode-server/bin/2ccd690cbff1569e4a83d7c43d45101f817401dc/out/vs/workbench/api/node/extensionHostProcess.js:100:63549)
	at e.$vL.executeCommand (/home/nvidia/.vscode-server/bin/2ccd690cbff1569e4a83d7c43d45101f817401dc/out/vs/workbench/api/node/extensionHostProcess.js:100:62973)
	at P.registerCommand.description (/home/nvidia/.vscode-server/bin/2ccd690cbff1569e4a83d7c43d45101f817401dc/out/vs/workbench/api/node/extensionHostProcess.js:100:62280)
	at e.$vL.h (/home/nvidia/.vscode-server/bin/2ccd690cbff1569e4a83d7c43d45101f817401dc/out/vs/workbench/api/node/extensionHostProcess.js:100:64085)
	at e.$vL.g (/home/nvidia/.vscode-server/bin/2ccd690cbff1569e4a83d7c43d45101f817401dc/out/vs/workbench/api/node/extensionHostProcess.js:100:63073)
	at e.$vL.executeCommand (/home/nvidia/.vscode-server/bin/2ccd690cbff1569e4a83d7c43d45101f817401dc/out/vs/workbench/api/node/extensionHostProcess.js:100:62973)
	at Object.executeCommand (/home/nvidia/.vscode-server/bin/2ccd690cbff1569e4a83d7c43d45101f817401dc/out/vs/workbench/api/node/extensionHostProcess.js:118:20971)
	at i.D [as value] (/home/nvidia/.vscode-server/bin/2ccd690cbff1569e4a83d7c43d45101f817401dc/extensions/git/dist/main.js:2:1260424)
	at p.w (/home/nvidia/.vscode-server/bin/2ccd690cbff1569e4a83d7c43d45101f817401dc/out/vs/workbench/api/node/extensionHostProcess.js:60:1902)
	at p.x (/home/nvidia/.vscode-server/bin/2ccd690cbff1569e4a83d7c43d45101f817401dc/out/vs/workbench/api/node/extensionHostProcess.js:60:1972)
	at p.fire (/home/nvidia/.vscode-server/bin/2ccd690cbff1569e4a83d7c43d45101f817401dc/out/vs/workbench/api/node/extensionHostProcess.js:60:2188)
	at Object.m [as dispose] (/home/nvidia/.vscode-server/bin/2ccd690cbff1569e4a83d7c43d45101f817401dc/extensions/git/dist/main.js:2:1275972)
	at /home/nvidia/.vscode-server/bin/2ccd690cbff1569e4a83d7c43d45101f817401dc/extensions/git/dist/main.js:2:1280539
	at Array.forEach (<anonymous>)
	at g.dispose (/home/nvidia/.vscode-server/bin/2ccd690cbff1569e4a83d7c43d45101f817401dc/extensions/git/dist/main.js:2:1280525)
	at o.<anonymous> (/home/nvidia/.vscode-server/bin/2ccd690cbff1569e4a83d7c43d45101f817401dc/out/vs/workbench/api/node/extensionHostProcess.js:96:4162)
	at o.dispose (/home/nvidia/.vscode-server/bin/2ccd690cbff1569e4a83d7c43d45101f817401dc/out/vs/workbench/api/node/extensionHostProcess.js:96:4297)
	at o.<anonymous> (/home/nvidia/.vscode-server/bin/2ccd690cbff1569e4a83d7c43d45101f817401dc/extensions/git/dist/main.js:2:1262437)
	at o.dispose (/home/nvidia/.vscode-server/bin/2ccd690cbff1569e4a83d7c43d45101f817401dc/out/vs/workbench/api/node/extensionHostProcess.js:96:4297)
	at D (/home/nvidia/.vscode-server/bin/2ccd690cbff1569e4a83d7c43d45101f817401dc/out/vs/workbench/api/node/extensionHostProcess.js:10:11731)
	at i.Z (/home/nvidia/.vscode-server/bin/2ccd690cbff1569e4a83d7c43d45101f817401dc/out/vs/workbench/api/node/extensionHostProcess.js:114:10370)
	at /home/nvidia/.vscode-server/bin/2ccd690cbff1569e4a83d7c43d45101f817401dc/out/vs/workbench/api/node/extensionHostProcess.js:114:8332
	at Array.map (<anonymous>)
	at i.S (/home/nvidia/.vscode-server/bin/2ccd690cbff1569e4a83d7c43d45101f817401dc/out/vs/workbench/api/node/extensionHostProcess.js:114:8319)
	at i.terminate (/home/nvidia/.vscode-server/bin/2ccd690cbff1569e4a83d7c43d45101f817401dc/out/vs/workbench/api/node/extensionHostProcess.js:114:8591)
	at l.terminate (/home/nvidia/.vscode-server/bin/2ccd690cbff1569e4a83d7c43d45101f817401dc/out/vs/workbench/api/node/extensionHostProcess.js:118:1532)
	at E (/home/nvidia/.vscode-server/bin/2ccd690cbff1569e4a83d7c43d45101f817401dc/out/vs/workbench/api/node/extensionHostProcess.js:128:32236)
	at i.value (/home/nvidia/.vscode-server/bin/2ccd690cbff1569e4a83d7c43d45101f817401dc/out/vs/workbench/api/node/extensionHostProcess.js:128:30287)
	at p.w (/home/nvidia/.vscode-server/bin/2ccd690cbff1569e4a83d7c43d45101f817401dc/out/vs/workbench/api/node/extensionHostProcess.js:60:1902)
	at p.fire (/home/nvidia/.vscode-server/bin/2ccd690cbff1569e4a83d7c43d45101f817401dc/out/vs/workbench/api/node/extensionHostProcess.js:60:2119)
	at fire (/home/nvidia/.vscode-server/bin/2ccd690cbff1569e4a83d7c43d45101f817401dc/out/vs/workbench/api/node/extensionHostProcess.js:76:13931)
	at s.z (/home/nvidia/.vscode-server/bin/2ccd690cbff1569e4a83d7c43d45101f817401dc/out/vs/workbench/api/node/extensionHostProcess.js:76:16976)
	at i.value (/home/nvidia/.vscode-server/bin/2ccd690cbff1569e4a83d7c43d45101f817401dc/out/vs/workbench/api/node/extensionHostProcess.js:76:15428)
	at p.w (/home/nvidia/.vscode-server/bin/2ccd690cbff1569e4a83d7c43d45101f817401dc/out/vs/workbench/api/node/extensionHostProcess.js:60:1902)
	at p.fire (/home/nvidia/.vscode-server/bin/2ccd690cbff1569e4a83d7c43d45101f817401dc/out/vs/workbench/api/node/extensionHostProcess.js:60:2119)
	at i.acceptChunk (/home/nvidia/.vscode-server/bin/2ccd690cbff1569e4a83d7c43d45101f817401dc/out/vs/workbench/api/node/extensionHostProcess.js:76:11705)
	at i.value (/home/nvidia/.vscode-server/bin/2ccd690cbff1569e4a83d7c43d45101f817401dc/out/vs/workbench/api/node/extensionHostProcess.js:76:10992)
	at p.w (/home/nvidia/.vscode-server/bin/2ccd690cbff1569e4a83d7c43d45101f817401dc/out/vs/workbench/api/node/extensionHostProcess.js:60:1902)
	at p.fire (/home/nvidia/.vscode-server/bin/2ccd690cbff1569e4a83d7c43d45101f817401dc/out/vs/workbench/api/node/extensionHostProcess.js:60:2119)
	at p.u (/home/nvidia/.vscode-server/bin/2ccd690cbff1569e4a83d7c43d45101f817401dc/out/vs/workbench/api/node/extensionHostProcess.js:128:19065) setContext undefined
2023-08-01 09:54:05.560 [error] Canceled: Canceled
	at new h (/home/nvidia/.vscode-server/bin/2ccd690cbff1569e4a83d7c43d45101f817401dc/out/vs/workbench/api/node/extensionHostProcess.js:100:42413)
	at t.O (/home/nvidia/.vscode-server/bin/2ccd690cbff1569e4a83d7c43d45101f817401dc/out/vs/workbench/api/node/extensionHostProcess.js:112:11236)
	at Proxy.U.<computed>.q.charCodeAt.U.<computed> (/home/nvidia/.vscode-server/bin/2ccd690cbff1569e4a83d7c43d45101f817401dc/out/vs/workbench/api/node/extensionHostProcess.js:112:8675)
	at e.$vL.g (/home/nvidia/.vscode-server/bin/2ccd690cbff1569e4a83d7c43d45101f817401dc/out/vs/workbench/api/node/extensionHostProcess.js:100:63549)
	at e.$vL.executeCommand (/home/nvidia/.vscode-server/bin/2ccd690cbff1569e4a83d7c43d45101f817401dc/out/vs/workbench/api/node/extensionHostProcess.js:100:62973)
	at P.registerCommand.description (/home/nvidia/.vscode-server/bin/2ccd690cbff1569e4a83d7c43d45101f817401dc/out/vs/workbench/api/node/extensionHostProcess.js:100:62280)
	at e.$vL.h (/home/nvidia/.vscode-server/bin/2ccd690cbff1569e4a83d7c43d45101f817401dc/out/vs/workbench/api/node/extensionHostProcess.js:100:64085)
	at e.$vL.g (/home/nvidia/.vscode-server/bin/2ccd690cbff1569e4a83d7c43d45101f817401dc/out/vs/workbench/api/node/extensionHostProcess.js:100:63073)
	at e.$vL.executeCommand (/home/nvidia/.vscode-server/bin/2ccd690cbff1569e4a83d7c43d45101f817401dc/out/vs/workbench/api/node/extensionHostProcess.js:100:62973)
	at Object.executeCommand (/home/nvidia/.vscode-server/bin/2ccd690cbff1569e4a83d7c43d45101f817401dc/out/vs/workbench/api/node/extensionHostProcess.js:118:20971)
	at i.D [as value] (/home/nvidia/.vscode-server/bin/2ccd690cbff1569e4a83d7c43d45101f817401dc/extensions/git/dist/main.js:2:1260424)
	at p.w (/home/nvidia/.vscode-server/bin/2ccd690cbff1569e4a83d7c43d45101f817401dc/out/vs/workbench/api/node/extensionHostProcess.js:60:1902)
	at p.x (/home/nvidia/.vscode-server/bin/2ccd690cbff1569e4a83d7c43d45101f817401dc/out/vs/workbench/api/node/extensionHostProcess.js:60:1972)
	at p.fire (/home/nvidia/.vscode-server/bin/2ccd690cbff1569e4a83d7c43d45101f817401dc/out/vs/workbench/api/node/extensionHostProcess.js:60:2188)
	at Object.m [as dispose] (/home/nvidia/.vscode-server/bin/2ccd690cbff1569e4a83d7c43d45101f817401dc/extensions/git/dist/main.js:2:1275972)
	at /home/nvidia/.vscode-server/bin/2ccd690cbff1569e4a83d7c43d45101f817401dc/extensions/git/dist/main.js:2:1280539
	at Array.forEach (<anonymous>)
	at g.dispose (/home/nvidia/.vscode-server/bin/2ccd690cbff1569e4a83d7c43d45101f817401dc/extensions/git/dist/main.js:2:1280525)
	at o.<anonymous> (/home/nvidia/.vscode-server/bin/2ccd690cbff1569e4a83d7c43d45101f817401dc/out/vs/workbench/api/node/extensionHostProcess.js:96:4162)
	at o.dispose (/home/nvidia/.vscode-server/bin/2ccd690cbff1569e4a83d7c43d45101f817401dc/out/vs/workbench/api/node/extensionHostProcess.js:96:4297)
	at o.<anonymous> (/home/nvidia/.vscode-server/bin/2ccd690cbff1569e4a83d7c43d45101f817401dc/extensions/git/dist/main.js:2:1262437)
	at o.dispose (/home/nvidia/.vscode-server/bin/2ccd690cbff1569e4a83d7c43d45101f817401dc/out/vs/workbench/api/node/extensionHostProcess.js:96:4297)
	at D (/home/nvidia/.vscode-server/bin/2ccd690cbff1569e4a83d7c43d45101f817401dc/out/vs/workbench/api/node/extensionHostProcess.js:10:11731)
	at i.Z (/home/nvidia/.vscode-server/bin/2ccd690cbff1569e4a83d7c43d45101f817401dc/out/vs/workbench/api/node/extensionHostProcess.js:114:10370)
	at /home/nvidia/.vscode-server/bin/2ccd690cbff1569e4a83d7c43d45101f817401dc/out/vs/workbench/api/node/extensionHostProcess.js:114:8332
	at Array.map (<anonymous>)
	at i.S (/home/nvidia/.vscode-server/bin/2ccd690cbff1569e4a83d7c43d45101f817401dc/out/vs/workbench/api/node/extensionHostProcess.js:114:8319)
	at i.terminate (/home/nvidia/.vscode-server/bin/2ccd690cbff1569e4a83d7c43d45101f817401dc/out/vs/workbench/api/node/extensionHostProcess.js:114:8591)
	at l.terminate (/home/nvidia/.vscode-server/bin/2ccd690cbff1569e4a83d7c43d45101f817401dc/out/vs/workbench/api/node/extensionHostProcess.js:118:1532)
	at E (/home/nvidia/.vscode-server/bin/2ccd690cbff1569e4a83d7c43d45101f817401dc/out/vs/workbench/api/node/extensionHostProcess.js:128:32236)
	at i.value (/home/nvidia/.vscode-server/bin/2ccd690cbff1569e4a83d7c43d45101f817401dc/out/vs/workbench/api/node/extensionHostProcess.js:128:30287)
	at p.w (/home/nvidia/.vscode-server/bin/2ccd690cbff1569e4a83d7c43d45101f817401dc/out/vs/workbench/api/node/extensionHostProcess.js:60:1902)
	at p.fire (/home/nvidia/.vscode-server/bin/2ccd690cbff1569e4a83d7c43d45101f817401dc/out/vs/workbench/api/node/extensionHostProcess.js:60:2119)
	at fire (/home/nvidia/.vscode-server/bin/2ccd690cbff1569e4a83d7c43d45101f817401dc/out/vs/workbench/api/node/extensionHostProcess.js:76:13931)
	at s.z (/home/nvidia/.vscode-server/bin/2ccd690cbff1569e4a83d7c43d45101f817401dc/out/vs/workbench/api/node/extensionHostProcess.js:76:16976)
	at i.value (/home/nvidia/.vscode-server/bin/2ccd690cbff1569e4a83d7c43d45101f817401dc/out/vs/workbench/api/node/extensionHostProcess.js:76:15428)
	at p.w (/home/nvidia/.vscode-server/bin/2ccd690cbff1569e4a83d7c43d45101f817401dc/out/vs/workbench/api/node/extensionHostProcess.js:60:1902)
	at p.fire (/home/nvidia/.vscode-server/bin/2ccd690cbff1569e4a83d7c43d45101f817401dc/out/vs/workbench/api/node/extensionHostProcess.js:60:2119)
	at i.acceptChunk (/home/nvidia/.vscode-server/bin/2ccd690cbff1569e4a83d7c43d45101f817401dc/out/vs/workbench/api/node/extensionHostProcess.js:76:11705)
	at i.value (/home/nvidia/.vscode-server/bin/2ccd690cbff1569e4a83d7c43d45101f817401dc/out/vs/workbench/api/node/extensionHostProcess.js:76:10992)
	at p.w (/home/nvidia/.vscode-server/bin/2ccd690cbff1569e4a83d7c43d45101f817401dc/out/vs/workbench/api/node/extensionHostProcess.js:60:1902)
	at p.fire (/home/nvidia/.vscode-server/bin/2ccd690cbff1569e4a83d7c43d45101f817401dc/out/vs/workbench/api/node/extensionHostProcess.js:60:2119)
	at p.u (/home/nvidia/.vscode-server/bin/2ccd690cbff1569e4a83d7c43d45101f817401dc/out/vs/workbench/api/node/extensionHostProcess.js:128:19065) setContext undefined
2023-08-01 09:54:05.563 [error] Canceled: Canceled
	at new h (/home/nvidia/.vscode-server/bin/2ccd690cbff1569e4a83d7c43d45101f817401dc/out/vs/workbench/api/node/extensionHostProcess.js:100:42413)
	at t.O (/home/nvidia/.vscode-server/bin/2ccd690cbff1569e4a83d7c43d45101f817401dc/out/vs/workbench/api/node/extensionHostProcess.js:112:11236)
	at Proxy.U.<computed>.q.charCodeAt.U.<computed> (/home/nvidia/.vscode-server/bin/2ccd690cbff1569e4a83d7c43d45101f817401dc/out/vs/workbench/api/node/extensionHostProcess.js:112:8675)
	at e.$vL.g (/home/nvidia/.vscode-server/bin/2ccd690cbff1569e4a83d7c43d45101f817401dc/out/vs/workbench/api/node/extensionHostProcess.js:100:63549)
	at e.$vL.executeCommand (/home/nvidia/.vscode-server/bin/2ccd690cbff1569e4a83d7c43d45101f817401dc/out/vs/workbench/api/node/extensionHostProcess.js:100:62973)
	at P.registerCommand.description (/home/nvidia/.vscode-server/bin/2ccd690cbff1569e4a83d7c43d45101f817401dc/out/vs/workbench/api/node/extensionHostProcess.js:100:62280)
	at e.$vL.h (/home/nvidia/.vscode-server/bin/2ccd690cbff1569e4a83d7c43d45101f817401dc/out/vs/workbench/api/node/extensionHostProcess.js:100:64085)
	at e.$vL.g (/home/nvidia/.vscode-server/bin/2ccd690cbff1569e4a83d7c43d45101f817401dc/out/vs/workbench/api/node/extensionHostProcess.js:100:63073)
	at e.$vL.executeCommand (/home/nvidia/.vscode-server/bin/2ccd690cbff1569e4a83d7c43d45101f817401dc/out/vs/workbench/api/node/extensionHostProcess.js:100:62973)
	at Object.executeCommand (/home/nvidia/.vscode-server/bin/2ccd690cbff1569e4a83d7c43d45101f817401dc/out/vs/workbench/api/node/extensionHostProcess.js:118:20971)
	at i.D [as value] (/home/nvidia/.vscode-server/bin/2ccd690cbff1569e4a83d7c43d45101f817401dc/extensions/git/dist/main.js:2:1260424)
	at p.w (/home/nvidia/.vscode-server/bin/2ccd690cbff1569e4a83d7c43d45101f817401dc/out/vs/workbench/api/node/extensionHostProcess.js:60:1902)
	at p.x (/home/nvidia/.vscode-server/bin/2ccd690cbff1569e4a83d7c43d45101f817401dc/out/vs/workbench/api/node/extensionHostProcess.js:60:1972)
	at p.fire (/home/nvidia/.vscode-server/bin/2ccd690cbff1569e4a83d7c43d45101f817401dc/out/vs/workbench/api/node/extensionHostProcess.js:60:2188)
	at Object.m [as dispose] (/home/nvidia/.vscode-server/bin/2ccd690cbff1569e4a83d7c43d45101f817401dc/extensions/git/dist/main.js:2:1275972)
	at /home/nvidia/.vscode-server/bin/2ccd690cbff1569e4a83d7c43d45101f817401dc/extensions/git/dist/main.js:2:1280539
	at Array.forEach (<anonymous>)
	at g.dispose (/home/nvidia/.vscode-server/bin/2ccd690cbff1569e4a83d7c43d45101f817401dc/extensions/git/dist/main.js:2:1280525)
	at o.<anonymous> (/home/nvidia/.vscode-server/bin/2ccd690cbff1569e4a83d7c43d45101f817401dc/out/vs/workbench/api/node/extensionHostProcess.js:96:4162)
	at o.dispose (/home/nvidia/.vscode-server/bin/2ccd690cbff1569e4a83d7c43d45101f817401dc/out/vs/workbench/api/node/extensionHostProcess.js:96:4297)
	at o.<anonymous> (/home/nvidia/.vscode-server/bin/2ccd690cbff1569e4a83d7c43d45101f817401dc/extensions/git/dist/main.js:2:1262437)
	at o.dispose (/home/nvidia/.vscode-server/bin/2ccd690cbff1569e4a83d7c43d45101f817401dc/out/vs/workbench/api/node/extensionHostProcess.js:96:4297)
	at D (/home/nvidia/.vscode-server/bin/2ccd690cbff1569e4a83d7c43d45101f817401dc/out/vs/workbench/api/node/extensionHostProcess.js:10:11731)
	at i.Z (/home/nvidia/.vscode-server/bin/2ccd690cbff1569e4a83d7c43d45101f817401dc/out/vs/workbench/api/node/extensionHostProcess.js:114:10370)
	at /home/nvidia/.vscode-server/bin/2ccd690cbff1569e4a83d7c43d45101f817401dc/out/vs/workbench/api/node/extensionHostProcess.js:114:8332
	at Array.map (<anonymous>)
	at i.S (/home/nvidia/.vscode-server/bin/2ccd690cbff1569e4a83d7c43d45101f817401dc/out/vs/workbench/api/node/extensionHostProcess.js:114:8319)
	at i.terminate (/home/nvidia/.vscode-server/bin/2ccd690cbff1569e4a83d7c43d45101f817401dc/out/vs/workbench/api/node/extensionHostProcess.js:114:8591)
	at l.terminate (/home/nvidia/.vscode-server/bin/2ccd690cbff1569e4a83d7c43d45101f817401dc/out/vs/workbench/api/node/extensionHostProcess.js:118:1532)
	at E (/home/nvidia/.vscode-server/bin/2ccd690cbff1569e4a83d7c43d45101f817401dc/out/vs/workbench/api/node/extensionHostProcess.js:128:32236)
	at i.value (/home/nvidia/.vscode-server/bin/2ccd690cbff1569e4a83d7c43d45101f817401dc/out/vs/workbench/api/node/extensionHostProcess.js:128:30287)
	at p.w (/home/nvidia/.vscode-server/bin/2ccd690cbff1569e4a83d7c43d45101f817401dc/out/vs/workbench/api/node/extensionHostProcess.js:60:1902)
	at p.fire (/home/nvidia/.vscode-server/bin/2ccd690cbff1569e4a83d7c43d45101f817401dc/out/vs/workbench/api/node/extensionHostProcess.js:60:2119)
	at fire (/home/nvidia/.vscode-server/bin/2ccd690cbff1569e4a83d7c43d45101f817401dc/out/vs/workbench/api/node/extensionHostProcess.js:76:13931)
	at s.z (/home/nvidia/.vscode-server/bin/2ccd690cbff1569e4a83d7c43d45101f817401dc/out/vs/workbench/api/node/extensionHostProcess.js:76:16976)
	at i.value (/home/nvidia/.vscode-server/bin/2ccd690cbff1569e4a83d7c43d45101f817401dc/out/vs/workbench/api/node/extensionHostProcess.js:76:15428)
	at p.w (/home/nvidia/.vscode-server/bin/2ccd690cbff1569e4a83d7c43d45101f817401dc/out/vs/workbench/api/node/extensionHostProcess.js:60:1902)
	at p.fire (/home/nvidia/.vscode-server/bin/2ccd690cbff1569e4a83d7c43d45101f817401dc/out/vs/workbench/api/node/extensionHostProcess.js:60:2119)
	at i.acceptChunk (/home/nvidia/.vscode-server/bin/2ccd690cbff1569e4a83d7c43d45101f817401dc/out/vs/workbench/api/node/extensionHostProcess.js:76:11705)
	at i.value (/home/nvidia/.vscode-server/bin/2ccd690cbff1569e4a83d7c43d45101f817401dc/out/vs/workbench/api/node/extensionHostProcess.js:76:10992)
	at p.w (/home/nvidia/.vscode-server/bin/2ccd690cbff1569e4a83d7c43d45101f817401dc/out/vs/workbench/api/node/extensionHostProcess.js:60:1902)
	at p.fire (/home/nvidia/.vscode-server/bin/2ccd690cbff1569e4a83d7c43d45101f817401dc/out/vs/workbench/api/node/extensionHostProcess.js:60:2119)
	at p.u (/home/nvidia/.vscode-server/bin/2ccd690cbff1569e4a83d7c43d45101f817401dc/out/vs/workbench/api/node/extensionHostProcess.js:128:19065) setContext undefined
2023-08-01 09:54:05.564 [error] Canceled: Canceled
	at new h (/home/nvidia/.vscode-server/bin/2ccd690cbff1569e4a83d7c43d45101f817401dc/out/vs/workbench/api/node/extensionHostProcess.js:100:42413)
	at t.O (/home/nvidia/.vscode-server/bin/2ccd690cbff1569e4a83d7c43d45101f817401dc/out/vs/workbench/api/node/extensionHostProcess.js:112:11236)
	at Proxy.U.<computed>.q.charCodeAt.U.<computed> (/home/nvidia/.vscode-server/bin/2ccd690cbff1569e4a83d7c43d45101f817401dc/out/vs/workbench/api/node/extensionHostProcess.js:112:8675)
	at e.$vL.g (/home/nvidia/.vscode-server/bin/2ccd690cbff1569e4a83d7c43d45101f817401dc/out/vs/workbench/api/node/extensionHostProcess.js:100:63549)
	at e.$vL.executeCommand (/home/nvidia/.vscode-server/bin/2ccd690cbff1569e4a83d7c43d45101f817401dc/out/vs/workbench/api/node/extensionHostProcess.js:100:62973)
	at P.registerCommand.description (/home/nvidia/.vscode-server/bin/2ccd690cbff1569e4a83d7c43d45101f817401dc/out/vs/workbench/api/node/extensionHostProcess.js:100:62280)
	at e.$vL.h (/home/nvidia/.vscode-server/bin/2ccd690cbff1569e4a83d7c43d45101f817401dc/out/vs/workbench/api/node/extensionHostProcess.js:100:64085)
	at e.$vL.g (/home/nvidia/.vscode-server/bin/2ccd690cbff1569e4a83d7c43d45101f817401dc/out/vs/workbench/api/node/extensionHostProcess.js:100:63073)
	at e.$vL.executeCommand (/home/nvidia/.vscode-server/bin/2ccd690cbff1569e4a83d7c43d45101f817401dc/out/vs/workbench/api/node/extensionHostProcess.js:100:62973)
	at Object.executeCommand (/home/nvidia/.vscode-server/bin/2ccd690cbff1569e4a83d7c43d45101f817401dc/out/vs/workbench/api/node/extensionHostProcess.js:118:20971)
	at i.D [as value] (/home/nvidia/.vscode-server/bin/2ccd690cbff1569e4a83d7c43d45101f817401dc/extensions/git/dist/main.js:2:1260424)
	at p.w (/home/nvidia/.vscode-server/bin/2ccd690cbff1569e4a83d7c43d45101f817401dc/out/vs/workbench/api/node/extensionHostProcess.js:60:1902)
	at p.x (/home/nvidia/.vscode-server/bin/2ccd690cbff1569e4a83d7c43d45101f817401dc/out/vs/workbench/api/node/extensionHostProcess.js:60:1972)
	at p.fire (/home/nvidia/.vscode-server/bin/2ccd690cbff1569e4a83d7c43d45101f817401dc/out/vs/workbench/api/node/extensionHostProcess.js:60:2188)
	at Object.m [as dispose] (/home/nvidia/.vscode-server/bin/2ccd690cbff1569e4a83d7c43d45101f817401dc/extensions/git/dist/main.js:2:1275972)
	at /home/nvidia/.vscode-server/bin/2ccd690cbff1569e4a83d7c43d45101f817401dc/extensions/git/dist/main.js:2:1280539
	at Array.forEach (<anonymous>)
	at g.dispose (/home/nvidia/.vscode-server/bin/2ccd690cbff1569e4a83d7c43d45101f817401dc/extensions/git/dist/main.js:2:1280525)
	at o.<anonymous> (/home/nvidia/.vscode-server/bin/2ccd690cbff1569e4a83d7c43d45101f817401dc/out/vs/workbench/api/node/extensionHostProcess.js:96:4162)
	at o.dispose (/home/nvidia/.vscode-server/bin/2ccd690cbff1569e4a83d7c43d45101f817401dc/out/vs/workbench/api/node/extensionHostProcess.js:96:4297)
	at o.<anonymous> (/home/nvidia/.vscode-server/bin/2ccd690cbff1569e4a83d7c43d45101f817401dc/extensions/git/dist/main.js:2:1262437)
	at o.dispose (/home/nvidia/.vscode-server/bin/2ccd690cbff1569e4a83d7c43d45101f817401dc/out/vs/workbench/api/node/extensionHostProcess.js:96:4297)
	at D (/home/nvidia/.vscode-server/bin/2ccd690cbff1569e4a83d7c43d45101f817401dc/out/vs/workbench/api/node/extensionHostProcess.js:10:11731)
	at i.Z (/home/nvidia/.vscode-server/bin/2ccd690cbff1569e4a83d7c43d45101f817401dc/out/vs/workbench/api/node/extensionHostProcess.js:114:10370)
	at /home/nvidia/.vscode-server/bin/2ccd690cbff1569e4a83d7c43d45101f817401dc/out/vs/workbench/api/node/extensionHostProcess.js:114:8332
	at Array.map (<anonymous>)
	at i.S (/home/nvidia/.vscode-server/bin/2ccd690cbff1569e4a83d7c43d45101f817401dc/out/vs/workbench/api/node/extensionHostProcess.js:114:8319)
	at i.terminate (/home/nvidia/.vscode-server/bin/2ccd690cbff1569e4a83d7c43d45101f817401dc/out/vs/workbench/api/node/extensionHostProcess.js:114:8591)
	at l.terminate (/home/nvidia/.vscode-server/bin/2ccd690cbff1569e4a83d7c43d45101f817401dc/out/vs/workbench/api/node/extensionHostProcess.js:118:1532)
	at E (/home/nvidia/.vscode-server/bin/2ccd690cbff1569e4a83d7c43d45101f817401dc/out/vs/workbench/api/node/extensionHostProcess.js:128:32236)
	at i.value (/home/nvidia/.vscode-server/bin/2ccd690cbff1569e4a83d7c43d45101f817401dc/out/vs/workbench/api/node/extensionHostProcess.js:128:30287)
	at p.w (/home/nvidia/.vscode-server/bin/2ccd690cbff1569e4a83d7c43d45101f817401dc/out/vs/workbench/api/node/extensionHostProcess.js:60:1902)
	at p.fire (/home/nvidia/.vscode-server/bin/2ccd690cbff1569e4a83d7c43d45101f817401dc/out/vs/workbench/api/node/extensionHostProcess.js:60:2119)
	at fire (/home/nvidia/.vscode-server/bin/2ccd690cbff1569e4a83d7c43d45101f817401dc/out/vs/workbench/api/node/extensionHostProcess.js:76:13931)
	at s.z (/home/nvidia/.vscode-server/bin/2ccd690cbff1569e4a83d7c43d45101f817401dc/out/vs/workbench/api/node/extensionHostProcess.js:76:16976)
	at i.value (/home/nvidia/.vscode-server/bin/2ccd690cbff1569e4a83d7c43d45101f817401dc/out/vs/workbench/api/node/extensionHostProcess.js:76:15428)
	at p.w (/home/nvidia/.vscode-server/bin/2ccd690cbff1569e4a83d7c43d45101f817401dc/out/vs/workbench/api/node/extensionHostProcess.js:60:1902)
	at p.fire (/home/nvidia/.vscode-server/bin/2ccd690cbff1569e4a83d7c43d45101f817401dc/out/vs/workbench/api/node/extensionHostProcess.js:60:2119)
	at i.acceptChunk (/home/nvidia/.vscode-server/bin/2ccd690cbff1569e4a83d7c43d45101f817401dc/out/vs/workbench/api/node/extensionHostProcess.js:76:11705)
	at i.value (/home/nvidia/.vscode-server/bin/2ccd690cbff1569e4a83d7c43d45101f817401dc/out/vs/workbench/api/node/extensionHostProcess.js:76:10992)
	at p.w (/home/nvidia/.vscode-server/bin/2ccd690cbff1569e4a83d7c43d45101f817401dc/out/vs/workbench/api/node/extensionHostProcess.js:60:1902)
	at p.fire (/home/nvidia/.vscode-server/bin/2ccd690cbff1569e4a83d7c43d45101f817401dc/out/vs/workbench/api/node/extensionHostProcess.js:60:2119)
	at p.u (/home/nvidia/.vscode-server/bin/2ccd690cbff1569e4a83d7c43d45101f817401dc/out/vs/workbench/api/node/extensionHostProcess.js:128:19065) setContext undefined
2023-08-01 09:54:05.565 [error] Canceled: Canceled
	at new h (/home/nvidia/.vscode-server/bin/2ccd690cbff1569e4a83d7c43d45101f817401dc/out/vs/workbench/api/node/extensionHostProcess.js:100:42413)
	at t.O (/home/nvidia/.vscode-server/bin/2ccd690cbff1569e4a83d7c43d45101f817401dc/out/vs/workbench/api/node/extensionHostProcess.js:112:11236)
	at Proxy.U.<computed>.q.charCodeAt.U.<computed> (/home/nvidia/.vscode-server/bin/2ccd690cbff1569e4a83d7c43d45101f817401dc/out/vs/workbench/api/node/extensionHostProcess.js:112:8675)
	at e.$vL.g (/home/nvidia/.vscode-server/bin/2ccd690cbff1569e4a83d7c43d45101f817401dc/out/vs/workbench/api/node/extensionHostProcess.js:100:63549)
	at e.$vL.executeCommand (/home/nvidia/.vscode-server/bin/2ccd690cbff1569e4a83d7c43d45101f817401dc/out/vs/workbench/api/node/extensionHostProcess.js:100:62973)
	at P.registerCommand.description (/home/nvidia/.vscode-server/bin/2ccd690cbff1569e4a83d7c43d45101f817401dc/out/vs/workbench/api/node/extensionHostProcess.js:100:62280)
	at e.$vL.h (/home/nvidia/.vscode-server/bin/2ccd690cbff1569e4a83d7c43d45101f817401dc/out/vs/workbench/api/node/extensionHostProcess.js:100:64085)
	at e.$vL.g (/home/nvidia/.vscode-server/bin/2ccd690cbff1569e4a83d7c43d45101f817401dc/out/vs/workbench/api/node/extensionHostProcess.js:100:63073)
	at e.$vL.executeCommand (/home/nvidia/.vscode-server/bin/2ccd690cbff1569e4a83d7c43d45101f817401dc/out/vs/workbench/api/node/extensionHostProcess.js:100:62973)
	at Object.executeCommand (/home/nvidia/.vscode-server/bin/2ccd690cbff1569e4a83d7c43d45101f817401dc/out/vs/workbench/api/node/extensionHostProcess.js:118:20971)
	at i.D [as value] (/home/nvidia/.vscode-server/bin/2ccd690cbff1569e4a83d7c43d45101f817401dc/extensions/git/dist/main.js:2:1260424)
	at p.w (/home/nvidia/.vscode-server/bin/2ccd690cbff1569e4a83d7c43d45101f817401dc/out/vs/workbench/api/node/extensionHostProcess.js:60:1902)
	at p.x (/home/nvidia/.vscode-server/bin/2ccd690cbff1569e4a83d7c43d45101f817401dc/out/vs/workbench/api/node/extensionHostProcess.js:60:1972)
	at p.fire (/home/nvidia/.vscode-server/bin/2ccd690cbff1569e4a83d7c43d45101f817401dc/out/vs/workbench/api/node/extensionHostProcess.js:60:2188)
	at Object.m [as dispose] (/home/nvidia/.vscode-server/bin/2ccd690cbff1569e4a83d7c43d45101f817401dc/extensions/git/dist/main.js:2:1275972)
	at /home/nvidia/.vscode-server/bin/2ccd690cbff1569e4a83d7c43d45101f817401dc/extensions/git/dist/main.js:2:1280539
	at Array.forEach (<anonymous>)
	at g.dispose (/home/nvidia/.vscode-server/bin/2ccd690cbff1569e4a83d7c43d45101f817401dc/extensions/git/dist/main.js:2:1280525)
	at o.<anonymous> (/home/nvidia/.vscode-server/bin/2ccd690cbff1569e4a83d7c43d45101f817401dc/out/vs/workbench/api/node/extensionHostProcess.js:96:4162)
	at o.dispose (/home/nvidia/.vscode-server/bin/2ccd690cbff1569e4a83d7c43d45101f817401dc/out/vs/workbench/api/node/extensionHostProcess.js:96:4297)
	at o.<anonymous> (/home/nvidia/.vscode-server/bin/2ccd690cbff1569e4a83d7c43d45101f817401dc/extensions/git/dist/main.js:2:1262437)
	at o.dispose (/home/nvidia/.vscode-server/bin/2ccd690cbff1569e4a83d7c43d45101f817401dc/out/vs/workbench/api/node/extensionHostProcess.js:96:4297)
	at D (/home/nvidia/.vscode-server/bin/2ccd690cbff1569e4a83d7c43d45101f817401dc/out/vs/workbench/api/node/extensionHostProcess.js:10:11731)
	at i.Z (/home/nvidia/.vscode-server/bin/2ccd690cbff1569e4a83d7c43d45101f817401dc/out/vs/workbench/api/node/extensionHostProcess.js:114:10370)
	at /home/nvidia/.vscode-server/bin/2ccd690cbff1569e4a83d7c43d45101f817401dc/out/vs/workbench/api/node/extensionHostProcess.js:114:8332
	at Array.map (<anonymous>)
	at i.S (/home/nvidia/.vscode-server/bin/2ccd690cbff1569e4a83d7c43d45101f817401dc/out/vs/workbench/api/node/extensionHostProcess.js:114:8319)
	at i.terminate (/home/nvidia/.vscode-server/bin/2ccd690cbff1569e4a83d7c43d45101f817401dc/out/vs/workbench/api/node/extensionHostProcess.js:114:8591)
	at l.terminate (/home/nvidia/.vscode-server/bin/2ccd690cbff1569e4a83d7c43d45101f817401dc/out/vs/workbench/api/node/extensionHostProcess.js:118:1532)
	at E (/home/nvidia/.vscode-server/bin/2ccd690cbff1569e4a83d7c43d45101f817401dc/out/vs/workbench/api/node/extensionHostProcess.js:128:32236)
	at i.value (/home/nvidia/.vscode-server/bin/2ccd690cbff1569e4a83d7c43d45101f817401dc/out/vs/workbench/api/node/extensionHostProcess.js:128:30287)
	at p.w (/home/nvidia/.vscode-server/bin/2ccd690cbff1569e4a83d7c43d45101f817401dc/out/vs/workbench/api/node/extensionHostProcess.js:60:1902)
	at p.fire (/home/nvidia/.vscode-server/bin/2ccd690cbff1569e4a83d7c43d45101f817401dc/out/vs/workbench/api/node/extensionHostProcess.js:60:2119)
	at fire (/home/nvidia/.vscode-server/bin/2ccd690cbff1569e4a83d7c43d45101f817401dc/out/vs/workbench/api/node/extensionHostProcess.js:76:13931)
	at s.z (/home/nvidia/.vscode-server/bin/2ccd690cbff1569e4a83d7c43d45101f817401dc/out/vs/workbench/api/node/extensionHostProcess.js:76:16976)
	at i.value (/home/nvidia/.vscode-server/bin/2ccd690cbff1569e4a83d7c43d45101f817401dc/out/vs/workbench/api/node/extensionHostProcess.js:76:15428)
	at p.w (/home/nvidia/.vscode-server/bin/2ccd690cbff1569e4a83d7c43d45101f817401dc/out/vs/workbench/api/node/extensionHostProcess.js:60:1902)
	at p.fire (/home/nvidia/.vscode-server/bin/2ccd690cbff1569e4a83d7c43d45101f817401dc/out/vs/workbench/api/node/extensionHostProcess.js:60:2119)
	at i.acceptChunk (/home/nvidia/.vscode-server/bin/2ccd690cbff1569e4a83d7c43d45101f817401dc/out/vs/workbench/api/node/extensionHostProcess.js:76:11705)
	at i.value (/home/nvidia/.vscode-server/bin/2ccd690cbff1569e4a83d7c43d45101f817401dc/out/vs/workbench/api/node/extensionHostProcess.js:76:10992)
	at p.w (/home/nvidia/.vscode-server/bin/2ccd690cbff1569e4a83d7c43d45101f817401dc/out/vs/workbench/api/node/extensionHostProcess.js:60:1902)
	at p.fire (/home/nvidia/.vscode-server/bin/2ccd690cbff1569e4a83d7c43d45101f817401dc/out/vs/workbench/api/node/extensionHostProcess.js:60:2119)
	at p.u (/home/nvidia/.vscode-server/bin/2ccd690cbff1569e4a83d7c43d45101f817401dc/out/vs/workbench/api/node/extensionHostProcess.js:128:19065) setContext undefined
2023-08-01 09:54:05.566 [error] Canceled: Canceled
	at new h (/home/nvidia/.vscode-server/bin/2ccd690cbff1569e4a83d7c43d45101f817401dc/out/vs/workbench/api/node/extensionHostProcess.js:100:42413)
	at t.O (/home/nvidia/.vscode-server/bin/2ccd690cbff1569e4a83d7c43d45101f817401dc/out/vs/workbench/api/node/extensionHostProcess.js:112:11236)
	at Proxy.U.<computed>.q.charCodeAt.U.<computed> (/home/nvidia/.vscode-server/bin/2ccd690cbff1569e4a83d7c43d45101f817401dc/out/vs/workbench/api/node/extensionHostProcess.js:112:8675)
	at e.$vL.g (/home/nvidia/.vscode-server/bin/2ccd690cbff1569e4a83d7c43d45101f817401dc/out/vs/workbench/api/node/extensionHostProcess.js:100:63549)
	at e.$vL.executeCommand (/home/nvidia/.vscode-server/bin/2ccd690cbff1569e4a83d7c43d45101f817401dc/out/vs/workbench/api/node/extensionHostProcess.js:100:62973)
	at P.registerCommand.description (/home/nvidia/.vscode-server/bin/2ccd690cbff1569e4a83d7c43d45101f817401dc/out/vs/workbench/api/node/extensionHostProcess.js:100:62280)
	at e.$vL.h (/home/nvidia/.vscode-server/bin/2ccd690cbff1569e4a83d7c43d45101f817401dc/out/vs/workbench/api/node/extensionHostProcess.js:100:64085)
	at e.$vL.g (/home/nvidia/.vscode-server/bin/2ccd690cbff1569e4a83d7c43d45101f817401dc/out/vs/workbench/api/node/extensionHostProcess.js:100:63073)
	at e.$vL.executeCommand (/home/nvidia/.vscode-server/bin/2ccd690cbff1569e4a83d7c43d45101f817401dc/out/vs/workbench/api/node/extensionHostProcess.js:100:62973)
	at Object.executeCommand (/home/nvidia/.vscode-server/bin/2ccd690cbff1569e4a83d7c43d45101f817401dc/out/vs/workbench/api/node/extensionHostProcess.js:118:20971)
	at i.D [as value] (/home/nvidia/.vscode-server/bin/2ccd690cbff1569e4a83d7c43d45101f817401dc/extensions/git/dist/main.js:2:1260424)
	at p.w (/home/nvidia/.vscode-server/bin/2ccd690cbff1569e4a83d7c43d45101f817401dc/out/vs/workbench/api/node/extensionHostProcess.js:60:1902)
	at p.x (/home/nvidia/.vscode-server/bin/2ccd690cbff1569e4a83d7c43d45101f817401dc/out/vs/workbench/api/node/extensionHostProcess.js:60:1972)
	at p.fire (/home/nvidia/.vscode-server/bin/2ccd690cbff1569e4a83d7c43d45101f817401dc/out/vs/workbench/api/node/extensionHostProcess.js:60:2188)
	at Object.m [as dispose] (/home/nvidia/.vscode-server/bin/2ccd690cbff1569e4a83d7c43d45101f817401dc/extensions/git/dist/main.js:2:1275972)
	at /home/nvidia/.vscode-server/bin/2ccd690cbff1569e4a83d7c43d45101f817401dc/extensions/git/dist/main.js:2:1280539
	at Array.forEach (<anonymous>)
	at g.dispose (/home/nvidia/.vscode-server/bin/2ccd690cbff1569e4a83d7c43d45101f817401dc/extensions/git/dist/main.js:2:1280525)
	at o.<anonymous> (/home/nvidia/.vscode-server/bin/2ccd690cbff1569e4a83d7c43d45101f817401dc/out/vs/workbench/api/node/extensionHostProcess.js:96:4162)
	at o.dispose (/home/nvidia/.vscode-server/bin/2ccd690cbff1569e4a83d7c43d45101f817401dc/out/vs/workbench/api/node/extensionHostProcess.js:96:4297)
	at o.<anonymous> (/home/nvidia/.vscode-server/bin/2ccd690cbff1569e4a83d7c43d45101f817401dc/extensions/git/dist/main.js:2:1262437)
	at o.dispose (/home/nvidia/.vscode-server/bin/2ccd690cbff1569e4a83d7c43d45101f817401dc/out/vs/workbench/api/node/extensionHostProcess.js:96:4297)
	at D (/home/nvidia/.vscode-server/bin/2ccd690cbff1569e4a83d7c43d45101f817401dc/out/vs/workbench/api/node/extensionHostProcess.js:10:11731)
	at i.Z (/home/nvidia/.vscode-server/bin/2ccd690cbff1569e4a83d7c43d45101f817401dc/out/vs/workbench/api/node/extensionHostProcess.js:114:10370)
	at /home/nvidia/.vscode-server/bin/2ccd690cbff1569e4a83d7c43d45101f817401dc/out/vs/workbench/api/node/extensionHostProcess.js:114:8332
	at Array.map (<anonymous>)
	at i.S (/home/nvidia/.vscode-server/bin/2ccd690cbff1569e4a83d7c43d45101f817401dc/out/vs/workbench/api/node/extensionHostProcess.js:114:8319)
	at i.terminate (/home/nvidia/.vscode-server/bin/2ccd690cbff1569e4a83d7c43d45101f817401dc/out/vs/workbench/api/node/extensionHostProcess.js:114:8591)
	at l.terminate (/home/nvidia/.vscode-server/bin/2ccd690cbff1569e4a83d7c43d45101f817401dc/out/vs/workbench/api/node/extensionHostProcess.js:118:1532)
	at E (/home/nvidia/.vscode-server/bin/2ccd690cbff1569e4a83d7c43d45101f817401dc/out/vs/workbench/api/node/extensionHostProcess.js:128:32236)
	at i.value (/home/nvidia/.vscode-server/bin/2ccd690cbff1569e4a83d7c43d45101f817401dc/out/vs/workbench/api/node/extensionHostProcess.js:128:30287)
	at p.w (/home/nvidia/.vscode-server/bin/2ccd690cbff1569e4a83d7c43d45101f817401dc/out/vs/workbench/api/node/extensionHostProcess.js:60:1902)
	at p.fire (/home/nvidia/.vscode-server/bin/2ccd690cbff1569e4a83d7c43d45101f817401dc/out/vs/workbench/api/node/extensionHostProcess.js:60:2119)
	at fire (/home/nvidia/.vscode-server/bin/2ccd690cbff1569e4a83d7c43d45101f817401dc/out/vs/workbench/api/node/extensionHostProcess.js:76:13931)
	at s.z (/home/nvidia/.vscode-server/bin/2ccd690cbff1569e4a83d7c43d45101f817401dc/out/vs/workbench/api/node/extensionHostProcess.js:76:16976)
	at i.value (/home/nvidia/.vscode-server/bin/2ccd690cbff1569e4a83d7c43d45101f817401dc/out/vs/workbench/api/node/extensionHostProcess.js:76:15428)
	at p.w (/home/nvidia/.vscode-server/bin/2ccd690cbff1569e4a83d7c43d45101f817401dc/out/vs/workbench/api/node/extensionHostProcess.js:60:1902)
	at p.fire (/home/nvidia/.vscode-server/bin/2ccd690cbff1569e4a83d7c43d45101f817401dc/out/vs/workbench/api/node/extensionHostProcess.js:60:2119)
	at i.acceptChunk (/home/nvidia/.vscode-server/bin/2ccd690cbff1569e4a83d7c43d45101f817401dc/out/vs/workbench/api/node/extensionHostProcess.js:76:11705)
	at i.value (/home/nvidia/.vscode-server/bin/2ccd690cbff1569e4a83d7c43d45101f817401dc/out/vs/workbench/api/node/extensionHostProcess.js:76:10992)
	at p.w (/home/nvidia/.vscode-server/bin/2ccd690cbff1569e4a83d7c43d45101f817401dc/out/vs/workbench/api/node/extensionHostProcess.js:60:1902)
	at p.fire (/home/nvidia/.vscode-server/bin/2ccd690cbff1569e4a83d7c43d45101f817401dc/out/vs/workbench/api/node/extensionHostProcess.js:60:2119)
	at p.u (/home/nvidia/.vscode-server/bin/2ccd690cbff1569e4a83d7c43d45101f817401dc/out/vs/workbench/api/node/extensionHostProcess.js:128:19065) setContext undefined
2023-08-01 09:54:05.567 [error] Canceled: Canceled
	at new h (/home/nvidia/.vscode-server/bin/2ccd690cbff1569e4a83d7c43d45101f817401dc/out/vs/workbench/api/node/extensionHostProcess.js:100:42413)
	at t.O (/home/nvidia/.vscode-server/bin/2ccd690cbff1569e4a83d7c43d45101f817401dc/out/vs/workbench/api/node/extensionHostProcess.js:112:11236)
	at Proxy.U.<computed>.q.charCodeAt.U.<computed> (/home/nvidia/.vscode-server/bin/2ccd690cbff1569e4a83d7c43d45101f817401dc/out/vs/workbench/api/node/extensionHostProcess.js:112:8675)
	at e.$vL.g (/home/nvidia/.vscode-server/bin/2ccd690cbff1569e4a83d7c43d45101f817401dc/out/vs/workbench/api/node/extensionHostProcess.js:100:63549)
	at e.$vL.executeCommand (/home/nvidia/.vscode-server/bin/2ccd690cbff1569e4a83d7c43d45101f817401dc/out/vs/workbench/api/node/extensionHostProcess.js:100:62973)
	at P.registerCommand.description (/home/nvidia/.vscode-server/bin/2ccd690cbff1569e4a83d7c43d45101f817401dc/out/vs/workbench/api/node/extensionHostProcess.js:100:62280)
	at e.$vL.h (/home/nvidia/.vscode-server/bin/2ccd690cbff1569e4a83d7c43d45101f817401dc/out/vs/workbench/api/node/extensionHostProcess.js:100:64085)
	at e.$vL.g (/home/nvidia/.vscode-server/bin/2ccd690cbff1569e4a83d7c43d45101f817401dc/out/vs/workbench/api/node/extensionHostProcess.js:100:63073)
	at e.$vL.executeCommand (/home/nvidia/.vscode-server/bin/2ccd690cbff1569e4a83d7c43d45101f817401dc/out/vs/workbench/api/node/extensionHostProcess.js:100:62973)
	at Object.executeCommand (/home/nvidia/.vscode-server/bin/2ccd690cbff1569e4a83d7c43d45101f817401dc/out/vs/workbench/api/node/extensionHostProcess.js:118:20971)
	at i.D [as value] (/home/nvidia/.vscode-server/bin/2ccd690cbff1569e4a83d7c43d45101f817401dc/extensions/git/dist/main.js:2:1260424)
	at p.w (/home/nvidia/.vscode-server/bin/2ccd690cbff1569e4a83d7c43d45101f817401dc/out/vs/workbench/api/node/extensionHostProcess.js:60:1902)
	at p.x (/home/nvidia/.vscode-server/bin/2ccd690cbff1569e4a83d7c43d45101f817401dc/out/vs/workbench/api/node/extensionHostProcess.js:60:1972)
	at p.fire (/home/nvidia/.vscode-server/bin/2ccd690cbff1569e4a83d7c43d45101f817401dc/out/vs/workbench/api/node/extensionHostProcess.js:60:2188)
	at Object.m [as dispose] (/home/nvidia/.vscode-server/bin/2ccd690cbff1569e4a83d7c43d45101f817401dc/extensions/git/dist/main.js:2:1275972)
	at /home/nvidia/.vscode-server/bin/2ccd690cbff1569e4a83d7c43d45101f817401dc/extensions/git/dist/main.js:2:1280539
	at Array.forEach (<anonymous>)
	at g.dispose (/home/nvidia/.vscode-server/bin/2ccd690cbff1569e4a83d7c43d45101f817401dc/extensions/git/dist/main.js:2:1280525)
	at o.<anonymous> (/home/nvidia/.vscode-server/bin/2ccd690cbff1569e4a83d7c43d45101f817401dc/out/vs/workbench/api/node/extensionHostProcess.js:96:4162)
	at o.dispose (/home/nvidia/.vscode-server/bin/2ccd690cbff1569e4a83d7c43d45101f817401dc/out/vs/workbench/api/node/extensionHostProcess.js:96:4297)
	at o.<anonymous> (/home/nvidia/.vscode-server/bin/2ccd690cbff1569e4a83d7c43d45101f817401dc/extensions/git/dist/main.js:2:1262437)
	at o.dispose (/home/nvidia/.vscode-server/bin/2ccd690cbff1569e4a83d7c43d45101f817401dc/out/vs/workbench/api/node/extensionHostProcess.js:96:4297)
	at D (/home/nvidia/.vscode-server/bin/2ccd690cbff1569e4a83d7c43d45101f817401dc/out/vs/workbench/api/node/extensionHostProcess.js:10:11731)
	at i.Z (/home/nvidia/.vscode-server/bin/2ccd690cbff1569e4a83d7c43d45101f817401dc/out/vs/workbench/api/node/extensionHostProcess.js:114:10370)
	at /home/nvidia/.vscode-server/bin/2ccd690cbff1569e4a83d7c43d45101f817401dc/out/vs/workbench/api/node/extensionHostProcess.js:114:8332
	at Array.map (<anonymous>)
	at i.S (/home/nvidia/.vscode-server/bin/2ccd690cbff1569e4a83d7c43d45101f817401dc/out/vs/workbench/api/node/extensionHostProcess.js:114:8319)
	at i.terminate (/home/nvidia/.vscode-server/bin/2ccd690cbff1569e4a83d7c43d45101f817401dc/out/vs/workbench/api/node/extensionHostProcess.js:114:8591)
	at l.terminate (/home/nvidia/.vscode-server/bin/2ccd690cbff1569e4a83d7c43d45101f817401dc/out/vs/workbench/api/node/extensionHostProcess.js:118:1532)
	at E (/home/nvidia/.vscode-server/bin/2ccd690cbff1569e4a83d7c43d45101f817401dc/out/vs/workbench/api/node/extensionHostProcess.js:128:32236)
	at i.value (/home/nvidia/.vscode-server/bin/2ccd690cbff1569e4a83d7c43d45101f817401dc/out/vs/workbench/api/node/extensionHostProcess.js:128:30287)
	at p.w (/home/nvidia/.vscode-server/bin/2ccd690cbff1569e4a83d7c43d45101f817401dc/out/vs/workbench/api/node/extensionHostProcess.js:60:1902)
	at p.fire (/home/nvidia/.vscode-server/bin/2ccd690cbff1569e4a83d7c43d45101f817401dc/out/vs/workbench/api/node/extensionHostProcess.js:60:2119)
	at fire (/home/nvidia/.vscode-server/bin/2ccd690cbff1569e4a83d7c43d45101f817401dc/out/vs/workbench/api/node/extensionHostProcess.js:76:13931)
	at s.z (/home/nvidia/.vscode-server/bin/2ccd690cbff1569e4a83d7c43d45101f817401dc/out/vs/workbench/api/node/extensionHostProcess.js:76:16976)
	at i.value (/home/nvidia/.vscode-server/bin/2ccd690cbff1569e4a83d7c43d45101f817401dc/out/vs/workbench/api/node/extensionHostProcess.js:76:15428)
	at p.w (/home/nvidia/.vscode-server/bin/2ccd690cbff1569e4a83d7c43d45101f817401dc/out/vs/workbench/api/node/extensionHostProcess.js:60:1902)
	at p.fire (/home/nvidia/.vscode-server/bin/2ccd690cbff1569e4a83d7c43d45101f817401dc/out/vs/workbench/api/node/extensionHostProcess.js:60:2119)
	at i.acceptChunk (/home/nvidia/.vscode-server/bin/2ccd690cbff1569e4a83d7c43d45101f817401dc/out/vs/workbench/api/node/extensionHostProcess.js:76:11705)
	at i.value (/home/nvidia/.vscode-server/bin/2ccd690cbff1569e4a83d7c43d45101f817401dc/out/vs/workbench/api/node/extensionHostProcess.js:76:10992)
	at p.w (/home/nvidia/.vscode-server/bin/2ccd690cbff1569e4a83d7c43d45101f817401dc/out/vs/workbench/api/node/extensionHostProcess.js:60:1902)
	at p.fire (/home/nvidia/.vscode-server/bin/2ccd690cbff1569e4a83d7c43d45101f817401dc/out/vs/workbench/api/node/extensionHostProcess.js:60:2119)
	at p.u (/home/nvidia/.vscode-server/bin/2ccd690cbff1569e4a83d7c43d45101f817401dc/out/vs/workbench/api/node/extensionHostProcess.js:128:19065) setContext undefined
2023-08-01 09:54:05.572 [error] Canceled: Canceled
	at new h (/home/nvidia/.vscode-server/bin/2ccd690cbff1569e4a83d7c43d45101f817401dc/out/vs/workbench/api/node/extensionHostProcess.js:100:42413)
	at t.O (/home/nvidia/.vscode-server/bin/2ccd690cbff1569e4a83d7c43d45101f817401dc/out/vs/workbench/api/node/extensionHostProcess.js:112:11236)
	at Proxy.U.<computed>.q.charCodeAt.U.<computed> (/home/nvidia/.vscode-server/bin/2ccd690cbff1569e4a83d7c43d45101f817401dc/out/vs/workbench/api/node/extensionHostProcess.js:112:8675)
	at e.$vL.g (/home/nvidia/.vscode-server/bin/2ccd690cbff1569e4a83d7c43d45101f817401dc/out/vs/workbench/api/node/extensionHostProcess.js:100:63549)
	at e.$vL.executeCommand (/home/nvidia/.vscode-server/bin/2ccd690cbff1569e4a83d7c43d45101f817401dc/out/vs/workbench/api/node/extensionHostProcess.js:100:62973)
	at P.registerCommand.description (/home/nvidia/.vscode-server/bin/2ccd690cbff1569e4a83d7c43d45101f817401dc/out/vs/workbench/api/node/extensionHostProcess.js:100:62280)
	at e.$vL.h (/home/nvidia/.vscode-server/bin/2ccd690cbff1569e4a83d7c43d45101f817401dc/out/vs/workbench/api/node/extensionHostProcess.js:100:64085)
	at e.$vL.g (/home/nvidia/.vscode-server/bin/2ccd690cbff1569e4a83d7c43d45101f817401dc/out/vs/workbench/api/node/extensionHostProcess.js:100:63073)
	at e.$vL.executeCommand (/home/nvidia/.vscode-server/bin/2ccd690cbff1569e4a83d7c43d45101f817401dc/out/vs/workbench/api/node/extensionHostProcess.js:100:62973)
	at Object.executeCommand (/home/nvidia/.vscode-server/bin/2ccd690cbff1569e4a83d7c43d45101f817401dc/out/vs/workbench/api/node/extensionHostProcess.js:118:20971)
	at t.$ie.set b [as b] (/home/nvidia/.vscode-server/bin/2ccd690cbff1569e4a83d7c43d45101f817401dc/extensions/github/dist/extension.js:2:675669)
	at /home/nvidia/.vscode-server/bin/2ccd690cbff1569e4a83d7c43d45101f817401dc/extensions/github/dist/extension.js:2:676313
	at i.value (/home/nvidia/.vscode-server/bin/2ccd690cbff1569e4a83d7c43d45101f817401dc/extensions/git/dist/main.js:2:1347255)
	at p.w (/home/nvidia/.vscode-server/bin/2ccd690cbff1569e4a83d7c43d45101f817401dc/out/vs/workbench/api/node/extensionHostProcess.js:60:1902)
	at p.x (/home/nvidia/.vscode-server/bin/2ccd690cbff1569e4a83d7c43d45101f817401dc/out/vs/workbench/api/node/extensionHostProcess.js:60:1972)
	at p.fire (/home/nvidia/.vscode-server/bin/2ccd690cbff1569e4a83d7c43d45101f817401dc/out/vs/workbench/api/node/extensionHostProcess.js:60:2188)
	at Object.m [as dispose] (/home/nvidia/.vscode-server/bin/2ccd690cbff1569e4a83d7c43d45101f817401dc/extensions/git/dist/main.js:2:1275972)
	at /home/nvidia/.vscode-server/bin/2ccd690cbff1569e4a83d7c43d45101f817401dc/extensions/git/dist/main.js:2:1280539
	at Array.forEach (<anonymous>)
	at g.dispose (/home/nvidia/.vscode-server/bin/2ccd690cbff1569e4a83d7c43d45101f817401dc/extensions/git/dist/main.js:2:1280525)
	at o.<anonymous> (/home/nvidia/.vscode-server/bin/2ccd690cbff1569e4a83d7c43d45101f817401dc/out/vs/workbench/api/node/extensionHostProcess.js:96:4162)
	at o.dispose (/home/nvidia/.vscode-server/bin/2ccd690cbff1569e4a83d7c43d45101f817401dc/out/vs/workbench/api/node/extensionHostProcess.js:96:4297)
	at o.<anonymous> (/home/nvidia/.vscode-server/bin/2ccd690cbff1569e4a83d7c43d45101f817401dc/extensions/git/dist/main.js:2:1262437)
	at o.dispose (/home/nvidia/.vscode-server/bin/2ccd690cbff1569e4a83d7c43d45101f817401dc/out/vs/workbench/api/node/extensionHostProcess.js:96:4297)
	at D (/home/nvidia/.vscode-server/bin/2ccd690cbff1569e4a83d7c43d45101f817401dc/out/vs/workbench/api/node/extensionHostProcess.js:10:11731)
	at i.Z (/home/nvidia/.vscode-server/bin/2ccd690cbff1569e4a83d7c43d45101f817401dc/out/vs/workbench/api/node/extensionHostProcess.js:114:10370)
	at /home/nvidia/.vscode-server/bin/2ccd690cbff1569e4a83d7c43d45101f817401dc/out/vs/workbench/api/node/extensionHostProcess.js:114:8332
	at Array.map (<anonymous>)
	at i.S (/home/nvidia/.vscode-server/bin/2ccd690cbff1569e4a83d7c43d45101f817401dc/out/vs/workbench/api/node/extensionHostProcess.js:114:8319)
	at i.terminate (/home/nvidia/.vscode-server/bin/2ccd690cbff1569e4a83d7c43d45101f817401dc/out/vs/workbench/api/node/extensionHostProcess.js:114:8591)
	at l.terminate (/home/nvidia/.vscode-server/bin/2ccd690cbff1569e4a83d7c43d45101f817401dc/out/vs/workbench/api/node/extensionHostProcess.js:118:1532)
	at E (/home/nvidia/.vscode-server/bin/2ccd690cbff1569e4a83d7c43d45101f817401dc/out/vs/workbench/api/node/extensionHostProcess.js:128:32236)
	at i.value (/home/nvidia/.vscode-server/bin/2ccd690cbff1569e4a83d7c43d45101f817401dc/out/vs/workbench/api/node/extensionHostProcess.js:128:30287)
	at p.w (/home/nvidia/.vscode-server/bin/2ccd690cbff1569e4a83d7c43d45101f817401dc/out/vs/workbench/api/node/extensionHostProcess.js:60:1902)
	at p.fire (/home/nvidia/.vscode-server/bin/2ccd690cbff1569e4a83d7c43d45101f817401dc/out/vs/workbench/api/node/extensionHostProcess.js:60:2119)
	at fire (/home/nvidia/.vscode-server/bin/2ccd690cbff1569e4a83d7c43d45101f817401dc/out/vs/workbench/api/node/extensionHostProcess.js:76:13931)
	at s.z (/home/nvidia/.vscode-server/bin/2ccd690cbff1569e4a83d7c43d45101f817401dc/out/vs/workbench/api/node/extensionHostProcess.js:76:16976)
	at i.value (/home/nvidia/.vscode-server/bin/2ccd690cbff1569e4a83d7c43d45101f817401dc/out/vs/workbench/api/node/extensionHostProcess.js:76:15428)
	at p.w (/home/nvidia/.vscode-server/bin/2ccd690cbff1569e4a83d7c43d45101f817401dc/out/vs/workbench/api/node/extensionHostProcess.js:60:1902)
	at p.fire (/home/nvidia/.vscode-server/bin/2ccd690cbff1569e4a83d7c43d45101f817401dc/out/vs/workbench/api/node/extensionHostProcess.js:60:2119)
	at i.acceptChunk (/home/nvidia/.vscode-server/bin/2ccd690cbff1569e4a83d7c43d45101f817401dc/out/vs/workbench/api/node/extensionHostProcess.js:76:11705)
	at i.value (/home/nvidia/.vscode-server/bin/2ccd690cbff1569e4a83d7c43d45101f817401dc/out/vs/workbench/api/node/extensionHostProcess.js:76:10992)
	at p.w (/home/nvidia/.vscode-server/bin/2ccd690cbff1569e4a83d7c43d45101f817401dc/out/vs/workbench/api/node/extensionHostProcess.js:60:1902)
	at p.fire (/home/nvidia/.vscode-server/bin/2ccd690cbff1569e4a83d7c43d45101f817401dc/out/vs/workbench/api/node/extensionHostProcess.js:60:2119)
	at p.u (/home/nvidia/.vscode-server/bin/2ccd690cbff1569e4a83d7c43d45101f817401dc/out/vs/workbench/api/node/extensionHostProcess.js:128:19065) setContext undefined
2023-08-01 09:54:05.615 [info] Extension host with pid 18601 exiting with code 0
