2023-08-01 10:07:47.269 [info] Log level: Info
2023-08-01 10:07:47.269 [info] Validating found git in: "git"
2023-08-01 10:07:47.269 [info] Using git "2.17.1" from "git"
2023-08-01 10:07:47.269 [info] > git rev-parse --show-toplevel [157ms]
2023-08-01 10:07:47.269 [info] fatal: not a git repository (or any of the parent directories): .git
2023-08-01 10:07:47.269 [info] > git rev-parse --show-toplevel [5ms]
2023-08-01 10:07:47.269 [info] > git rev-parse --git-dir --git-common-dir [3ms]
2023-08-01 10:07:47.269 [info] Open repository: /home/nvidia/jetson-inference/python/training/classification
2023-08-01 10:07:47.269 [info] > git rev-parse --show-toplevel [26ms]
2023-08-01 10:07:47.269 [info] fatal: not a git repository (or any of the parent directories): .git
2023-08-01 10:07:47.269 [info] > git rev-parse --show-toplevel [3ms]
2023-08-01 10:07:47.269 [info] fatal: not a git repository (or any of the parent directories): .git
2023-08-01 10:07:47.269 [info] > git config --get commit.template [37ms]
2023-08-01 10:07:47.269 [info] > git rev-parse --show-toplevel [24ms]
2023-08-01 10:07:47.269 [info] fatal: not a git repository (or any of the parent directories): .git
2023-08-01 10:07:47.269 [info] > git for-each-ref --format %(refname) %(objectname) %(*objectname) refs/tags [22ms]
2023-08-01 10:07:47.269 [info] > git rev-parse --show-toplevel [21ms]
2023-08-01 10:07:47.269 [info] fatal: not a git repository (or any of the parent directories): .git
2023-08-01 10:07:47.269 [info] > git status -z -uall [19ms]
2023-08-01 10:07:47.269 [info] > git rev-parse --show-toplevel [39ms]
2023-08-01 10:07:47.269 [info] fatal: not a git repository (or any of the parent directories): .git
2023-08-01 10:07:47.269 [info] > git config --get commit.template [17ms]
2023-08-01 10:07:47.269 [info] > git rev-parse --show-toplevel [8ms]
2023-08-01 10:07:47.269 [info] fatal: not a git repository (or any of the parent directories): .git
2023-08-01 10:07:47.269 [info] > git rev-parse --show-toplevel [20ms]
2023-08-01 10:07:47.269 [info] fatal: not a git repository (or any of the parent directories): .git
2023-08-01 10:07:47.269 [info] > git for-each-ref --format %(refname) %(objectname) %(*objectname) refs/tags [22ms]
2023-08-01 10:07:47.269 [info] > git status -z -uall [94ms]
2023-08-01 10:07:47.269 [info] > git rev-parse --show-toplevel [110ms]
2023-08-01 10:07:47.269 [info] fatal: not a git repository (or any of the parent directories): .git
2023-08-01 10:07:47.269 [info] > git rev-parse --show-toplevel [4ms]
2023-08-01 10:07:47.269 [info] fatal: not a git repository (or any of the parent directories): .git
2023-08-01 10:07:47.271 [info] > git rev-parse --show-toplevel [11ms]
2023-08-01 10:07:47.321 [info] > git rev-parse --git-dir --git-common-dir [36ms]
2023-08-01 10:07:47.335 [info] Open repository: /home/nvidia/jetson-inference
2023-08-01 10:07:47.389 [info] > git rev-parse --show-toplevel [39ms]
2023-08-01 10:07:47.390 [info] fatal: not a git repository (or any of the parent directories): .git
2023-08-01 10:07:47.406 [info] > git config --get commit.template [19ms]
2023-08-01 10:07:47.424 [info] > git rev-parse --show-toplevel [20ms]
2023-08-01 10:07:47.424 [info] fatal: not a git repository (or any of the parent directories): .git
2023-08-01 10:07:47.444 [info] > git for-each-ref --format=%(refname)%00%(upstream:short)%00%(objectname)%00%(upstream:track)%00%(upstream:remotename)%00%(upstream:remoteref) refs/heads/master refs/remotes/master [23ms]
2023-08-01 10:07:47.668 [info] > git show --textconv :data/wget-log [25ms]
2023-08-01 10:07:47.679 [info] > git ls-files --stage -- /home/nvidia/jetson-inference/python/training/classification/data/wget-log [13ms]
2023-08-01 10:07:47.761 [info] > git status -z -uall [291ms]
2023-08-01 10:07:47.809 [info] > git config --get commit.template [17ms]
2023-08-01 10:07:47.810 [info] > git for-each-ref --format=%(refname)%00%(upstream:short)%00%(objectname)%00%(upstream:track)%00%(upstream:remotename)%00%(upstream:remoteref) refs/heads/master refs/remotes/master [4ms]
2023-08-01 10:07:47.979 [info] > git status -z -uall [156ms]
2023-08-01 10:07:48.021 [info] > git check-ignore -v -z --stdin [19ms]
2023-08-01 10:07:48.026 [info] > git check-ignore -v -z --stdin [9ms]
2023-08-01 10:07:48.500 [info] > git rev-parse --show-toplevel [3ms]
2023-08-01 10:07:48.516 [info] > git rev-parse --git-dir --git-common-dir [3ms]
2023-08-01 10:07:48.531 [info] Open repository: /home/nvidia/jetson-inference/utils
2023-08-01 10:07:48.563 [info] > git rev-parse --show-toplevel [16ms]
2023-08-01 10:07:48.578 [info] > git config --get commit.template [18ms]
2023-08-01 10:07:48.594 [info] > git rev-parse --git-dir --git-common-dir [17ms]
2023-08-01 10:07:48.606 [info] Open repository: /home/nvidia/jetson-inference/tools/camera-capture
2023-08-01 10:07:48.638 [info] > git rev-parse --show-toplevel [18ms]
2023-08-01 10:07:48.652 [info] > git for-each-ref --format %(refname) %(objectname) %(*objectname) refs/tags [60ms]
2023-08-01 10:07:48.684 [info] > git rev-parse --git-dir --git-common-dir [33ms]
2023-08-01 10:07:48.696 [info] Open repository: /home/nvidia/jetson-inference/python/training/detection
2023-08-01 10:07:48.711 [info] > git config --get commit.template [75ms]
2023-08-01 10:07:48.729 [info] > git status -z -uall [63ms]
2023-08-01 10:07:48.729 [info] > git check-ignore -v -z --stdin [49ms]
2023-08-01 10:07:48.731 [info] > git rev-parse --show-toplevel [21ms]
2023-08-01 10:07:48.789 [info] > git rev-parse --git-dir --git-common-dir [45ms]
2023-08-01 10:07:48.800 [info] Open repository: /home/nvidia/jetson-inference/python/training/segmentation
2023-08-01 10:07:48.816 [info] > git config --get commit.template [89ms]
2023-08-01 10:07:48.834 [info] > git rev-parse --show-toplevel [19ms]
2023-08-01 10:07:48.848 [info] > git config --get commit.template [61ms]
2023-08-01 10:07:48.849 [info] > git for-each-ref --format %(refname) %(objectname) %(*objectname) refs/tags [77ms]
2023-08-01 10:07:48.880 [info] > git status -z -uall [18ms]
2023-08-01 10:07:48.881 [info] > git rev-parse --git-dir --git-common-dir [33ms]
2023-08-01 10:07:48.894 [info] Open repository: /home/nvidia/jetson-inference/c/plugins/pose
2023-08-01 10:07:48.910 [info] > git config --get commit.template [77ms]
2023-08-01 10:07:48.942 [info] > git rev-parse --show-toplevel [33ms]
2023-08-01 10:07:48.956 [info] > git for-each-ref --format %(refname) %(objectname) %(*objectname) refs/tags [79ms]
2023-08-01 10:07:49.026 [info] > git status -z -uall [56ms]
2023-08-01 10:07:49.027 [info] > git rev-parse --git-dir --git-common-dir [72ms]
2023-08-01 10:07:49.038 [info] Open repository: /home/nvidia/jetson-inference/docker/containers
2023-08-01 10:07:49.054 [info] > git config --get commit.template [114ms]
2023-08-01 10:07:49.055 [info] > git for-each-ref --format %(refname) %(objectname) %(*objectname) refs/tags [131ms]
2023-08-01 10:07:49.087 [info] > git rev-parse --show-toplevel [33ms]
2023-08-01 10:07:49.101 [info] > git config --get commit.template [87ms]
2023-08-01 10:07:49.101 [info] > git for-each-ref --format %(refname) %(objectname) %(*objectname) refs/tags [101ms]
2023-08-01 10:07:49.160 [info] > git status -z -uall [92ms]
2023-08-01 10:07:49.160 [info] > git status -z -uall [44ms]
2023-08-01 10:07:49.172 [info] > git rev-parse --git-dir --git-common-dir [72ms]
2023-08-01 10:07:49.188 [info] Open repository: /home/nvidia/jetson-inference/ros
2023-08-01 10:07:49.189 [info] > git config --get commit.template [105ms]
2023-08-01 10:07:49.240 [info] > git config --get commit.template [81ms]
2023-08-01 10:07:49.240 [info] > git for-each-ref --format %(refname) %(objectname) %(*objectname) refs/tags [97ms]
2023-08-01 10:07:49.271 [info] > git status -z -uall [17ms]
2023-08-01 10:07:49.272 [info] > git config --get commit.template [34ms]
2023-08-01 10:07:49.272 [info] > git config --get commit.template [48ms]
2023-08-01 10:07:49.273 [info] > git for-each-ref --format %(refname) %(objectname) %(*objectname) refs/tags [63ms]
2023-08-01 10:07:49.307 [info] > git for-each-ref --format %(refname) %(objectname) %(*objectname) refs/tags [39ms]
2023-08-01 10:07:49.389 [info] > git status -z -uall [102ms]
2023-08-01 10:07:49.389 [info] > git status -z -uall [68ms]
2023-08-01 10:07:49.401 [info] > git for-each-ref --format %(refname) %(objectname) %(*objectname) refs/tags [96ms]
2023-08-01 10:07:49.453 [info] > git status -z -uall [34ms]
2023-08-01 10:07:49.454 [info] > git config --get commit.template [66ms]
2023-08-01 10:07:49.454 [info] > git for-each-ref --format %(refname) %(objectname) %(*objectname) refs/tags [83ms]
2023-08-01 10:07:49.470 [info] > git for-each-ref --format %(refname) %(objectname) %(*objectname) refs/tags [114ms]
2023-08-01 10:07:49.575 [info] > git status -z -uall [106ms]
2023-08-01 10:07:49.575 [info] > git status -z -uall [55ms]
2023-08-01 10:07:49.589 [info] > git config --get commit.template [138ms]
2023-08-01 10:07:49.640 [info] > git for-each-ref --format %(refname) %(objectname) %(*objectname) refs/tags [33ms]
2023-08-01 10:07:49.710 [info] > git for-each-ref --format %(refname) %(objectname) %(*objectname) refs/tags [73ms]
2023-08-01 10:07:49.739 [info] > git config --get commit.template [117ms]
2023-08-01 10:07:49.764 [info] > git status -z -uall [109ms]
2023-08-01 10:07:49.764 [info] > git status -z -uall [26ms]
2023-08-01 10:07:49.770 [info] > git for-each-ref --format %(refname) %(objectname) %(*objectname) refs/tags [8ms]
2023-08-01 10:07:49.792 [info] > git status -z -uall [8ms]
2023-08-01 10:07:50.109 [info] > git rev-parse --show-toplevel [3ms]
2023-08-01 10:07:50.126 [info] > git rev-parse --git-dir --git-common-dir [2ms]
2023-08-01 10:07:50.138 [info] Open repository: /home/nvidia/jetson-inference/python/training/detection/ssd
2023-08-01 10:07:50.172 [info] > git config --get commit.template [18ms]
2023-08-01 10:07:50.173 [info] > git for-each-ref --format %(refname) %(objectname) %(*objectname) refs/tags [3ms]
2023-08-01 10:07:50.197 [info] > git status -z -uall [10ms]
2023-08-01 10:07:50.240 [info] > git config --get commit.template [18ms]
2023-08-01 10:07:50.241 [info] > git for-each-ref --format %(refname) %(objectname) %(*objectname) refs/tags [3ms]
2023-08-01 10:07:50.265 [info] > git status -z -uall [9ms]
2023-08-01 10:07:50.357 [info] > git check-ignore -v -z --stdin [33ms]
2023-08-01 10:07:50.362 [info] > git check-ignore -v -z --stdin [23ms]
2023-08-01 10:07:50.364 [info] > git check-ignore -v -z --stdin [8ms]
2023-08-01 10:07:50.926 [info] > git check-ignore -v -z --stdin [35ms]
2023-08-01 10:07:50.928 [info] > git check-ignore -v -z --stdin [22ms]
2023-08-01 10:07:50.930 [info] > git check-ignore -v -z --stdin [7ms]
2023-08-01 10:08:01.321 [info] > git check-ignore -v -z --stdin [2ms]
2023-08-01 10:08:04.234 [info] > git check-ignore -v -z --stdin [35ms]
2023-08-01 10:08:04.235 [info] > git check-ignore -v -z --stdin [20ms]
2023-08-01 10:08:04.236 [info] > git check-ignore -v -z --stdin [6ms]
2023-08-01 10:08:05.199 [info] > git check-ignore -v -z --stdin [18ms]
2023-08-01 10:08:05.200 [info] > git check-ignore -v -z --stdin [4ms]
2023-08-01 10:08:07.974 [info] > git show --textconv :train.py [21ms]
2023-08-01 10:08:07.977 [info] > git ls-files --stage -- /home/nvidia/jetson-inference/python/training/classification/train.py [7ms]
2023-08-01 10:08:07.997 [info] > git cat-file -s 8e7faf9655f6f7b68edc298c9308615cbccb44ce [4ms]
2023-08-01 10:09:05.000 [info] > git check-ignore -v -z --stdin [3ms]
2023-08-01 10:09:05.497 [info] > git config --get commit.template [18ms]
2023-08-01 10:09:05.504 [info] > git config --get commit.template [10ms]
2023-08-01 10:09:05.539 [info] > git for-each-ref --format %(refname) %(objectname) %(*objectname) refs/tags [18ms]
2023-08-01 10:09:05.560 [info] > git status -z -uall [4ms]
2023-08-01 10:09:05.560 [info] > git for-each-ref --format=%(refname)%00%(upstream:short)%00%(objectname)%00%(upstream:track)%00%(upstream:remotename)%00%(upstream:remoteref) refs/heads/master refs/remotes/master [24ms]
2023-08-01 10:09:05.732 [info] > git status -z -uall [156ms]
2023-08-01 10:09:30.407 [info] > git check-ignore -v -z --stdin [4ms]
2023-08-01 10:09:33.446 [info] > git check-ignore -v -z --stdin [2ms]
2023-08-01 10:09:43.657 [info] > git for-each-ref --format %(refname) %(objectname) %(*objectname) refs/tags [22ms]
2023-08-01 10:09:43.658 [info] > git config --get commit.template [40ms]
2023-08-01 10:09:43.677 [info] > git config --get commit.template [21ms]
2023-08-01 10:09:43.695 [info] > git status -z -uall [21ms]
2023-08-01 10:09:43.700 [info] > git for-each-ref --format=%(refname)%00%(upstream:short)%00%(objectname)%00%(upstream:track)%00%(upstream:remotename)%00%(upstream:remoteref) refs/heads/master refs/remotes/master [6ms]
2023-08-01 10:09:43.870 [info] > git status -z -uall [153ms]
2023-08-01 10:14:34.685 [info] > git config --get commit.template [19ms]
2023-08-01 10:14:34.687 [info] > git config --get commit.template [3ms]
2023-08-01 10:14:34.723 [info] > git for-each-ref --format %(refname) %(objectname) %(*objectname) refs/tags [18ms]
2023-08-01 10:14:34.742 [info] > git for-each-ref --format=%(refname)%00%(upstream:short)%00%(objectname)%00%(upstream:track)%00%(upstream:remotename)%00%(upstream:remoteref) refs/heads/master refs/remotes/master [20ms]
2023-08-01 10:14:34.760 [info] > git status -z -uall [20ms]
2023-08-01 10:14:34.914 [info] > git status -z -uall [155ms]
