2023-07-27 17:33:01.846 [info] Log level: Info
2023-07-27 17:33:01.846 [info] Validating found git in: "git"
2023-07-27 17:33:01.846 [info] Using git "2.17.1" from "git"
2023-07-27 17:33:01.846 [info] > git rev-parse --show-toplevel [111ms]
2023-07-27 17:33:01.846 [info] > git rev-parse --git-dir --git-common-dir [7ms]
2023-07-27 17:33:01.846 [info] Open repository: /home/nvidia/jetson-inference
2023-07-27 17:33:01.846 [info] > git rev-parse --show-toplevel [22ms]
2023-07-27 17:33:01.846 [info] > git config --get commit.template [21ms]
2023-07-27 17:33:01.846 [info] > git rev-parse --show-toplevel [15ms]
2023-07-27 17:33:01.846 [info] > git for-each-ref --format=%(refname)%00%(upstream:short)%00%(objectname)%00%(upstream:track)%00%(upstream:remotename)%00%(upstream:remoteref) refs/heads/master refs/remotes/master [10ms]
2023-07-27 17:33:01.846 [info] > git rev-parse --show-toplevel [42ms]
2023-07-27 17:33:01.849 [info] > git rev-parse --show-toplevel [8ms]
2023-07-27 17:33:01.863 [info] > git rev-parse --show-toplevel [3ms]
2023-07-27 17:33:01.967 [info] > git rev-parse --show-toplevel [93ms]
2023-07-27 17:33:01.995 [info] > git rev-parse --show-toplevel [18ms]
2023-07-27 17:33:02.011 [info] > git rev-parse --show-toplevel [6ms]
2023-07-27 17:33:02.029 [info] > git rev-parse --git-dir --git-common-dir [8ms]
2023-07-27 17:33:02.043 [info] Open repository: /home/nvidia/jetson-inference/ros
2023-07-27 17:33:02.071 [info] > git rev-parse --show-toplevel [15ms]
2023-07-27 17:33:02.089 [info] > git config --get commit.template [19ms]
2023-07-27 17:33:02.110 [info] > git rev-parse --show-toplevel [29ms]
2023-07-27 17:33:02.127 [info] > git rev-parse --git-dir --git-common-dir [6ms]
2023-07-27 17:33:02.143 [info] Open repository: /home/nvidia/jetson-inference/utils
2023-07-27 17:33:02.157 [info] > git for-each-ref --format %(refname) %(objectname) %(*objectname) refs/tags [49ms]
2023-07-27 17:33:02.191 [info] > git status -z -uall [24ms]
2023-07-27 17:33:02.235 [info] > git config --get commit.template [47ms]
2023-07-27 17:33:02.279 [info] > git config --get commit.template [44ms]
2023-07-27 17:33:02.293 [info] > git for-each-ref --format %(refname) %(objectname) %(*objectname) refs/tags [18ms]
2023-07-27 17:33:02.313 [info] > git for-each-ref --format %(refname) %(objectname) %(*objectname) refs/tags [23ms]
2023-07-27 17:33:02.375 [info] > git status -z -uall [66ms]
2023-07-27 17:33:02.405 [info] > git status -z -uall [67ms]
2023-07-27 17:33:02.412 [info] > git config --get commit.template [10ms]
2023-07-27 17:33:02.427 [info] > git for-each-ref --format %(refname) %(objectname) %(*objectname) refs/tags [4ms]
2023-07-27 17:33:02.495 [info] > git status -z -uall [55ms]
2023-07-27 17:33:02.585 [info] > git status -z -uall [757ms]
2023-07-27 17:33:02.627 [info] > git config --get commit.template [15ms]
2023-07-27 17:33:02.630 [info] > git for-each-ref --format=%(refname)%00%(upstream:short)%00%(objectname)%00%(upstream:track)%00%(upstream:remotename)%00%(upstream:remoteref) refs/heads/master refs/remotes/master [4ms]
2023-07-27 17:33:03.108 [info] > git rev-parse --show-toplevel [3ms]
2023-07-27 17:33:03.121 [info] > git rev-parse --git-dir --git-common-dir [2ms]
2023-07-27 17:33:03.136 [info] Open repository: /home/nvidia/jetson-inference/tools/camera-capture
2023-07-27 17:33:03.164 [info] > git config --get commit.template [5ms]
2023-07-27 17:33:03.165 [info] > git rev-parse --show-toplevel [17ms]
2023-07-27 17:33:03.192 [info] > git for-each-ref --format %(refname) %(objectname) %(*objectname) refs/tags [4ms]
2023-07-27 17:33:03.226 [info] > git rev-parse --git-dir --git-common-dir [50ms]
2023-07-27 17:33:03.259 [info] Open repository: /home/nvidia/jetson-inference/python/training/classification
2023-07-27 17:33:03.308 [info] > git status -z -uall [84ms]
2023-07-27 17:33:03.309 [info] > git rev-parse --show-toplevel [35ms]
2023-07-27 17:33:03.349 [info] > git rev-parse --git-dir --git-common-dir [29ms]
2023-07-27 17:33:03.362 [info] Open repository: /home/nvidia/jetson-inference/python/training/detection
2023-07-27 17:33:03.374 [info] > git config --get commit.template [81ms]
2023-07-27 17:33:03.388 [info] > git status -z -uall [748ms]
2023-07-27 17:33:03.389 [info] > git rev-parse --show-toplevel [16ms]
2023-07-27 17:33:03.400 [info] > git config --get commit.template [53ms]
2023-07-27 17:33:03.422 [info] > git rev-parse --git-dir --git-common-dir [23ms]
2023-07-27 17:33:03.434 [info] Open repository: /home/nvidia/jetson-inference/python/training/segmentation
2023-07-27 17:33:03.448 [info] > git config --get commit.template [61ms]
2023-07-27 17:33:03.472 [info] > git rev-parse --show-toplevel [26ms]
2023-07-27 17:33:03.484 [info] > git for-each-ref --format %(refname) %(objectname) %(*objectname) refs/tags [64ms]
2023-07-27 17:33:03.509 [info] > git status -z -uall [15ms]
2023-07-27 17:33:03.510 [info] > git rev-parse --git-dir --git-common-dir [27ms]
2023-07-27 17:33:03.527 [info] Open repository: /home/nvidia/jetson-inference/c/plugins/pose
2023-07-27 17:33:03.546 [info] > git config --get commit.template [75ms]
2023-07-27 17:33:03.546 [info] > git for-each-ref --format %(refname) %(objectname) %(*objectname) refs/tags [87ms]
2023-07-27 17:33:03.573 [info] > git status -z -uall [16ms]
2023-07-27 17:33:03.574 [info] > git rev-parse --show-toplevel [28ms]
2023-07-27 17:33:03.585 [info] > git for-each-ref --format %(refname) %(objectname) %(*objectname) refs/tags [79ms]
2023-07-27 17:33:03.642 [info] > git status -z -uall [45ms]
2023-07-27 17:33:03.657 [info] > git rev-parse --git-dir --git-common-dir [72ms]
2023-07-27 17:33:03.674 [info] Open repository: /home/nvidia/jetson-inference/docker/containers
2023-07-27 17:33:03.675 [info] > git config --get commit.template [105ms]
2023-07-27 17:33:03.704 [info] > git config --get commit.template [64ms]
2023-07-27 17:33:03.704 [info] > git for-each-ref --format %(refname) %(objectname) %(*objectname) refs/tags [77ms]
2023-07-27 17:33:03.729 [info] > git status -z -uall [14ms]
2023-07-27 17:33:03.731 [info] > git config --get commit.template [29ms]
2023-07-27 17:33:03.731 [info] > git config --get commit.template [40ms]
2023-07-27 17:33:03.744 [info] > git for-each-ref --format %(refname) %(objectname) %(*objectname) refs/tags [17ms]
2023-07-27 17:33:03.794 [info] > git status -z -uall [39ms]
2023-07-27 17:33:03.805 [info] > git for-each-ref --format %(refname) %(objectname) %(*objectname) refs/tags [63ms]
2023-07-27 17:33:03.841 [info] > git status -z -uall [25ms]
2023-07-27 17:33:03.841 [info] > git for-each-ref --format %(refname) %(objectname) %(*objectname) refs/tags [49ms]
2023-07-27 17:33:03.854 [info] > git for-each-ref --format %(refname) %(objectname) %(*objectname) refs/tags [72ms]
2023-07-27 17:33:03.868 [info] > git status -z -uall [14ms]
2023-07-27 17:33:03.881 [info] > git config --get commit.template [41ms]
2023-07-27 17:33:03.881 [info] > git config --get commit.template [54ms]
2023-07-27 17:33:03.897 [info] > git status -z -uall [33ms]
2023-07-27 17:33:03.928 [info] > git config --get commit.template [31ms]
2023-07-27 17:33:03.930 [info] > git for-each-ref --format %(refname) %(objectname) %(*objectname) refs/tags [4ms]
2023-07-27 17:33:03.942 [info] > git for-each-ref --format %(refname) %(objectname) %(*objectname) refs/tags [29ms]
2023-07-27 17:33:03.966 [info] > git status -z -uall [25ms]
2023-07-27 17:33:03.967 [info] > git status -z -uall [14ms]
2023-07-27 17:33:03.973 [info] > git for-each-ref --format %(refname) %(objectname) %(*objectname) refs/tags [8ms]
2023-07-27 17:33:03.995 [info] > git status -z -uall [11ms]
2023-07-27 17:33:04.415 [info] > git rev-parse --show-toplevel [3ms]
2023-07-27 17:33:04.430 [info] > git rev-parse --git-dir --git-common-dir [2ms]
2023-07-27 17:33:04.442 [info] Open repository: /home/nvidia/jetson-inference/python/training/detection/ssd
2023-07-27 17:33:04.469 [info] > git config --get commit.template [15ms]
2023-07-27 17:33:04.470 [info] > git for-each-ref --format %(refname) %(objectname) %(*objectname) refs/tags [4ms]
2023-07-27 17:33:04.492 [info] > git status -z -uall [10ms]
2023-07-27 17:33:04.530 [info] > git config --get commit.template [15ms]
2023-07-27 17:33:04.531 [info] > git for-each-ref --format %(refname) %(objectname) %(*objectname) refs/tags [4ms]
2023-07-27 17:33:04.555 [info] > git status -z -uall [12ms]
2023-07-27 17:33:21.051 [info] > git check-ignore -v -z --stdin [28ms]
2023-07-27 17:33:21.054 [info] > git check-ignore -v -z --stdin [18ms]
2023-07-27 17:33:21.055 [info] > git check-ignore -v -z --stdin [7ms]
2023-07-27 17:35:02.164 [info] > git check-ignore -v -z --stdin [4ms]
2023-07-27 17:35:02.901 [info] > git config --get commit.template [4ms]
2023-07-27 17:35:02.915 [info] > git for-each-ref --format=%(refname)%00%(upstream:short)%00%(objectname)%00%(upstream:track)%00%(upstream:remotename)%00%(upstream:remoteref) refs/heads/master refs/remotes/master [3ms]
2023-07-27 17:35:03.031 [info] > git check-ignore -v -z --stdin [8ms]
2023-07-27 17:35:03.611 [info] > git status -z -uall [686ms]
2023-07-27 17:35:19.130 [info] > git show --textconv :my-recognition/my-recognition [14ms]
2023-07-27 17:35:19.133 [info] > git ls-files --stage -- /home/nvidia/jetson-inference/my-recognition/my-recognition [5ms]
2023-07-27 17:35:19.277 [info] > git check-ignore -v -z --stdin [3ms]
2023-07-27 17:35:19.744 [info] > git config --get commit.template [13ms]
2023-07-27 17:35:19.747 [info] > git for-each-ref --format=%(refname)%00%(upstream:short)%00%(objectname)%00%(upstream:track)%00%(upstream:remotename)%00%(upstream:remoteref) refs/heads/master refs/remotes/master [6ms]
2023-07-27 17:35:20.440 [info] > git status -z -uall [683ms]
