2023-07-28 11:06:18.447 [info] Log level: Info
2023-07-28 11:06:18.447 [info] Validating found git in: "git"
2023-07-28 11:06:18.447 [info] Using git "2.17.1" from "git"
2023-07-28 11:06:18.447 [info] > git rev-parse --show-toplevel [135ms]
2023-07-28 11:06:18.447 [info] fatal: not a git repository (or any of the parent directories): .git
2023-07-28 11:06:18.447 [info] > git rev-parse --show-toplevel [7ms]
2023-07-28 11:06:18.447 [info] fatal: not a git repository (or any of the parent directories): .git
2023-07-28 11:06:18.447 [info] > git rev-parse --show-toplevel [5ms]
2023-07-28 11:06:18.447 [info] fatal: not a git repository (or any of the parent directories): .git
2023-07-28 11:06:18.447 [info] > git rev-parse --show-toplevel [3ms]
2023-07-28 11:06:18.447 [info] fatal: not a git repository (or any of the parent directories): .git
2023-07-28 11:06:18.447 [info] > git rev-parse --show-toplevel [7ms]
2023-07-28 11:06:18.447 [info] fatal: not a git repository (or any of the parent directories): .git
2023-07-28 11:06:18.447 [info] > git rev-parse --show-toplevel [3ms]
2023-07-28 11:06:18.448 [info] fatal: not a git repository (or any of the parent directories): .git
2023-07-28 11:06:18.448 [info] > git rev-parse --show-toplevel [6ms]
2023-07-28 11:06:18.448 [info] fatal: not a git repository (or any of the parent directories): .git
2023-07-28 11:06:18.448 [info] > git rev-parse --show-toplevel [7ms]
2023-07-28 11:06:18.448 [info] fatal: not a git repository (or any of the parent directories): .git
2023-07-28 11:06:18.448 [info] > git rev-parse --show-toplevel [10ms]
2023-07-28 11:06:18.448 [info] fatal: not a git repository (or any of the parent directories): .git
2023-07-28 11:06:18.448 [info] > git rev-parse --show-toplevel [5ms]
2023-07-28 11:06:18.448 [info] > git rev-parse --git-dir --git-common-dir [8ms]
2023-07-28 11:06:18.448 [info] Open repository: /home/nvidia/jetson-inference
2023-07-28 11:06:18.448 [info] > git rev-parse --show-toplevel [18ms]
2023-07-28 11:06:18.448 [info] fatal: not a git repository (or any of the parent directories): .git
2023-07-28 11:06:18.448 [info] > git config --get commit.template [20ms]
2023-07-28 11:06:18.448 [info] > git rev-parse --show-toplevel [8ms]
2023-07-28 11:06:18.448 [info] fatal: not a git repository (or any of the parent directories): .git
2023-07-28 11:06:18.448 [info] > git for-each-ref --format=%(refname)%00%(upstream:short)%00%(objectname)%00%(upstream:track)%00%(upstream:remotename)%00%(upstream:remoteref) refs/heads/master refs/remotes/master [35ms]
2023-07-28 11:06:19.072 [info] > git check-ignore -v -z --stdin [5ms]
2023-07-28 11:06:19.670 [info] > git check-ignore -v -z --stdin [3ms]
2023-07-28 11:06:20.292 [info] > git status -z -uall [2221ms]
2023-07-28 11:06:20.349 [info] > git config --get commit.template [18ms]
2023-07-28 11:06:20.350 [info] > git for-each-ref --format=%(refname)%00%(upstream:short)%00%(objectname)%00%(upstream:track)%00%(upstream:remotename)%00%(upstream:remoteref) refs/heads/master refs/remotes/master [5ms]
2023-07-28 11:06:20.888 [info] > git rev-parse --show-toplevel [35ms]
2023-07-28 11:06:20.923 [info] > git rev-parse --git-dir --git-common-dir [5ms]
2023-07-28 11:06:20.952 [info] Open repository: /home/nvidia/jetson-inference/utils
2023-07-28 11:06:20.987 [info] > git rev-parse --show-toplevel [17ms]
2023-07-28 11:06:21.000 [info] > git config --get commit.template [15ms]
2023-07-28 11:06:21.017 [info] > git rev-parse --git-dir --git-common-dir [19ms]
2023-07-28 11:06:21.033 [info] Open repository: /home/nvidia/jetson-inference/tools/camera-capture
2023-07-28 11:06:21.068 [info] > git for-each-ref --format %(refname) %(objectname) %(*objectname) refs/tags [54ms]
2023-07-28 11:06:21.083 [info] > git config --get commit.template [25ms]
2023-07-28 11:06:21.084 [info] > git rev-parse --show-toplevel [38ms]
2023-07-28 11:06:21.116 [info] > git status -z -uall [754ms]
2023-07-28 11:06:21.126 [info] > git rev-parse --git-dir --git-common-dir [31ms]
2023-07-28 11:06:21.140 [info] Open repository: /home/nvidia/jetson-inference/python/training/classification
2023-07-28 11:06:21.168 [info] > git status -z -uall [88ms]
2023-07-28 11:06:21.168 [info] > git rev-parse --show-toplevel [15ms]
2023-07-28 11:06:21.192 [info] > git for-each-ref --format %(refname) %(objectname) %(*objectname) refs/tags [79ms]
2023-07-28 11:06:21.218 [info] > git status -z -uall [15ms]
2023-07-28 11:06:21.219 [info] > git rev-parse --git-dir --git-common-dir [40ms]
2023-07-28 11:06:21.232 [info] Open repository: /home/nvidia/jetson-inference/python/training/detection
2023-07-28 11:06:21.245 [info] > git config --get commit.template [79ms]
2023-07-28 11:06:21.262 [info] > git rev-parse --show-toplevel [17ms]
2023-07-28 11:06:21.273 [info] > git config --get commit.template [56ms]
2023-07-28 11:06:21.320 [info] > git rev-parse --git-dir --git-common-dir [47ms]
2023-07-28 11:06:21.332 [info] Open repository: /home/nvidia/jetson-inference/python/training/segmentation
2023-07-28 11:06:21.345 [info] > git config --get commit.template [86ms]
2023-07-28 11:06:21.372 [info] > git rev-parse --show-toplevel [27ms]
2023-07-28 11:06:21.384 [info] > git config --get commit.template [74ms]
2023-07-28 11:06:21.385 [info] > git for-each-ref --format %(refname) %(objectname) %(*objectname) refs/tags [88ms]
2023-07-28 11:06:21.412 [info] > git status -z -uall [15ms]
2023-07-28 11:06:21.413 [info] > git rev-parse --git-dir --git-common-dir [29ms]
2023-07-28 11:06:21.424 [info] Open repository: /home/nvidia/jetson-inference/c/plugins/pose
2023-07-28 11:06:21.438 [info] > git config --get commit.template [67ms]
2023-07-28 11:06:21.438 [info] > git for-each-ref --format %(refname) %(objectname) %(*objectname) refs/tags [80ms]
2023-07-28 11:06:21.480 [info] > git rev-parse --show-toplevel [43ms]
2023-07-28 11:06:21.495 [info] > git for-each-ref --format %(refname) %(objectname) %(*objectname) refs/tags [86ms]
2023-07-28 11:06:21.553 [info] > git status -z -uall [103ms]
2023-07-28 11:06:21.554 [info] > git status -z -uall [46ms]
2023-07-28 11:06:21.583 [info] > git rev-parse --git-dir --git-common-dir [88ms]
2023-07-28 11:06:21.595 [info] Open repository: /home/nvidia/jetson-inference/docker/containers
2023-07-28 11:06:21.612 [info] > git config --get commit.template [134ms]
2023-07-28 11:06:21.613 [info] > git for-each-ref --format %(refname) %(objectname) %(*objectname) refs/tags [148ms]
2023-07-28 11:06:21.664 [info] > git status -z -uall [39ms]
2023-07-28 11:06:21.670 [info] > git rev-parse --show-toplevel [58ms]
2023-07-28 11:06:21.688 [info] > git config --get commit.template [138ms]
2023-07-28 11:06:21.688 [info] > git for-each-ref --format %(refname) %(objectname) %(*objectname) refs/tags [152ms]
2023-07-28 11:06:21.730 [info] > git status -z -uall [22ms]
2023-07-28 11:06:21.730 [info] > git rev-parse --git-dir --git-common-dir [43ms]
2023-07-28 11:06:21.750 [info] Open repository: /home/nvidia/jetson-inference/ros
2023-07-28 11:06:21.752 [info] > git config --get commit.template [91ms]
2023-07-28 11:06:21.752 [info] > git config --get commit.template [107ms]
2023-07-28 11:06:21.782 [info] > git for-each-ref --format %(refname) %(objectname) %(*objectname) refs/tags [56ms]
2023-07-28 11:06:21.848 [info] > git status -z -uall [54ms]
2023-07-28 11:06:21.861 [info] > git config --get commit.template [81ms]
2023-07-28 11:06:21.861 [info] > git for-each-ref --format %(refname) %(objectname) %(*objectname) refs/tags [96ms]
2023-07-28 11:06:21.888 [info] > git status -z -uall [15ms]
2023-07-28 11:06:21.889 [info] > git config --get commit.template [42ms]
2023-07-28 11:06:21.889 [info] > git for-each-ref --format %(refname) %(objectname) %(*objectname) refs/tags [56ms]
2023-07-28 11:06:21.903 [info] > git for-each-ref --format %(refname) %(objectname) %(*objectname) refs/tags [82ms]
2023-07-28 11:06:21.936 [info] > git status -z -uall [35ms]
2023-07-28 11:06:21.936 [info] > git status -z -uall [20ms]
2023-07-28 11:06:21.948 [info] > git config --get commit.template [62ms]
2023-07-28 11:06:21.978 [info] > git for-each-ref --format %(refname) %(objectname) %(*objectname) refs/tags [45ms]
2023-07-28 11:06:22.011 [info] > git status -z -uall [19ms]
2023-07-28 11:06:22.011 [info] > git config --get commit.template [34ms]
2023-07-28 11:06:22.011 [info] > git for-each-ref --format %(refname) %(objectname) %(*objectname) refs/tags [47ms]
2023-07-28 11:06:22.026 [info] > git for-each-ref --format %(refname) %(objectname) %(*objectname) refs/tags [17ms]
2023-07-28 11:06:22.076 [info] > git status -z -uall [53ms]
2023-07-28 11:06:22.076 [info] > git status -z -uall [38ms]
2023-07-28 11:06:22.085 [info] > git config --get commit.template [10ms]
2023-07-28 11:06:22.086 [info] > git for-each-ref --format %(refname) %(objectname) %(*objectname) refs/tags [23ms]
2023-07-28 11:06:22.118 [info] > git status -z -uall [20ms]
2023-07-28 11:06:22.126 [info] > git for-each-ref --format %(refname) %(objectname) %(*objectname) refs/tags [11ms]
2023-07-28 11:06:22.150 [info] > git status -z -uall [11ms]
2023-07-28 11:06:22.436 [info] > git check-ignore -v -z --stdin [3ms]
2023-07-28 11:06:22.518 [info] > git rev-parse --show-toplevel [11ms]
2023-07-28 11:06:22.533 [info] > git rev-parse --git-dir --git-common-dir [2ms]
2023-07-28 11:06:22.546 [info] Open repository: /home/nvidia/jetson-inference/python/training/detection/ssd
2023-07-28 11:06:22.575 [info] > git config --get commit.template [15ms]
2023-07-28 11:06:22.576 [info] > git for-each-ref --format %(refname) %(objectname) %(*objectname) refs/tags [3ms]
2023-07-28 11:06:22.598 [info] > git status -z -uall [9ms]
2023-07-28 11:06:22.638 [info] > git config --get commit.template [16ms]
2023-07-28 11:06:22.640 [info] > git for-each-ref --format %(refname) %(objectname) %(*objectname) refs/tags [4ms]
2023-07-28 11:06:22.662 [info] > git status -z -uall [9ms]
2023-07-28 11:06:23.238 [info] > git check-ignore -v -z --stdin [3ms]
2023-07-28 11:11:56.706 [info] > git config --get commit.template [13ms]
2023-07-28 11:11:56.708 [info] > git config --get commit.template [3ms]
2023-07-28 11:11:56.731 [info] > git for-each-ref --format=%(refname)%00%(upstream:short)%00%(objectname)%00%(upstream:track)%00%(upstream:remotename)%00%(upstream:remoteref) refs/heads/master refs/remotes/master [13ms]
2023-07-28 11:11:56.745 [info] > git for-each-ref --format %(refname) %(objectname) %(*objectname) refs/tags [16ms]
2023-07-28 11:11:56.761 [info] > git status -z -uall [4ms]
2023-07-28 11:11:57.431 [info] > git status -z -uall [689ms]
2023-07-28 11:22:05.964 [info] > git config --get commit.template [36ms]
2023-07-28 11:22:05.971 [info] > git config --get commit.template [64ms]
2023-07-28 11:22:06.098 [info] > git for-each-ref --format=%(refname)%00%(upstream:short)%00%(objectname)%00%(upstream:track)%00%(upstream:remotename)%00%(upstream:remoteref) refs/heads/master refs/remotes/master [63ms]
2023-07-28 11:22:06.129 [info] > git for-each-ref --format %(refname) %(objectname) %(*objectname) refs/tags [42ms]
2023-07-28 11:22:06.189 [info] > git status -z -uall [39ms]
2023-07-28 11:22:08.302 [info] > git status -z -uall [2180ms]
2023-07-28 11:22:11.278 [info] > git config --get commit.template [13ms]
2023-07-28 11:22:11.278 [info] > git for-each-ref --format %(refname) %(objectname) %(*objectname) refs/tags [2ms]
2023-07-28 11:22:11.296 [info] > git status -z -uall [6ms]
2023-07-28 11:22:13.364 [info] > git config --get commit.template [14ms]
2023-07-28 11:22:13.366 [info] > git for-each-ref --format=%(refname)%00%(upstream:short)%00%(objectname)%00%(upstream:track)%00%(upstream:remotename)%00%(upstream:remoteref) refs/heads/master refs/remotes/master [5ms]
2023-07-28 11:22:14.617 [info] > git status -z -uall [1238ms]
2023-07-28 11:27:21.873 [info] > git config --get commit.template [46ms]
2023-07-28 11:27:21.884 [info] > git config --get commit.template [73ms]
2023-07-28 11:27:21.889 [info] > git for-each-ref --format %(refname) %(objectname) %(*objectname) refs/tags [21ms]
2023-07-28 11:27:21.911 [info] > git for-each-ref --format=%(refname)%00%(upstream:short)%00%(objectname)%00%(upstream:track)%00%(upstream:remotename)%00%(upstream:remoteref) refs/heads/master refs/remotes/master [62ms]
2023-07-28 11:27:21.929 [info] > git status -z -uall [19ms]
2023-07-28 11:27:23.649 [info] > git status -z -uall [1723ms]
2023-07-28 11:27:51.241 [info] > git config --get commit.template [793ms]
2023-07-28 11:27:51.242 [info] > git config --get commit.template [861ms]
2023-07-28 11:27:51.294 [info] > git for-each-ref --format %(refname) %(objectname) %(*objectname) refs/tags [18ms]
2023-07-28 11:27:51.326 [info] > git for-each-ref --format=%(refname)%00%(upstream:short)%00%(objectname)%00%(upstream:track)%00%(upstream:remotename)%00%(upstream:remoteref) refs/heads/master refs/remotes/master [71ms]
2023-07-28 11:27:51.357 [info] > git status -z -uall [32ms]
2023-07-28 11:27:56.875 [info] > git status -z -uall [5517ms]
2023-07-28 11:34:14.423 [info] > git config --get commit.template [16ms]
2023-07-28 11:34:14.426 [info] > git config --get commit.template [5ms]
2023-07-28 11:34:14.458 [info] > git for-each-ref --format=%(refname)%00%(upstream:short)%00%(objectname)%00%(upstream:track)%00%(upstream:remotename)%00%(upstream:remoteref) refs/heads/master refs/remotes/master [17ms]
2023-07-28 11:34:14.473 [info] > git for-each-ref --format %(refname) %(objectname) %(*objectname) refs/tags [18ms]
2023-07-28 11:34:14.550 [info] > git status -z -uall [56ms]
2023-07-28 11:34:15.839 [info] > git status -z -uall [1368ms]
2023-07-28 11:34:43.700 [info] > git config --get commit.template [163ms]
2023-07-28 11:34:44.174 [info] > git config --get commit.template [611ms]
2023-07-28 11:34:44.188 [info] > git for-each-ref --format=%(refname)%00%(upstream:short)%00%(objectname)%00%(upstream:track)%00%(upstream:remotename)%00%(upstream:remoteref) refs/heads/master refs/remotes/master [553ms]
2023-07-28 11:34:44.201 [info] > git for-each-ref --format %(refname) %(objectname) %(*objectname) refs/tags [14ms]
2023-07-28 11:34:44.426 [info] > git status -z -uall [214ms]
2023-07-28 11:34:49.966 [info] > git status -z -uall [5764ms]
2023-07-28 14:11:22.839 [info] > git config --get commit.template [49ms]
2023-07-28 14:11:22.847 [info] > git config --get commit.template [73ms]
2023-07-28 14:11:22.964 [info] > git for-each-ref --format %(refname) %(objectname) %(*objectname) refs/tags [7ms]
2023-07-28 14:11:23.004 [info] > git for-each-ref --format=%(refname)%00%(upstream:short)%00%(objectname)%00%(upstream:track)%00%(upstream:remotename)%00%(upstream:remoteref) refs/heads/master refs/remotes/master [79ms]
2023-07-28 14:11:23.031 [info] > git status -z -uall [41ms]
2023-07-28 14:11:25.140 [info] > git status -z -uall [2112ms]
2023-07-28 14:11:28.168 [info] > git config --get commit.template [30ms]
2023-07-28 14:11:28.169 [info] > git for-each-ref --format %(refname) %(objectname) %(*objectname) refs/tags [3ms]
2023-07-28 14:11:28.188 [info] > git status -z -uall [5ms]
2023-07-28 14:11:30.346 [info] > git config --get commit.template [19ms]
2023-07-28 14:11:30.347 [info] > git for-each-ref --format=%(refname)%00%(upstream:short)%00%(objectname)%00%(upstream:track)%00%(upstream:remotename)%00%(upstream:remoteref) refs/heads/master refs/remotes/master [4ms]
2023-07-28 14:11:31.083 [info] > git status -z -uall [719ms]
2023-07-28 14:11:33.229 [info] > git config --get commit.template [16ms]
2023-07-28 14:11:33.231 [info] > git for-each-ref --format %(refname) %(objectname) %(*objectname) refs/tags [3ms]
2023-07-28 14:11:33.249 [info] > git status -z -uall [5ms]
2023-07-28 14:12:00.080 [info] > git config --get commit.template [27ms]
2023-07-28 14:12:00.089 [info] > git config --get commit.template [25ms]
2023-07-28 14:12:00.134 [info] > git for-each-ref --format %(refname) %(objectname) %(*objectname) refs/tags [1ms]
2023-07-28 14:12:00.149 [info] > git for-each-ref --format=%(refname)%00%(upstream:short)%00%(objectname)%00%(upstream:track)%00%(upstream:remotename)%00%(upstream:remoteref) refs/heads/master refs/remotes/master [38ms]
2023-07-28 14:12:00.165 [info] > git status -z -uall [17ms]
2023-07-28 14:12:01.545 [info] > git status -z -uall [1277ms]
2023-07-28 14:18:21.889 [info] > git config --get commit.template [19ms]
2023-07-28 14:18:21.903 [info] > git config --get commit.template [19ms]
2023-07-28 14:18:21.936 [info] > git for-each-ref --format=%(refname)%00%(upstream:short)%00%(objectname)%00%(upstream:track)%00%(upstream:remotename)%00%(upstream:remoteref) refs/heads/master refs/remotes/master [18ms]
2023-07-28 14:18:21.953 [info] > git for-each-ref --format %(refname) %(objectname) %(*objectname) refs/tags [20ms]
2023-07-28 14:18:22.020 [info] > git status -z -uall [28ms]
2023-07-28 14:18:23.570 [info] > git status -z -uall [1618ms]
2023-07-28 14:18:50.593 [info] > git config --get commit.template [2ms]
2023-07-28 14:18:50.610 [info] > git config --get commit.template [48ms]
2023-07-28 14:18:50.647 [info] > git for-each-ref --format %(refname) %(objectname) %(*objectname) refs/tags [2ms]
2023-07-28 14:18:50.698 [info] > git for-each-ref --format=%(refname)%00%(upstream:short)%00%(objectname)%00%(upstream:track)%00%(upstream:remotename)%00%(upstream:remoteref) refs/heads/master refs/remotes/master [70ms]
2023-07-28 14:18:50.712 [info] > git status -z -uall [16ms]
2023-07-28 14:18:54.818 [info] > git status -z -uall [4053ms]
2023-07-28 14:25:12.312 [info] > git config --get commit.template [63ms]
2023-07-28 14:25:12.316 [info] > git config --get commit.template [51ms]
2023-07-28 14:25:12.319 [info] > git for-each-ref --format %(refname) %(objectname) %(*objectname) refs/tags [10ms]
2023-07-28 14:25:12.338 [info] > git for-each-ref --format=%(refname)%00%(upstream:short)%00%(objectname)%00%(upstream:track)%00%(upstream:remotename)%00%(upstream:remoteref) refs/heads/master refs/remotes/master [43ms]
2023-07-28 14:25:12.382 [info] > git status -z -uall [47ms]
2023-07-28 14:25:14.157 [info] > git status -z -uall [1804ms]
2023-07-28 14:25:40.146 [info] > git config --get commit.template [2ms]
2023-07-28 14:25:40.155 [info] > git config --get commit.template [39ms]
2023-07-28 14:25:40.228 [info] > git for-each-ref --format=%(refname)%00%(upstream:short)%00%(objectname)%00%(upstream:track)%00%(upstream:remotename)%00%(upstream:remoteref) refs/heads/master refs/remotes/master [16ms]
2023-07-28 14:25:40.245 [info] > git for-each-ref --format %(refname) %(objectname) %(*objectname) refs/tags [20ms]
2023-07-28 14:25:40.270 [info] > git status -z -uall [1ms]
2023-07-28 14:25:43.626 [info] > git status -z -uall [3381ms]
2023-07-28 14:32:01.567 [info] > git config --get commit.template [20ms]
2023-07-28 14:32:01.610 [info] > git config --get commit.template [49ms]
2023-07-28 14:32:01.615 [info] > git for-each-ref --format %(refname) %(objectname) %(*objectname) refs/tags [7ms]
2023-07-28 14:32:01.644 [info] > git for-each-ref --format=%(refname)%00%(upstream:short)%00%(objectname)%00%(upstream:track)%00%(upstream:remotename)%00%(upstream:remoteref) refs/heads/master refs/remotes/master [54ms]
2023-07-28 14:32:01.660 [info] > git status -z -uall [18ms]
2023-07-28 14:32:02.932 [info] > git status -z -uall [1273ms]
2023-07-28 14:32:30.054 [info] > git config --get commit.template [14ms]
2023-07-28 14:32:30.071 [info] > git config --get commit.template [43ms]
2023-07-28 14:32:30.199 [info] > git for-each-ref --format %(refname) %(objectname) %(*objectname) refs/tags [1ms]
2023-07-28 14:32:30.413 [info] > git for-each-ref --format=%(refname)%00%(upstream:short)%00%(objectname)%00%(upstream:track)%00%(upstream:remotename)%00%(upstream:remoteref) refs/heads/master refs/remotes/master [127ms]
2023-07-28 14:32:30.514 [info] > git status -z -uall [301ms]
2023-07-28 14:32:36.130 [info] > git status -z -uall [5618ms]
2023-07-28 14:38:54.476 [info] > git config --get commit.template [43ms]
2023-07-28 14:38:54.480 [info] > git config --get commit.template [63ms]
2023-07-28 14:38:54.486 [info] > git for-each-ref --format %(refname) %(objectname) %(*objectname) refs/tags [13ms]
2023-07-28 14:38:54.502 [info] > git for-each-ref --format=%(refname)%00%(upstream:short)%00%(objectname)%00%(upstream:track)%00%(upstream:remotename)%00%(upstream:remoteref) refs/heads/master refs/remotes/master [45ms]
2023-07-28 14:38:54.531 [info] > git status -z -uall [31ms]
2023-07-28 14:38:55.864 [info] > git status -z -uall [1345ms]
2023-07-28 14:39:24.353 [info] > git config --get commit.template [30ms]
2023-07-28 14:39:24.362 [info] > git config --get commit.template [11ms]
2023-07-28 14:39:24.410 [info] > git for-each-ref --format %(refname) %(objectname) %(*objectname) refs/tags [3ms]
2023-07-28 14:39:24.429 [info] > git for-each-ref --format=%(refname)%00%(upstream:short)%00%(objectname)%00%(upstream:track)%00%(upstream:remotename)%00%(upstream:remoteref) refs/heads/master refs/remotes/master [52ms]
2023-07-28 14:39:24.457 [info] > git status -z -uall [30ms]
2023-07-28 14:39:29.491 [info] > git config --get commit.template [15ms]
2023-07-28 14:39:29.492 [info] > git for-each-ref --format %(refname) %(objectname) %(*objectname) refs/tags [3ms]
2023-07-28 14:39:29.508 [info] > git status -z -uall [4ms]
2023-07-28 14:39:29.587 [info] > git status -z -uall [5131ms]
2023-07-28 14:39:49.637 [info] > git config --get commit.template [21ms]
2023-07-28 14:39:49.642 [info] > git for-each-ref --format=%(refname)%00%(upstream:short)%00%(objectname)%00%(upstream:track)%00%(upstream:remotename)%00%(upstream:remoteref) refs/heads/master refs/remotes/master [7ms]
2023-07-28 14:39:50.364 [info] > git status -z -uall [712ms]
2023-07-28 14:40:35.621 [info] > git config --get commit.template [19ms]
2023-07-28 14:40:35.626 [info] > git config --get commit.template [37ms]
2023-07-28 14:40:35.650 [info] > git for-each-ref --format %(refname) %(objectname) %(*objectname) refs/tags [7ms]
2023-07-28 14:40:35.666 [info] > git for-each-ref --format=%(refname)%00%(upstream:short)%00%(objectname)%00%(upstream:track)%00%(upstream:remotename)%00%(upstream:remoteref) refs/heads/master refs/remotes/master [47ms]
2023-07-28 14:40:35.731 [info] > git status -z -uall [68ms]
2023-07-28 14:40:40.591 [info] > git status -z -uall [4913ms]
2023-07-28 14:41:30.304 [info] > git check-ignore -v -z --stdin [36ms]
2023-07-28 14:41:30.308 [info] > git check-ignore -v -z --stdin [22ms]
2023-07-28 14:41:30.309 [info] > git check-ignore -v -z --stdin [10ms]
2023-07-28 14:41:32.896 [info] > git check-ignore -v -z --stdin [8ms]
2023-07-28 14:41:34.612 [info] > git check-ignore -v -z --stdin [30ms]
2023-07-28 14:41:34.613 [info] > git check-ignore -v -z --stdin [17ms]
2023-07-28 14:41:34.614 [info] > git check-ignore -v -z --stdin [4ms]
2023-07-28 14:41:35.871 [info] > git check-ignore -v -z --stdin [2ms]
2023-07-28 14:41:44.746 [info] > git show --textconv :onnx_export.py [20ms]
2023-07-28 14:41:44.749 [info] > git ls-files --stage -- /home/nvidia/jetson-inference/python/training/classification/onnx_export.py [6ms]
2023-07-28 14:41:44.766 [info] > git cat-file -s 45fedd8391362e879e8b336c8677204a16b48bc8 [4ms]
2023-07-28 14:43:18.178 [info] > git config --get commit.template [140ms]
2023-07-28 14:43:18.184 [info] > git config --get commit.template [197ms]
2023-07-28 14:43:18.192 [info] > git for-each-ref --format %(refname) %(objectname) %(*objectname) refs/tags [105ms]
2023-07-28 14:43:18.292 [info] > git for-each-ref --format=%(refname)%00%(upstream:short)%00%(objectname)%00%(upstream:track)%00%(upstream:remotename)%00%(upstream:remoteref) refs/heads/master refs/remotes/master [185ms]
2023-07-28 14:43:18.426 [info] > git status -z -uall [218ms]
2023-07-28 14:43:20.682 [info] > git check-ignore -v -z --stdin [3ms]
2023-07-28 14:43:22.178 [info] > git check-ignore -v -z --stdin [2ms]
2023-07-28 14:43:27.297 [info] > git status -z -uall [8989ms]
2023-07-28 14:43:32.433 [info] > git check-ignore -v -z --stdin [2ms]
2023-07-28 14:45:40.008 [info] > git config --get commit.template [23ms]
2023-07-28 14:45:40.015 [info] > git for-each-ref --format=%(refname)%00%(upstream:short)%00%(objectname)%00%(upstream:track)%00%(upstream:remotename)%00%(upstream:remoteref) refs/heads/master refs/remotes/master [9ms]
2023-07-28 14:45:40.842 [info] > git status -z -uall [810ms]
2023-07-28 14:45:41.139 [info] > git config --get commit.template [18ms]
2023-07-28 14:45:41.141 [info] > git for-each-ref --format %(refname) %(objectname) %(*objectname) refs/tags [4ms]
2023-07-28 14:45:41.161 [info] > git status -z -uall [5ms]
