2023-07-27 10:29:21.814 [info] Log level: Info
2023-07-27 10:29:21.814 [info] Validating found git in: "git"
2023-07-27 10:29:21.814 [info] Using git "2.17.1" from "git"
2023-07-27 10:29:21.814 [info] > git rev-parse --show-toplevel [13ms]
2023-07-27 10:29:21.814 [info] > git rev-parse --git-dir --git-common-dir [4ms]
2023-07-27 10:29:21.814 [info] Open repository: /home/nvidia/jetson-inference
2023-07-27 10:29:21.814 [info] > git rev-parse --show-toplevel [16ms]
2023-07-27 10:29:21.814 [info] > git config --get commit.template [17ms]
2023-07-27 10:29:21.814 [info] > git rev-parse --show-toplevel [9ms]
2023-07-27 10:29:21.814 [info] > git for-each-ref --format=%(refname)%00%(upstream:short)%00%(objectname)%00%(upstream:track)%00%(upstream:remotename)%00%(upstream:remoteref) refs/heads/master refs/remotes/master [24ms]
2023-07-27 10:29:21.814 [info] > git rev-parse --show-toplevel [65ms]
2023-07-27 10:29:21.814 [info] > git for-each-ref --sort -committerdate --format %(refname) %(objectname) %(*objectname) [15ms]
2023-07-27 10:29:21.815 [info] > git rev-parse --show-toplevel [8ms]
2023-07-27 10:29:21.815 [info] > git rev-parse --show-toplevel [10ms]
2023-07-27 10:29:21.815 [info] > git rev-parse --show-toplevel [4ms]
2023-07-27 10:29:21.815 [info] > git rev-parse --show-toplevel [6ms]
2023-07-27 10:29:21.815 [info] > git rev-parse --show-toplevel [8ms]
2023-07-27 10:29:21.815 [info] > git rev-parse --git-dir --git-common-dir [4ms]
2023-07-27 10:29:21.815 [info] Open repository: /home/nvidia/jetson-inference/ros
2023-07-27 10:29:21.815 [info] > git rev-parse --show-toplevel [13ms]
2023-07-27 10:29:21.815 [info] > git config --get commit.template [16ms]
2023-07-27 10:29:21.815 [info] > git status -z -uall [12ms]
2023-07-27 10:29:21.815 [info] > git rev-parse --show-toplevel [27ms]
2023-07-27 10:29:21.815 [info] > git for-each-ref --sort -committerdate --format %(refname) %(objectname) %(*objectname) [14ms]
2023-07-27 10:29:21.816 [info] > git rev-parse --git-dir --git-common-dir [28ms]
2023-07-27 10:29:21.816 [info] Open repository: /home/nvidia/jetson-inference/utils
2023-07-27 10:29:21.816 [info] > git config --get commit.template [40ms]
2023-07-27 10:29:21.818 [info] > git config --get commit.template [7ms]
2023-07-27 10:29:21.840 [info] > git status -z -uall [11ms]
2023-07-27 10:29:21.867 [info] > git status -z -uall [16ms]
2023-07-27 10:29:21.869 [info] > git for-each-ref --sort -committerdate --format %(refname) %(objectname) %(*objectname) [30ms]
2023-07-27 10:29:21.875 [info] > git for-each-ref --sort -committerdate --format %(refname) %(objectname) %(*objectname) [12ms]
2023-07-27 10:29:22.302 [info] > git status -z -uall [756ms]
2023-07-27 10:29:22.343 [info] > git config --get commit.template [13ms]
2023-07-27 10:29:22.345 [info] > git for-each-ref --format=%(refname)%00%(upstream:short)%00%(objectname)%00%(upstream:track)%00%(upstream:remotename)%00%(upstream:remoteref) refs/heads/master refs/remotes/master [4ms]
2023-07-27 10:29:22.384 [info] > git for-each-ref --sort -committerdate --format %(refname) %(objectname) %(*objectname) [16ms]
2023-07-27 10:29:22.431 [info] > git check-ignore -v -z --stdin [29ms]
2023-07-27 10:29:22.435 [info] > git check-ignore -v -z --stdin [20ms]
2023-07-27 10:29:22.435 [info] > git check-ignore -v -z --stdin [9ms]
2023-07-27 10:29:22.829 [info] > git rev-parse --show-toplevel [2ms]
2023-07-27 10:29:22.841 [info] > git rev-parse --git-dir --git-common-dir [3ms]
2023-07-27 10:29:22.857 [info] Open repository: /home/nvidia/jetson-inference/tools/camera-capture
2023-07-27 10:29:22.887 [info] > git rev-parse --show-toplevel [13ms]
2023-07-27 10:29:22.902 [info] > git config --get commit.template [17ms]
2023-07-27 10:29:22.930 [info] > git status -z -uall [13ms]
2023-07-27 10:29:22.930 [info] > git rev-parse --git-dir --git-common-dir [33ms]
2023-07-27 10:29:22.942 [info] Open repository: /home/nvidia/jetson-inference/python/training/classification
2023-07-27 10:29:22.968 [info] > git rev-parse --show-toplevel [15ms]
2023-07-27 10:29:22.979 [info] > git for-each-ref --sort -committerdate --format %(refname) %(objectname) %(*objectname) [52ms]
2023-07-27 10:29:22.988 [info] > git rev-parse --git-dir --git-common-dir [9ms]
2023-07-27 10:29:22.998 [info] Open repository: /home/nvidia/jetson-inference/python/training/detection
2023-07-27 10:29:23.011 [info] > git config --get commit.template [45ms]
2023-07-27 10:29:23.047 [info] > git status -z -uall [12ms]
2023-07-27 10:29:23.047 [info] > git rev-parse --show-toplevel [37ms]
2023-07-27 10:29:23.062 [info] > git for-each-ref --sort -committerdate --format %(refname) %(objectname) %(*objectname) [18ms]
2023-07-27 10:29:23.069 [info] > git config --get commit.template [46ms]
2023-07-27 10:29:23.108 [info] > git rev-parse --git-dir --git-common-dir [50ms]
2023-07-27 10:29:23.119 [info] Open repository: /home/nvidia/jetson-inference/python/training/segmentation
2023-07-27 10:29:23.145 [info] > git status -z -uall [789ms]
2023-07-27 10:29:23.146 [info] > git status -z -uall [59ms]
2023-07-27 10:29:23.146 [info] > git for-each-ref --sort -committerdate --format %(refname) %(objectname) %(*objectname) [49ms]
2023-07-27 10:29:23.159 [info] > git config --get commit.template [16ms]
2023-07-27 10:29:23.160 [info] > git rev-parse --show-toplevel [29ms]
2023-07-27 10:29:23.195 [info] > git status -z -uall [12ms]
2023-07-27 10:29:23.197 [info] > git rev-parse --git-dir --git-common-dir [27ms]
2023-07-27 10:29:23.207 [info] Open repository: /home/nvidia/jetson-inference/c/plugins/pose
2023-07-27 10:29:23.233 [info] > git for-each-ref --sort -committerdate --format %(refname) %(objectname) %(*objectname) [40ms]
2023-07-27 10:29:23.240 [info] > git config --get commit.template [8ms]
2023-07-27 10:29:23.240 [info] > git rev-parse --show-toplevel [21ms]
2023-07-27 10:29:23.277 [info] > git status -z -uall [13ms]
2023-07-27 10:29:23.278 [info] > git rev-parse --git-dir --git-common-dir [28ms]
2023-07-27 10:29:23.293 [info] Open repository: /home/nvidia/jetson-inference/docker/containers
2023-07-27 10:29:23.310 [info] > git for-each-ref --sort -committerdate --format %(refname) %(objectname) %(*objectname) [33ms]
2023-07-27 10:29:23.317 [info] > git config --get commit.template [10ms]
2023-07-27 10:29:23.348 [info] > git status -z -uall [12ms]
2023-07-27 10:29:23.350 [info] > git for-each-ref --sort -committerdate --format %(refname) %(objectname) %(*objectname) [5ms]
2023-07-27 10:29:23.612 [info] > git check-ignore -v -z --stdin [26ms]
2023-07-27 10:29:23.615 [info] > git check-ignore -v -z --stdin [16ms]
2023-07-27 10:29:23.615 [info] > git check-ignore -v -z --stdin [6ms]
2023-07-27 10:29:23.669 [info] > git rev-parse --show-toplevel [3ms]
2023-07-27 10:29:23.683 [info] > git rev-parse --git-dir --git-common-dir [2ms]
2023-07-27 10:29:23.694 [info] Open repository: /home/nvidia/jetson-inference/python/training/detection/ssd
2023-07-27 10:29:23.710 [info] > git config --get commit.template [3ms]
2023-07-27 10:29:23.735 [info] > git status -z -uall [13ms]
2023-07-27 10:29:23.738 [info] > git for-each-ref --sort -committerdate --format %(refname) %(objectname) %(*objectname) [4ms]
2023-07-27 10:29:24.287 [info] > git check-ignore -v -z --stdin [27ms]
2023-07-27 10:29:24.288 [info] > git check-ignore -v -z --stdin [16ms]
2023-07-27 10:29:24.289 [info] > git check-ignore -v -z --stdin [6ms]
2023-07-27 10:31:38.515 [info] > git check-ignore -v -z --stdin [5ms]
2023-07-27 10:32:21.641 [info] > git check-ignore -v -z --stdin [3ms]
2023-07-27 10:32:25.326 [info] > git check-ignore -v -z --stdin [3ms]
2023-07-27 10:32:27.400 [info] > git check-ignore -v -z --stdin [2ms]
2023-07-27 10:32:28.926 [info] > git show --textconv :camera/camera-viewer/camera-viewer.cpp [12ms]
2023-07-27 10:32:28.930 [info] > git ls-files --stage -- /home/nvidia/jetson-inference/utils/camera/camera-viewer/camera-viewer.cpp [5ms]
2023-07-27 10:32:28.943 [info] > git cat-file -s 2c4057eb8eff792378448096cd52ff4a68badd9d [4ms]
2023-07-27 10:34:47.858 [info] > git check-ignore -v -z --stdin [4ms]
2023-07-27 10:34:49.170 [info] > git check-ignore -v -z --stdin [7ms]
2023-07-27 10:34:51.229 [info] > git check-ignore -v -z --stdin [3ms]
2023-07-27 10:40:11.662 [info] > git check-ignore -v -z --stdin [6ms]
2023-07-27 10:40:20.553 [info] > git check-ignore -v -z --stdin [4ms]
2023-07-27 10:40:21.607 [info] > git show --textconv :data/networks/detectnet.prototxt [13ms]
2023-07-27 10:40:21.609 [info] > git ls-files --stage -- /home/nvidia/jetson-inference/data/networks/detectnet.prototxt [4ms]
2023-07-27 10:40:21.622 [info] > git cat-file -s f20add1e7592f6b37fc86f2e95568608cd871434 [3ms]
2023-07-27 10:40:29.822 [info] > git check-ignore -v -z --stdin [12ms]
2023-07-27 10:40:29.824 [info] > git check-ignore -v -z --stdin [4ms]
2023-07-27 10:40:37.104 [info] > git check-ignore -v -z --stdin [7ms]
2023-07-27 10:40:38.830 [info] > git check-ignore -v -z --stdin [4ms]
2023-07-27 10:40:42.182 [info] > git check-ignore -v -z --stdin [23ms]
2023-07-27 10:40:42.183 [info] > git check-ignore -v -z --stdin [14ms]
2023-07-27 10:40:42.184 [info] > git check-ignore -v -z --stdin [4ms]
2023-07-27 10:42:09.302 [info] > git check-ignore -v -z --stdin [3ms]
2023-07-27 10:42:11.512 [info] > git check-ignore -v -z --stdin [3ms]
2023-07-27 10:57:58.783 [info] > git check-ignore -v -z --stdin [13ms]
2023-07-27 10:57:58.788 [info] > git check-ignore -v -z --stdin [6ms]
2023-07-27 10:57:59.923 [info] > git check-ignore -v -z --stdin [5ms]
2023-07-27 10:58:05.906 [info] > git check-ignore -v -z --stdin [3ms]
2023-07-27 10:58:08.612 [info] > git check-ignore -v -z --stdin [3ms]
2023-07-27 10:58:10.876 [info] > git check-ignore -v -z --stdin [3ms]
2023-07-27 10:58:12.528 [info] > git check-ignore -v -z --stdin [2ms]
2023-07-27 10:58:16.604 [info] > git check-ignore -v -z --stdin [2ms]
2023-07-27 10:58:17.124 [info] > git check-ignore -v -z --stdin [2ms]
2023-07-27 10:58:17.784 [info] > git check-ignore -v -z --stdin [3ms]
2023-07-27 10:58:18.305 [info] > git check-ignore -v -z --stdin [2ms]
2023-07-27 10:58:21.132 [info] > git check-ignore -v -z --stdin [2ms]
2023-07-27 10:58:22.477 [info] > git check-ignore -v -z --stdin [3ms]
2023-07-27 10:58:30.031 [info] > git check-ignore -v -z --stdin [14ms]
2023-07-27 10:58:30.033 [info] > git check-ignore -v -z --stdin [4ms]
2023-07-27 10:58:30.767 [info] > git check-ignore -v -z --stdin [2ms]
2023-07-27 10:58:32.699 [info] > git check-ignore -v -z --stdin [2ms]
2023-07-27 10:58:33.904 [info] > git check-ignore -v -z --stdin [3ms]
2023-07-27 10:58:36.188 [info] > git check-ignore -v -z --stdin [4ms]
2023-07-27 10:58:38.037 [info] > git check-ignore -v -z --stdin [9ms]
2023-07-27 10:58:38.829 [info] > git check-ignore -v -z --stdin [4ms]
2023-07-27 10:58:41.452 [info] > git check-ignore -v -z --stdin [6ms]
2023-07-27 10:58:46.088 [info] > git check-ignore -v -z --stdin [4ms]
2023-07-27 10:58:46.758 [info] > git check-ignore -v -z --stdin [4ms]
2023-07-27 10:58:49.519 [info] > git check-ignore -v -z --stdin [7ms]
2023-07-27 10:58:50.119 [info] > git check-ignore -v -z --stdin [6ms]
2023-07-27 10:58:51.930 [info] > git check-ignore -v -z --stdin [3ms]
2023-07-27 10:58:56.900 [info] > git check-ignore -v -z --stdin [4ms]
2023-07-27 10:58:59.752 [info] > git check-ignore -v -z --stdin [13ms]
2023-07-27 10:59:06.750 [info] > git check-ignore -v -z --stdin [7ms]
2023-07-27 10:59:10.679 [info] > git show --textconv :docs/html/classcudaFont-members.html [18ms]
2023-07-27 10:59:10.682 [info] > git ls-files --stage -- /home/nvidia/jetson-inference/docs/html/classcudaFont-members.html [8ms]
2023-07-27 10:59:10.696 [info] > git cat-file -s 15eacf7684b2e1b9f2352e7e9b4eeb22cc319dd6 [3ms]
2023-07-27 10:59:25.877 [info] > git show --textconv :docs/html/classcudaFont.html [18ms]
2023-07-27 10:59:25.880 [info] > git ls-files --stage -- /home/nvidia/jetson-inference/docs/html/classcudaFont.html [4ms]
2023-07-27 10:59:25.895 [info] > git cat-file -s bc345a2f8cc3b08f41dc74ced15f073d1411cc03 [4ms]
2023-07-27 10:59:34.686 [info] > git check-ignore -v -z --stdin [3ms]
2023-07-27 10:59:36.364 [info] > git show --textconv :docs/html/classcudaFont.js [19ms]
2023-07-27 10:59:36.367 [info] > git ls-files --stage -- /home/nvidia/jetson-inference/docs/html/classcudaFont.js [7ms]
2023-07-27 10:59:36.426 [info] > git cat-file -s 37bae49c87a35fab4e340b84538279d46837b386 [45ms]
2023-07-27 10:59:37.348 [info] > git show --textconv :docs/html/classcudaPointCloud-members.html [60ms]
2023-07-27 10:59:37.350 [info] > git ls-files --stage -- /home/nvidia/jetson-inference/docs/html/classcudaPointCloud-members.html [37ms]
2023-07-27 10:59:37.390 [info] > git cat-file -s 626c41e545134e647983ca6bfd4e8ac0e3e5a556 [5ms]
2023-07-27 10:59:43.939 [info] > git show --textconv :docs/html/classcudaPointCloud.html [15ms]
2023-07-27 10:59:43.943 [info] > git ls-files --stage -- /home/nvidia/jetson-inference/docs/html/classcudaPointCloud.html [6ms]
2023-07-27 10:59:43.959 [info] > git cat-file -s a5ef6f664908d780427164365696c7bee2aaf237 [3ms]
2023-07-27 10:59:46.048 [info] > git show --textconv :docs/html/classcudaPointCloud.js [15ms]
2023-07-27 10:59:46.051 [info] > git ls-files --stage -- /home/nvidia/jetson-inference/docs/html/classcudaPointCloud.js [4ms]
2023-07-27 10:59:46.068 [info] > git cat-file -s 06575a5309745a947db78dc19a25a8a5f9a02688 [4ms]
2023-07-27 10:59:50.986 [info] > git show --textconv :docs/html/classcudaFont-members.html [16ms]
2023-07-27 10:59:50.990 [info] > git ls-files --stage -- /home/nvidia/jetson-inference/docs/html/classcudaFont-members.html [6ms]
2023-07-27 10:59:51.006 [info] > git cat-file -s 15eacf7684b2e1b9f2352e7e9b4eeb22cc319dd6 [4ms]
2023-07-27 11:04:17.729 [info] > git check-ignore -v -z --stdin [3ms]
2023-07-27 11:04:18.852 [info] > git check-ignore -v -z --stdin [8ms]
2023-07-27 11:04:21.437 [info] > git check-ignore -v -z --stdin [3ms]
2023-07-27 11:04:23.472 [info] > git show --textconv :build/aarch64/bin/cuda-examples.py [17ms]
2023-07-27 11:04:23.482 [info] > git ls-files --stage -- /home/nvidia/jetson-inference/build/aarch64/bin/cuda-examples.py [11ms]
2023-07-27 11:11:11.460 [info] > git check-ignore -v -z --stdin [3ms]
2023-07-27 11:11:20.537 [info] > git check-ignore -v -z --stdin [6ms]
2023-07-27 11:11:25.266 [info] > git check-ignore -v -z --stdin [6ms]
2023-07-27 11:11:28.988 [info] > git check-ignore -v -z --stdin [26ms]
2023-07-27 11:12:20.971 [info] > git show --textconv :python/examples/detectnet.py [15ms]
2023-07-27 11:12:20.973 [info] > git ls-files --stage -- /home/nvidia/jetson-inference/python/examples/detectnet.py [4ms]
2023-07-27 11:12:20.990 [info] > git cat-file -s c1b0f70a234d986dc8e6030be9f766815a15acaf [4ms]
2023-07-27 11:12:58.143 [info] > git show --textconv :python/examples/detectnet-snap.py [16ms]
2023-07-27 11:12:58.146 [info] > git ls-files --stage -- /home/nvidia/jetson-inference/python/examples/detectnet-snap.py [4ms]
2023-07-27 11:12:58.162 [info] > git cat-file -s a9f5a34f152b798c064084afa58cbcf44d46c7c6 [3ms]
2023-07-27 11:13:48.145 [info] > git show --textconv :python/examples/depthnet.py [15ms]
2023-07-27 11:13:48.147 [info] > git ls-files --stage -- /home/nvidia/jetson-inference/python/examples/depthnet.py [3ms]
2023-07-27 11:13:48.163 [info] > git cat-file -s 6ceef06f4e09f43892401634f592097ccdd2f91e [3ms]
2023-07-27 11:13:54.967 [info] > git show --textconv :python/examples/detectnet.py [15ms]
2023-07-27 11:13:54.970 [info] > git ls-files --stage -- /home/nvidia/jetson-inference/python/examples/detectnet.py [3ms]
2023-07-27 11:13:54.986 [info] > git cat-file -s c1b0f70a234d986dc8e6030be9f766815a15acaf [3ms]
